---
title: ERP库SQL优化_69pjrmw9f4rbb_20170630
date: 2017-06-30
categories:
- workbook
tags:
- sql优化
---

### 一条SQL导致ERP库CPU资源占用很高
![](http://oligvdnzp.bkt.clouddn.com/0630_sql_tune_00.png)

### SQL语句
``` perl
SELECT decode(A.HSFS,0,'经销',1,'代销',3,'联营',5,'租赁') as 属性 , A.HTH 合同号 ,
(SELECT NAME
FROM HT_SPSB HP,SPSB
WHERE HP.SPSB=SPSB.SBID and HP.HTH=A.HTH AND HP.ZYBJ=1) AS 主营商标 , M.BMDM||M.DEPT_NAME as 部门名称 , C.CODE 供货单位代码 , C.NAME as 供货单位名称 , SUM(A.JCJE_HS) AS 库存金额 , SUM(A.XSJE+A.WRZXSJE+A.YHJE+A.WRZYHJE) AS 销售额 , SUM(A.XSSL+A.WRZXSSL) 销售数量 , SUM(A.XSCB+nvl(A.XSCB_YG,0)+nvl(A.WRZXSCB_CL,0)+nvl(A.WRZXSCB_YG,0)) AS 不含税销售成本 , SUM(A.XSCB_HS+nvl(A.XSCB_YG_HS,0)+nvl(A.WRZXSCB_CL_HS,0)+nvl(A.WRZXSCB_YG_HS,0)) AS 含税销售成本 , SUM(A.XSJE+A.WRZXSJE+A.YHJE+A.WRZYHJE-A.XSCB_HS-nvl(A.XSCB_YG_HS,0)-nvl(A.WRZXSCB_CL_HS,0)-nvl(A.WRZXSCB_YG_HS,0)) AS 毛利 , ROUND(TO_NUMBER(decode(SUM(A.XSJE+A.WRZXSJE+A.YHJE+A.WRZYHJE),0,0, SUM(A.XSJE+A.WRZXSJE+A.YHJE+A.WRZYHJE-A.XSCB_HS-nvl(A.XSCB_YG_HS,0)-nvl(A.WRZXSCB_CL_HS,0)-nvl(A.WRZXSCB_YG_HS,0)) /SUM(A.XSJE+A.WRZXSJE+A.YHJE+A.WRZYHJE)))*100,2) AS "毛利率%"
FROM GHDWJXCR A , BM B , WLDW C , BM M , HT H
WHERE B.DEPTID = A.DEPTID AND A.CODE = C.CODE AND A.HTH=H.HTH and A.DEPTID=B.DEPTID and substr(B.BMDM,1,8)=M.BMDM and length(M.BMDM)=8 and B.BMDM like '010202%' and A.RQ >=to_date('2017/6/1','yyyy-mm-dd') and A.RQ <=to_date('2017/6/29','yyyy-mm-dd') and B.FDBH in (2) and (B.FDBH in (1,2)) and ((B.BMDM like '0101020102%') or (B.BMDM like '0102020102%') or (B.BMDM like '01020202%')) GROUP BY M.BMDM,M.DEPT_NAME,C.CODE,C.NAME,A.HSFS,A.HTH
```

<!-- more -->
### 找出相关表，并查看未统计前表记录数
``` perl
col OBJECT_NAME for a30
select OBJECT_NAME,OBJECT_TYPE from dba_objects where OBJECT_NAME in 
  ('HT_SPSB','SPSB','GHDWJXCR','BM','WLDW','HT') and OWNER='BFBHDD9' order by 1;

OBJECT_NAME                    OBJECT_TYPE
------------------------------ -------------------
BM                             TABLE
GHDWJXCR                       TABLE
HT                             TABLE
HT_SPSB                        TABLE
SPSB                           TABLE
WLDW                           TABLE

select TABLE_NAME,NUM_ROWS from dba_tables 
where OWNER='BFBHDD9' and TABLE_NAME in 
     ('HT_SPSB','SPSB','GHDWJXCR','BM','WLDW','HT') order by 1;

TABLE_NAME                       NUM_ROWS
------------------------------ ----------
BM                                    614
GHDWJXCR                          1876197
HT                                  24626
HT_SPSB                             85169
SPSB                                14982
WLDW                                 6408
```

### 重新收集表的统计信息
``` perl
exec dbms_stats.gather_table_stats('BFBHDD9','BM',cascade=>true,method_opt=>'for all columns size 1');
exec dbms_stats.gather_table_stats('BFBHDD9','GHDWJXCR',cascade=>true,method_opt=>'for all columns size 1');
exec dbms_stats.gather_table_stats('BFBHDD9','HT',cascade=>true,method_opt=>'for all columns size 1');
exec dbms_stats.gather_table_stats('BFBHDD9','HT_SPSB',cascade=>true,method_opt=>'for all columns size 1');
exec dbms_stats.gather_table_stats('BFBHDD9','SPSB',cascade=>true,method_opt=>'for all columns size 1');
exec dbms_stats.gather_table_stats('BFBHDD9','WLDW',cascade=>true,method_opt=>'for all columns size 1');

# 查看统计后表记录信息 - 差别不大
select TABLE_NAME,NUM_ROWS from dba_tables 
where OWNER='BFBHDD9' and TABLE_NAME in 
     ('HT_SPSB','SPSB','GHDWJXCR','BM','WLDW','HT') order by 1;
TABLE_NAME                       NUM_ROWS
------------------------------ ----------
BM                                    614
GHDWJXCR                          1901905
HT                                  24673
HT_SPSB                             85774
SPSB                                14990
WLDW                                 6414
```

### 根据SQL_ID生成优化建议报告
``` perl
set serveroutput on
declare
l_tuning_task varchar2(30);
begin
 l_tuning_task := dbms_sqltune.create_tuning_task(sql_id => '&SQL_ID');
 dbms_sqltune.execute_tuning_task(l_tuning_task);
 dbms_output.put_line(l_tuning_task);
end;
/

Enter value for sql_id: 69pjrmw9f4rbb
old   4:  l_tuning_task := dbms_sqltune.create_tuning_task(sql_id => '&SQL_ID');
new   4:  l_tuning_task := dbms_sqltune.create_tuning_task(sql_id => '69pjrmw9f4rbb');
TASK_29854

PL/SQL procedure successfully completed.
```

### 生成并查看优化建议报告
``` perl
set long 10000
select dbms_sqltune.report_tuning_task('TASK_29854') as re from dual;
```

优化建议报告：
``` perl
GENERAL INFORMATION SECTION
-------------------------------------------------------------------------------
Tuning Task Name   : TASK_29854
Tuning Task Owner  : SYS
Workload Type      : Single SQL Statement
Scope              : COMPREHENSIVE
Time Limit(seconds): 1800
Completion Status  : COMPLETED
Started at         : 06/30/2017 09:12:53
Completed at       : 06/30/2017 09:13:31

-------------------------------------------------------------------------------
Schema Name: BFBHDD9
SQL ID     : 69pjrmw9f4rbb
SQL Text   : SELECT decode(A.HSFS,0,'经销',1,'代销',3,'联营',5,'租赁') as 属性 , A.HTH
             合同号 , (SELECT NAME FROM HT_SPSB HP,SPSB WHERE HP.SPSB=SPSB.SBID
             and HP.HTH=A.HTH AND HP.ZYBJ=1) AS 主营商标 , M.BMDM||M.DEPT_NAME as
             部门名称 , C.CODE 供货单位代码 , C.NAME as 供货单位名称 , SUM(A.JCJE_HS) AS 库存金额
             , SUM(A.XSJE+A.WRZXSJE+A.YHJE+A.WRZYHJE) AS 销售额 ,
             SUM(A.XSSL+A.WRZXSSL) 销售数量 , SUM(A.XSCB+nvl(A.XSCB_YG,0)+nvl(A.WR
             ZXSCB_CL,0)+nvl(A.WRZXSCB_YG,0)) AS 不含税销售成本 ,
             SUM(A.XSCB_HS+nvl(A.XSCB_YG_HS,0)+nvl(A.WRZXSCB_CL_HS,0)+nvl(A.WR
             ZXSCB_YG_HS,0)) AS 含税销售成本 , SUM(A.XSJE+A.WRZXSJE+A.YHJE+A.WRZYHJE
             -A.XSCB_HS-nvl(A.XSCB_YG_HS,0)-nvl(A.WRZXSCB_CL_HS,0)-nvl(A.WRZXS
             CB_YG_HS,0)) AS 毛利 , ROUND(TO_NUMBER(decode(SUM(A.XSJE+A.WRZXSJE+
             A.YHJE+A.WRZYHJE),0,0, SUM(A.XSJE+A.WRZXSJE+A.YHJE+A.WRZYHJE-A.XS
             CB_HS-nvl(A.XSCB_YG_HS,0)-nvl(A.WRZXSCB_CL_HS,0)-nvl(A.WRZXSCB_YG
             _HS,0)) /SUM(A.XSJE+A.WRZXSJE+A.YHJE+A.WRZYHJE)))*100,2) AS
             "毛利率%"  FROM GHDWJXCR A , BM B , WLDW C , BM M , HT H WHERE 
             B.DEPTID = A.DEPTID AND A.CODE = C.CODE AND A.HTH=H.HTH   and
             A.DEPTID=B.DEPTID and substr(B.BMDM,1,8)=M.BMDM and
             length(M.BMDM)=8 and B.BMDM like '010202%' and A.RQ
             >=to_date('2017/6/1','yyyy-mm-dd') and A.RQ
             <=to_date('2017/6/29','yyyy-mm-dd') and B.FDBH in (2) and
             (B.FDBH in  (1,2))  and ((B.BMDM like '0101020102%') or  (B.BMDM
             like '0102020102%') or  (B.BMDM like '01020202%')) GROUP BY
             M.BMDM,M.DEPT_NAME,C.CODE,C.NAME,A.HSFS,A.HTH   

-------------------------------------------------------------------------------
FINDINGS SECTION (2 findings)
-------------------------------------------------------------------------------

1- SQL Profile Finding (see explain plans section below)
--------------------------------------------------------
  为此语句找到了性能更好的执行计划。

  Recommendation (estimated benefit: 99.04%)
  ------------------------------------------
  - 考虑接受推荐的 SQL 概要文件。
    execute dbms_sqltune.accept_sql_profile(task_name => 'TASK_29854',
            task_owner => 'SYS', replace => TRUE);

  Validation results
  ------------------
  已对 SQL profile 进行测试, 方法为执行其计划和原始计划并测量与计划相对应的执行统计信息。如果其中一个计划运行在很短的时间内就完成,
  则另一计划可能只执行了一部分。

                           Original Plan  With SQL Profile  % Improved
                           -------------  ----------------  ----------
  Completion Status:             PARTIAL          COMPLETE
  Elapsed Time (s):           15.872458           .100091      99.36 %
  CPU Time (s):               15.838591           .099884      99.36 %
  User I/O Time (s):                  0                 0 
  Buffer Gets:                  1550335             14883      99.04 %
  Physical Read Requests:             0                 0 
  Physical Write Requests:            0                 0 
  Physical Read Bytes:                0                 0 
  Physical Write Bytes:               0                 0 
  Rows Processed:                     0               115 
  Fetches:                            0               115 
  Executions:                         0                 1 

  Notes
  -----
  1. the original plan 的统计信息是 0 执行的平均值。
  2. the SQL profile plan 的统计信息是 10 执行的平均值。

2- Index Finding (see explain plans section below)
--------------------------------------------------
  通过创建一个或多个索引可以改进此语句的执行计划。

  Recommendation (estimated benefit: 98.2%)
  -----------------------------------------
  - 考虑运行可以改进物理方案设计的访问指导或者创建推荐的索引。
    create index BFBHDD9.IDX$$_749E0001 on
    BFBHDD9.HT_SPSB("ZYBJ","HTH","SPSB");

  Rationale
  ---------
    创建推荐的索引可以显著地改进此语句的执行计划。但是, 使用典型的 SQL 工作量运行 "访问指导"
    可能比单个语句更可取。通过这种方法可以获得全面的索引建议案, 包括计算索引维护的开销和附加的空间消耗。

-------------------------------------------------------------------------------
EXPLAIN PLANS SECTION
-------------------------------------------------------------------------------

1- Original With Adjusted Cost
------------------------------
Plan hash value: 4119549298

--------------------------------------------------------------------------------------------------
| Id  | Operation                          | Name        | Rows  | Bytes | Cost (%CPU)| Time     |
--------------------------------------------------------------------------------------------------
|   0 | SELECT STATEMENT                   |             |  4030 |   637K|   199M  (1)|664:11:06 |
|   1 |  NESTED LOOPS                      |             |     1 |    25 |     4   (0)| 00:00:01 |
|   2 |   NESTED LOOPS                     |             |     1 |    25 |     4   (0)| 00:00:01 |
|*  3 |    TABLE ACCESS BY INDEX ROWID     | HT_SPSB     |     1 |    13 |     3   (0)| 00:00:01 |
|*  4 |     INDEX RANGE SCAN               | PK_HT_SPSB  |     3 |       |     2   (0)| 00:00:01 |
|*  5 |    INDEX UNIQUE SCAN               | PK_ZS_SPSB  |     1 |       |     0   (0)| 00:00:01 |
|   6 |   TABLE ACCESS BY INDEX ROWID      | SPSB        |     1 |    12 |     1   (0)| 00:00:01 |
|   7 |  HASH GROUP BY                     |             |  4030 |   637K|   199M  (1)|664:11:06 |
|   8 |   NESTED LOOPS                     |             |  4030 |   637K|   199M  (1)|664:11:06 |
|   9 |    NESTED LOOPS                    |             |  4030 |   637K|   199M  (1)|664:11:06 |
|  10 |     NESTED LOOPS                   |             |  4030 |   511K|   199M  (1)|664:10:18 |
|  11 |      MERGE JOIN CARTESIAN          |             |   541K|    25M|   406   (1)| 00:00:05 |
|  12 |       NESTED LOOPS                 |             |    22 |   946 |    31   (0)| 00:00:01 |
|  13 |        NESTED LOOPS                |             |    22 |   946 |    31   (0)| 00:00:01 |
|* 14 |         TABLE ACCESS BY INDEX ROWID| BM          |    22 |   462 |     9   (0)| 00:00:01 |
|* 15 |          INDEX RANGE SCAN          | BM_BMDM     |    22 |       |     2   (0)| 00:00:01 |
|* 16 |         INDEX UNIQUE SCAN          | BM_BMDM     |     1 |       |     0   (0)| 00:00:01 |
|  17 |        TABLE ACCESS BY INDEX ROWID | BM          |     1 |    22 |     1   (0)| 00:00:01 |
|  18 |       BUFFER SORT                  |             | 24635 |   144K|   405   (1)| 00:00:05 |
|  19 |        INDEX FAST FULL SCAN        | PK_HT       | 24635 |   144K|    17   (0)| 00:00:01 |
|  20 |      TABLE ACCESS BY INDEX ROWID   | GHDWJXCR    |     1 |    81 |   369   (1)| 00:00:05 |
|* 21 |       INDEX RANGE SCAN             | PK_GHDWJXCR |     1 |       |   368   (1)| 00:00:05 |
|* 22 |     INDEX UNIQUE SCAN              | PK_ZS_WLDW  |     1 |       |     0   (0)| 00:00:01 |
|  23 |    TABLE ACCESS BY INDEX ROWID     | WLDW        |     1 |    32 |     1   (0)| 00:00:01 |
--------------------------------------------------------------------------------------------------
 
Predicate Information (identified by operation id):
---------------------------------------------------
 
   3 - filter("HP"."ZYBJ"=1)
   4 - access("HP"."HTH"=:B1)
   5 - access("HP"."SPSB"="SPSB"."SBID")
  14 - filter("B"."FDBH"=2)
  15 - access("B"."BMDM" LIKE '010202%')
       filter("B"."BMDM" LIKE '010202%' AND ("B"."BMDM" LIKE '0101020102%' OR "B"."BMDM" 
              LIKE '0102020102%' OR "B"."BMDM" LIKE '01020202%'))
  16 - access("M"."BMDM"=SUBSTR("B"."BMDM",1,8))
       filter(LENGTH("M"."BMDM")=8)
  21 - access("A"."RQ">=TO_DATE(' 2017-06-01 00:00:00', 'syyyy-mm-dd hh24:mi:ss') AND 
              "B"."DEPTID"="A"."DEPTID" AND "A"."HTH"="H"."HTH" AND "A"."RQ"<=TO_DATE(' 2017-06-29 
              00:00:00', 'syyyy-mm-dd hh24:mi:ss'))
       filter("B"."DEPTID"="A"."DEPTID" AND "A"."HTH"="H"."HTH")
  22 - access("A"."CODE"="C"."CODE")

2- Using SQL Profile
--------------------
Plan hash value: 618610747

------------------------------------------------------------------------------------------------
| Id  | Operation                        | Name        | Rows  | Bytes | Cost (%CPU)| Time     |
------------------------------------------------------------------------------------------------
|   0 | SELECT STATEMENT                 |             |  4030 |   637K|  9822   (1)| 00:01:58 |
|   1 |  NESTED LOOPS                    |             |     1 |    25 |     4   (0)| 00:00:01 |
|   2 |   NESTED LOOPS                   |             |     1 |    25 |     4   (0)| 00:00:01 |
|*  3 |    TABLE ACCESS BY INDEX ROWID   | HT_SPSB     |     2 |    26 |     3   (0)| 00:00:01 |
|*  4 |     INDEX RANGE SCAN             | PK_HT_SPSB  |     3 |       |     2   (0)| 00:00:01 |
|*  5 |    INDEX UNIQUE SCAN             | PK_ZS_SPSB  |     1 |       |     0   (0)| 00:00:01 |
|   6 |   TABLE ACCESS BY INDEX ROWID    | SPSB        |     1 |    12 |     1   (0)| 00:00:01 |
|   7 |  HASH GROUP BY                   |             |  4030 |   637K|  9822   (1)| 00:01:58 |
|   8 |   NESTED LOOPS                   |             |  4030 |   637K|  9821   (1)| 00:01:58 |
|*  9 |    HASH JOIN                     |             |   343 | 53508 |  9821   (1)| 00:01:58 |
|* 10 |     TABLE ACCESS FULL            | BM          |    49 |  1078 |     5   (0)| 00:00:01 |
|* 11 |     HASH JOIN                    |             |  4294 |   561K|  9816   (1)| 00:01:58 |
|  12 |      TABLE ACCESS FULL           | WLDW        |  6414 |   200K|    68   (0)| 00:00:01 |
|  13 |      NESTED LOOPS                |             |  4294 |   427K|  9748   (1)| 00:01:57 |
|  14 |       NESTED LOOPS               |             |  5456 |   427K|  9748   (1)| 00:01:57 |
|* 15 |        TABLE ACCESS FULL         | BM          |    22 |   462 |     5   (0)| 00:00:01 |
|* 16 |        INDEX RANGE SCAN          | PK_GHDWJXCR |   248 |       |   368   (1)| 00:00:05 |
|  17 |       TABLE ACCESS BY INDEX ROWID| GHDWJXCR    |   195 | 15795 |   589   (1)| 00:00:08 |
|* 18 |    INDEX UNIQUE SCAN             | PK_HT       |    12 |    72 |     0   (0)| 00:00:01 |
------------------------------------------------------------------------------------------------
 
Predicate Information (identified by operation id):
---------------------------------------------------
 
   3 - filter("HP"."ZYBJ"=1)
   4 - access("HP"."HTH"=:B1)
   5 - access("HP"."SPSB"="SPSB"."SBID")
   9 - access("M"."BMDM"=SUBSTR("B"."BMDM",1,8))
  10 - filter(LENGTH("M"."BMDM")=8)
  11 - access("A"."CODE"="C"."CODE")
  15 - filter("B"."FDBH"=2 AND "B"."BMDM" LIKE '010202%' AND ("B"."BMDM" LIKE 
              '0101020102%' OR "B"."BMDM" LIKE '0102020102%' OR "B"."BMDM" LIKE '01020202%'))
  16 - access("A"."RQ">=TO_DATE(' 2017-06-01 00:00:00', 'syyyy-mm-dd hh24:mi:ss') AND 
              "B"."DEPTID"="A"."DEPTID" AND "A"."RQ"<=TO_DATE(' 2017-06-29 00:00:00', 'syyyy-mm-dd 
              hh24:mi:ss'))
       filter("B"."DEPTID"="A"."DEPTID")
  18 - access("A"."HTH"="H"."HTH")

3- Using New Indices
--------------------
Plan hash value: 3050436708

----------------------------------------------------------------------------------------------------------------------------------------------
| Id  | Operation                              | Name           | Rows  | Bytes |TempSpc| Cost (%CPU)| Time     |    TQ  |IN-OUT| PQ Distrib |
----------------------------------------------------------------------------------------------------------------------------------------------
|   0 | SELECT STATEMENT                       |                | 57571 |  9107K|       |   176   (1)| 00:00:03 |        |      |            |
|   1 |  NESTED LOOPS                          |                |     1 |    25 |       |     2   (0)| 00:00:01 |        |      |            |
|   2 |   NESTED LOOPS                         |                |     1 |    25 |       |     2   (0)| 00:00:01 |        |      |            |
|*  3 |    INDEX RANGE SCAN                    | IDX$$_749E0001 |     2 |    26 |       |     2   (0)| 00:00:01 |        |      |            |
|*  4 |    INDEX UNIQUE SCAN                   | PK_ZS_SPSB     |     1 |       |       |     0   (0)| 00:00:01 |        |      |            |
|   5 |   TABLE ACCESS BY INDEX ROWID          | SPSB           |     1 |    12 |       |     0   (0)| 00:00:01 |        |      |            |
|   6 |  PX COORDINATOR                        |                |       |       |       |            |          |        |      |            |
|   7 |   PX SEND QC (RANDOM)                  | :TQ10004       | 57571 |  9107K|       |   176   (1)| 00:00:03 |  Q1,04 | P->S | QC (RAND)  |
|   8 |    HASH GROUP BY                       |                | 57571 |  9107K|  9608K|   176   (1)| 00:00:03 |  Q1,04 | PCWP |            |
|   9 |     NESTED LOOPS                       |                | 57571 |  9107K|       |   175   (0)| 00:00:03 |  Q1,04 | PCWP |            |
|* 10 |      HASH JOIN                         |                |  4895 |   745K|       |   175   (0)| 00:00:03 |  Q1,04 | PCWP |            |
|  11 |       PX RECEIVE                       |                |   700 | 15400 |       |     2   (0)| 00:00:01 |  Q1,04 | PCWP |            |
|  12 |        PX SEND HASH                    | :TQ10002       |   700 | 15400 |       |     2   (0)| 00:00:01 |  Q1,02 | P->P | HASH       |
|  13 |         PX BLOCK ITERATOR              |                |   700 | 15400 |       |     2   (0)| 00:00:01 |  Q1,02 | PCWC |            |
|* 14 |          TABLE ACCESS FULL             | BM             |   700 | 15400 |       |     2   (0)| 00:00:01 |  Q1,02 | PCWP |            |
|  15 |       PX RECEIVE                       |                |  4294 |   561K|       |   173   (0)| 00:00:03 |  Q1,04 | PCWP |            |
|  16 |        PX SEND HASH                    | :TQ10003       |  4294 |   561K|       |   173   (0)| 00:00:03 |  Q1,03 | P->P | HASH       |
|* 17 |         HASH JOIN BUFFERED             |                |  4294 |   561K|       |   173   (0)| 00:00:03 |  Q1,03 | PCWP |            |
|  18 |          PX RECEIVE                    |                |  4294 |   427K|       |   171   (0)| 00:00:03 |  Q1,03 | PCWP |            |
|  19 |           PX SEND HASH                 | :TQ10000       |  4294 |   427K|       |   171   (0)| 00:00:03 |  Q1,00 | P->P | HASH       |
|  20 |            NESTED LOOPS                |                |  4294 |   427K|       |   171   (0)| 00:00:03 |  Q1,00 | PCWP |            |
|  21 |             NESTED LOOPS               |                |  5456 |   427K|       |   171   (0)| 00:00:03 |  Q1,00 | PCWP |            |
|  22 |              PX BLOCK ITERATOR         |                |       |       |       |            |          |  Q1,00 | PCWC |            |
|* 23 |               TABLE ACCESS FULL        | BM             |    22 |   462 |       |     2   (0)| 00:00:01 |  Q1,00 | PCWP |            |
|* 24 |              INDEX RANGE SCAN          | PK_GHDWJXCR    |   248 |       |       |     6   (0)| 00:00:01 |  Q1,00 | PCWP |            |
|  25 |             TABLE ACCESS BY INDEX ROWID| GHDWJXCR       |   195 | 15795 |       |    10   (0)| 00:00:01 |  Q1,00 | PCWP |            |
|  26 |          PX RECEIVE                    |                |  6414 |   200K|       |     2   (0)| 00:00:01 |  Q1,03 | PCWP |            |
|  27 |           PX SEND HASH                 | :TQ10001       |  6414 |   200K|       |     2   (0)| 00:00:01 |  Q1,01 | P->P | HASH       |
|  28 |            PX BLOCK ITERATOR           |                |  6414 |   200K|       |     2   (0)| 00:00:01 |  Q1,01 | PCWC |            |
|  29 |             TABLE ACCESS FULL          | WLDW           |  6414 |   200K|       |     2   (0)| 00:00:01 |  Q1,01 | PCWP |            |
|* 30 |      INDEX UNIQUE SCAN                 | PK_HT          |    12 |    72 |       |     0   (0)| 00:00:01 |  Q1,04 | PCWP |            |
----------------------------------------------------------------------------------------------------------------------------------------------
 
Predicate Information (identified by operation id):
---------------------------------------------------
 
   3 - access("HP"."ZYBJ"=1 AND "HP"."HTH"=:B1)
   4 - access("HP"."SPSB"="SPSB"."SBID")
  10 - access("M"."BMDM"=SUBSTR("B"."BMDM",1,8))
  14 - filter(LENGTH("M"."BMDM")=8)
  17 - access("A"."CODE"="C"."CODE")
  23 - filter("B"."FDBH"=2 AND "B"."BMDM" LIKE '010202%' AND ("B"."BMDM" LIKE '0101020102%' OR "B"."BMDM" LIKE '0102020102%' OR 
              "B"."BMDM" LIKE '01020202%'))
  24 - access("A"."RQ">=TO_DATE(' 2017-06-01 00:00:00', 'syyyy-mm-dd hh24:mi:ss') AND "B"."DEPTID"="A"."DEPTID" AND 
              "A"."RQ"<=TO_DATE(' 2017-06-29 00:00:00', 'syyyy-mm-dd hh24:mi:ss'))
       filter("B"."DEPTID"="A"."DEPTID")
  30 - access("A"."HTH"="H"."HTH")

-------------------------------------------------------------------------------
```

下图是在OEM中显示的优化对比分析，更为直观
![](http://oligvdnzp.bkt.clouddn.com/0630_sql_tune_01.png)

### 结合优化建议报告手动执行优化
``` perl
create index BFBHDD9.IDX$$_749E0001 on BFBHDD9.HT_SPSB("ZYBJ","HTH","SPSB") TABLESPACE "JXC_INDEX";
```
