---
title: ERP库SQL优化_0yshabrrt34af_20170703
date: 2017-07-03
categories:
- workbook
tags:
- sql优化
---

### SQL语句
``` perl
SELECT G.SB 品牌ID , S.NAME 品牌名称 , M.BMDM 部门ID , M.DEPT_NAME 部门名称 , SUM(G.XSJE+G.WRZXSJE+G.YHJE+G.WRZYHJE) 销售金额含券原值 , SUM(G.XSJE+G.WRZXSJE+G.YHJE+G.WRZYHJE-G.XSCB_HS-nvl(G.XSCB_YG_HS,0)-nvl(G.WRZXSCB_CL_HS,0)-nvl(G.WRZXSCB_YG_HS,0)) 销售毛利含券原值 , SUM(G.XSSL) 销售数量 , SUM(G.WRZXSSL) 未入账销售数量 , 0 件单价 , 0 全部满储券满减券流水 , 0 正柜满储券满减券流水
FROM SPZHSJR G , SPSB S , BM B , BM M
WHERE G.SB=S.SBID AND G.DEPTID=B.DEPTID and substr(B.BMDM,1,8)=M.BMDM and length(M.BMDM)=8 and G.FDBH in (1) and (G.FDBH in (1)) and G.FDBH=1 and B.BMDM like '01010104%' and G.RQ >=to_date('2017/6/1','yyyy-mm-dd') and G.RQ <= to_date('2017/6/30','yyyy-mm-dd') and ((B.BMDM like '0101010401%') or (B.BMDM like '0101010402%') or (B.BMDM like '0101010403%') or (B.BMDM like '0101010404%') or (B.BMDM like '0101010405%')) group by G.SB,S.NAME,M.BMDM,M.DEPT_NAME having (SUM(G.XSJE+G.WRZXSJE+G.YHJE+G.WRZYHJE)<>0 OR SUM(nvl(G.XSCB_HS,0)+nvl(G.XSCB_YG_HS,0)+nvl(G.WRZXSCB_CL_HS,0)+nvl(G.WRZXSCB_YG_HS,0))<>0) ORDER BY G.SB,S.NAME,M.BMDM,M.DEPT_NAME
```

<!-- more -->
### 找出相关表，并查看未统计前表记录数
``` perl
col OBJECT_NAME for a30
select OBJECT_NAME,OBJECT_TYPE from dba_objects where OBJECT_NAME in 
  ('SPZHSJR','SPSB','BM') and OWNER in ('BFBHDD9','BFPUB9') order by 1;

OBJECT_NAME                    OBJECT_TYPE
------------------------------ -------------------
BM                             TABLE
SPSB                           TABLE
SPZHSJR                        TABLE

select OWNER,TABLE_NAME,NUM_ROWS from dba_tables 
where OWNER in ('BFBHDD9','BFPUB9') and TABLE_NAME in 
    ('SPZHSJR','SPSB','BM') order by 1,2;

OWNER                          TABLE_NAME                       NUM_ROWS
------------------------------ ------------------------------ ----------
BFBHDD9                        BM                                    614
BFBHDD9                        SPSB                                14990
BFBHDD9                        SPZHSJR                          10318114
```

### 重新收集表的统计信息
``` perl
exec dbms_stats.gather_table_stats('BFBHDD9','BM',cascade=>true,method_opt=>'for all columns size 1');
exec dbms_stats.gather_table_stats('BFBHDD9','SPSB',cascade=>true,method_opt=>'for all columns size 1');
exec dbms_stats.gather_table_stats('BFBHDD9','SPZHSJR',cascade=>true,method_opt=>'for all columns size 1');

# 查看统计后表记录信息 - 差别不大
select OWNER,TABLE_NAME,NUM_ROWS from dba_tables 
where OWNER in ('BFBHDD9','BFPUB9') and TABLE_NAME in 
    ('SPZHSJR','SPSB','BM') order by 1,2;
OWNER                          TABLE_NAME                       NUM_ROWS
------------------------------ ------------------------------ ----------
BFBHDD9                        BM                                    614
BFBHDD9                        SPSB                                15001
BFBHDD9                        SPZHSJR                          10489592
```

### 根据SQL_ID生成优化建议报告
``` perl
set serveroutput on
declare
l_tuning_task varchar2(30);
begin
 l_tuning_task := dbms_sqltune.create_tuning_task(sql_id => '&SQL_ID');
 dbms_sqltune.execute_tuning_task(l_tuning_task);
 dbms_output.put_line(l_tuning_task);
end;
/

Enter value for sql_id: 0yshabrrt34af
old   4:  l_tuning_task := dbms_sqltune.create_tuning_task(sql_id => '&SQL_ID');
new   4:  l_tuning_task := dbms_sqltune.create_tuning_task(sql_id => '0yshabrrt34af');
TASK_29951

PL/SQL procedure successfully completed.
```

### 生成并查看优化建议报告
``` perl
set long 10000
select dbms_sqltune.report_tuning_task('TASK_29951') as re from dual;
```

优化建议报告：
``` perl
GENERAL INFORMATION SECTION
-------------------------------------------------------------------------------
Tuning Task Name   : TASK_29951
Tuning Task Owner  : SYS
Workload Type      : Single SQL Statement
Scope              : COMPREHENSIVE
Time Limit(seconds): 1800
Completion Status  : COMPLETED
Started at         : 07/03/2017 14:53:28
Completed at       : 07/03/2017 14:54:00

-------------------------------------------------------------------------------
Schema Name: BFBHDD9
SQL ID     : 0yshabrrt34af
SQL Text   : SELECT G.SB 品牌ID , S.NAME 品牌名称 , M.BMDM 部门ID , M.DEPT_NAME 部门名称
             , SUM(G.XSJE+G.WRZXSJE+G.YHJE+G.WRZYHJE) 销售金额含券原值 ,
             SUM(G.XSJE+G.WRZXSJE+G.YHJE+G.WRZYHJE-G.XSCB_HS-nvl(G.XSCB_YG_HS,
             0)-nvl(G.WRZXSCB_CL_HS,0)-nvl(G.WRZXSCB_YG_HS,0)) 销售毛利含券原值 ,
             SUM(G.XSSL) 销售数量 , SUM(G.WRZXSSL) 未入账销售数量 , 0 件单价 , 0 全部满储券满减券流水
             , 0 正柜满储券满减券流水  FROM SPZHSJR G , SPSB S , BM B , BM M WHERE 
             G.SB=S.SBID AND G.DEPTID=B.DEPTID  and substr(B.BMDM,1,8)=M.BMDM
             and length(M.BMDM)=8 and G.FDBH in (1) and (G.FDBH in  (1)) and
             G.FDBH=1 and B.BMDM like '01010104%' and G.RQ
             >=to_date('2017/6/1','yyyy-mm-dd') and G.RQ <=
             to_date('2017/6/30','yyyy-mm-dd')  and ((B.BMDM like
             '0101010401%') or  (B.BMDM like '0101010402%') or  (B.BMDM like
             '0101010403%') or  (B.BMDM like '0101010404%') or  (B.BMDM like
             '0101010405%')) group by G.SB,S.NAME,M.BMDM,M.DEPT_NAME   having
             (SUM(G.XSJE+G.WRZXSJE+G.YHJE+G.WRZYHJE)<>0 OR
             SUM(nvl(G.XSCB_HS,0)+nvl(G.XSCB_YG_HS,0)+nvl(G.WRZXSCB_CL_HS,0)+n
             vl(G.WRZXSCB_YG_HS,0))<>0)  ORDER BY
             G.SB,S.NAME,M.BMDM,M.DEPT_NAME  

-------------------------------------------------------------------------------
FINDINGS SECTION (2 findings)
-------------------------------------------------------------------------------

1- SQL Profile Finding (see explain plans section below)
--------------------------------------------------------
  为此语句找到了性能更好的执行计划 2。选择以下 SQL 概要文件之一进行实施。

  Recommendation (estimated benefit: 97.01%)
  ------------------------------------------
  - 考虑接受推荐的 SQL 概要文件。
    execute dbms_sqltune.accept_sql_profile(task_name => 'TASK_29951',
            task_owner => 'SYS', replace => TRUE);

  Validation results
  ------------------
  已对 SQL profile 进行测试, 方法为执行其计划和原始计划并测量与计划相对应的执行统计信息。如果其中一个计划运行在很短的时间内就完成,
  则另一计划可能只执行了一部分。

                           Original Plan  With SQL Profile  % Improved
                           -------------  ----------------  ----------
  Completion Status:             PARTIAL          COMPLETE
  Elapsed Time (s):           15.832323           .406971      97.42 %
  CPU Time (s):               15.764603           .405938      97.42 %
  User I/O Time (s):                  0                 0 
  Buffer Gets:                   915647             27358      97.01 %
  Physical Read Requests:             0                 0 
  Physical Write Requests:            0                 0 
  Physical Read Bytes:                0                 0 
  Physical Write Bytes:               0                 0 
  Rows Processed:                     0                69 
  Fetches:                            0                69 
  Executions:                         0                 1 

  Notes
  -----
  1. the original plan 的统计信息是 0 执行的平均值。
  2. the SQL profile plan 的统计信息是 3 执行的平均值。

  Recommendation (estimated benefit: 99.99%)
  ------------------------------------------
  - 考虑接受建议的 SQL 概要文件, 以便对此语句使用并行执行。
    execute dbms_sqltune.accept_sql_profile(task_name => 'TASK_29951',
            task_owner => 'SYS', replace => TRUE, profile_type =>
            DBMS_SQLTUNE.PX_PROFILE);

  与 DOP 64 并行执行此查询会使 SQL 概要文件计划上的响应时间缩短 98.24%。但是, 启用并行执行时要付出一些代价。它将增加语句的资源消耗
  (预计为 12.39%), 这会导致系统吞吐量降低。此外, 由于在非常短的持续时间内消耗了这些资源, 因此如果没有足够可用的硬件容量,
  并发语句的响应时间将受到负面影响。

  The following data shows some sampled statistics for this SQL from the past
  week and projected weekly values when parallel execution is enabled.

                                 Past week sampled statistics for this SQL
                                 -----------------------------------------
  Number of executions                                                   0 
  Percent of total activity                                              0 
  Percent of samples with #Active Sessions > 2*CPU                       0 
  Weekly DB time (in sec)                                                0 

                              Projected statistics with Parallel Execution
                              --------------------------------------------
  Weekly DB time (in sec)                                                0 

2- Index Finding (see explain plans section below)
--------------------------------------------------
  通过创建一个或多个索引可以改进此语句的执行计划。

  Recommendation (estimated benefit: 99.1%)
  -----------------------------------------
  - 考虑运行可以改进物理方案设计的访问指导或者创建推荐的索引。
    create index BFBHDD9.IDX$$_74FF0001 on
    BFBHDD9.SPZHSJR("FDBH","RQ","SB","DEPTID");

  Rationale
  ---------
    创建推荐的索引可以显著地改进此语句的执行计划。但是, 使用典型的 SQL 工作量运行 "访问指导"
    可能比单个语句更可取。通过这种方法可以获得全面的索引建议案, 包括计算索引维护的开销和附加的空间消耗。

-------------------------------------------------------------------------------
EXPLAIN PLANS SECTION
-------------------------------------------------------------------------------

1- Original With Adjusted Cost
------------------------------
Plan hash value: 1326882631

----------------------------------------------------------------------------------------------------
| Id  | Operation                         | Name           | Rows  | Bytes | Cost (%CPU)| Time     |
----------------------------------------------------------------------------------------------------
|   0 | SELECT STATEMENT                  |                |   277 | 29085 |   350M  (1)|999:59:59 |
|*  1 |  FILTER                           |                |       |       |            |          |
|   2 |   SORT GROUP BY                   |                |   277 | 29085 |   350M  (1)|999:59:59 |
|   3 |    NESTED LOOPS                   |                |  2833 |   290K|   350M  (1)|999:59:59 |
|   4 |     NESTED LOOPS                  |                |   225K|   290K|   350M  (1)|999:59:59 |
|   5 |      MERGE JOIN CARTESIAN         |                |   225K|    11M|   444   (1)| 00:00:06 |
|   6 |       NESTED LOOPS                |                |    15 |   600 |    22   (0)| 00:00:01 |
|   7 |        TABLE ACCESS BY INDEX ROWID| BM             |    15 |   270 |     7   (0)| 00:00:01 |
|*  8 |         INDEX RANGE SCAN          | BM_BMDM        |    15 |       |     2   (0)| 00:00:01 |
|*  9 |        INDEX RANGE SCAN           | IDX$$_74A00001 |     1 |    22 |     1   (0)| 00:00:01 |
|  10 |       BUFFER SORT                 |                | 15001 |   175K|   443   (1)| 00:00:06 |
|  11 |        TABLE ACCESS FULL          | SPSB           | 15001 |   175K|    28   (0)| 00:00:01 |
|* 12 |      INDEX RANGE SCAN             | SPZHSJR_SBBM   |     1 |       |  1559   (1)| 00:00:19 |
|* 13 |     TABLE ACCESS BY INDEX ROWID   | SPZHSJR        |     1 |    53 |  1560   (1)| 00:00:19 |
----------------------------------------------------------------------------------------------------
 
Predicate Information (identified by operation id):
---------------------------------------------------
 
   1 - filter(SUM("G"."XSJE"+"G"."WRZXSJE"+"G"."YHJE"+"G"."WRZYHJE")<>0 OR 
              SUM(NVL("G"."XSCB_HS",0)+NVL("G"."XSCB_YG_HS",0)+NVL("G"."WRZXSCB_CL_HS",0)+NVL("G"."WRZXSCB
              _YG_HS",0))<>0)
   8 - access("B"."BMDM" LIKE '01010104%')
       filter("B"."BMDM" LIKE '01010104%' AND ("B"."BMDM" LIKE '0101010401%' OR "B"."BMDM" 
              LIKE '0101010402%' OR "B"."BMDM" LIKE '0101010403%' OR "B"."BMDM" LIKE '0101010404%' OR 
              "B"."BMDM" LIKE '0101010405%'))
   9 - access("M"."BMDM"=SUBSTR("B"."BMDM",1,8))
       filter(LENGTH("M"."BMDM")=8)
  12 - access("G"."RQ">=TO_DATE(' 2017-06-01 00:00:00', 'syyyy-mm-dd hh24:mi:ss') AND 
              "G"."DEPTID"="B"."DEPTID" AND "G"."SB"="S"."SBID" AND "G"."RQ"<=TO_DATE(' 2017-06-30 
              00:00:00', 'syyyy-mm-dd hh24:mi:ss'))
       filter("G"."SB"="S"."SBID" AND "G"."DEPTID"="B"."DEPTID")
  13 - filter("G"."FDBH"=1)

2- Using SQL Profile
--------------------
Plan hash value: 3066694455

--------------------------------------------------------------------------------------------------
| Id  | Operation                       | Name           | Rows  | Bytes | Cost (%CPU)| Time     |
--------------------------------------------------------------------------------------------------
|   0 | SELECT STATEMENT                |                |   277 | 29085 | 30395   (1)| 00:06:05 |
|*  1 |  FILTER                         |                |       |       |            |          |
|   2 |   SORT GROUP BY                 |                |   277 | 29085 | 30395   (1)| 00:06:05 |
|*  3 |    HASH JOIN                    |                |  2833 |   290K| 30394   (1)| 00:06:05 |
|   4 |     NESTED LOOPS                |                |   338 | 31434 | 30363   (1)| 00:06:05 |
|   5 |      NESTED LOOPS               |                | 21870 | 31434 | 30363   (1)| 00:06:05 |
|*  6 |       HASH JOIN                 |                |    15 |   600 |     8   (0)| 00:00:01 |
|*  7 |        TABLE ACCESS FULL        | BM             |    15 |   270 |     5   (0)| 00:00:01 |
|*  8 |        INDEX FAST FULL SCAN     | IDX$$_74A00001 |    49 |  1078 |     3   (0)| 00:00:01 |
|*  9 |       INDEX RANGE SCAN          | SPZHSJR_SBBM   |  1458 |       |  1559   (1)| 00:00:19 |
|* 10 |      TABLE ACCESS BY INDEX ROWID| SPZHSJR        |    23 |  1219 |  2925   (1)| 00:00:36 |
|  11 |     TABLE ACCESS FULL           | SPSB           | 15001 |   175K|    30   (0)| 00:00:01 |
--------------------------------------------------------------------------------------------------
 
Predicate Information (identified by operation id):
---------------------------------------------------
 
   1 - filter(SUM("G"."XSJE"+"G"."WRZXSJE"+"G"."YHJE"+"G"."WRZYHJE")<>0 OR 
              SUM(NVL("G"."XSCB_HS",0)+NVL("G"."XSCB_YG_HS",0)+NVL("G"."WRZXSCB_CL_HS",0)+NVL("G"."WRZXS
              CB_YG_HS",0))<>0)
   3 - access("G"."SB"="S"."SBID")
   6 - access("M"."BMDM"=SUBSTR("B"."BMDM",1,8))
   7 - filter("B"."BMDM" LIKE '01010104%' AND ("B"."BMDM" LIKE '0101010401%' OR 
              "B"."BMDM" LIKE '0101010402%' OR "B"."BMDM" LIKE '0101010403%' OR "B"."BMDM" LIKE 
              '0101010404%' OR "B"."BMDM" LIKE '0101010405%'))
   8 - filter(LENGTH("M"."BMDM")=8)
   9 - access("G"."RQ">=TO_DATE(' 2017-06-01 00:00:00', 'syyyy-mm-dd hh24:mi:ss') AND 
              "G"."DEPTID"="B"."DEPTID" AND "G"."RQ"<=TO_DATE(' 2017-06-30 00:00:00', 'syyyy-mm-dd 
              hh24:mi:ss'))
       filter("G"."DEPTID"="B"."DEPTID")
  10 - filter("G"."FDBH"=1)

3- Using New Indices
--------------------
Plan hash value: 3439268901

-----------------------------------------------------------------------------------------------------------------------------------------
| Id  | Operation                                 | Name           | Rows  | Bytes | Cost (%CPU)| Time     |    TQ  |IN-OUT| PQ Distrib |
-----------------------------------------------------------------------------------------------------------------------------------------
|   0 | SELECT STATEMENT                          |                |  3946 |   404K|   273   (1)| 00:00:04 |        |      |            |
|   1 |  PX COORDINATOR                           |                |       |       |            |          |        |      |            |
|   2 |   PX SEND QC (ORDER)                      | :TQ10005       |  3946 |   404K|   273   (1)| 00:00:04 |  Q1,05 | P->S | QC (ORDER) |
|   3 |    SORT ORDER BY                          |                |  3946 |   404K|   273   (1)| 00:00:04 |  Q1,05 | PCWP |            |
|   4 |     PX RECEIVE                            |                |  3946 |   404K|   273   (1)| 00:00:04 |  Q1,05 | PCWP |            |
|   5 |      PX SEND RANGE                        | :TQ10004       |  3946 |   404K|   273   (1)| 00:00:04 |  Q1,04 | P->P | RANGE      |
|*  6 |       FILTER                              |                |       |       |            |          |  Q1,04 | PCWC |            |
|   7 |        SORT GROUP BY                      |                |  3946 |   404K|   273   (1)| 00:00:04 |  Q1,04 | PCWP |            |
|*  8 |         HASH JOIN                         |                | 40471 |  4149K|   272   (1)| 00:00:04 |  Q1,04 | PCWP |            |
|   9 |          PX RECEIVE                       |                |  4832 |   438K|   270   (1)| 00:00:04 |  Q1,04 | PCWP |            |
|  10 |           PX SEND HASH                    | :TQ10002       |  4832 |   438K|   270   (1)| 00:00:04 |  Q1,02 | P->P | HASH       |
|* 11 |            HASH JOIN BUFFERED             |                |  4832 |   438K|   270   (1)| 00:00:04 |  Q1,02 | PCWP |            |
|  12 |             PX RECEIVE                    |                |   338 | 23998 |   268   (1)| 00:00:04 |  Q1,02 | PCWP |            |
|  13 |              PX SEND HASH                 | :TQ10000       |   338 | 23998 |   268   (1)| 00:00:04 |  Q1,00 | P->P | HASH       |
|  14 |               NESTED LOOPS                |                |   338 | 23998 |   268   (1)| 00:00:04 |  Q1,00 | PCWP |            |
|  15 |                NESTED LOOPS               |                | 10935 | 23998 |   268   (1)| 00:00:04 |  Q1,00 | PCWP |            |
|  16 |                 PX BLOCK ITERATOR         |                |       |       |            |          |  Q1,00 | PCWC |            |
|* 17 |                  TABLE ACCESS FULL        | BM             |    15 |   270 |     2   (0)| 00:00:01 |  Q1,00 | PCWP |            |
|* 18 |                 INDEX RANGE SCAN          | IDX$$_74FF0001 |   729 |       |   830   (1)| 00:00:10 |  Q1,00 | PCWP |            |
|  19 |                TABLE ACCESS BY INDEX ROWID| SPZHSJR        |    23 |  1219 |  1391   (1)| 00:00:17 |  Q1,00 | PCWP |            |
|  20 |             PX RECEIVE                    |                |   700 | 15400 |     2   (0)| 00:00:01 |  Q1,02 | PCWP |            |
|  21 |              PX SEND HASH                 | :TQ10001       |   700 | 15400 |     2   (0)| 00:00:01 |  Q1,01 | P->P | HASH       |
|  22 |               PX BLOCK ITERATOR           |                |   700 | 15400 |     2   (0)| 00:00:01 |  Q1,01 | PCWC |            |
|* 23 |                INDEX FAST FULL SCAN       | IDX$$_74A00001 |   700 | 15400 |     2   (0)| 00:00:01 |  Q1,01 | PCWP |            |
|  24 |          PX RECEIVE                       |                | 15001 |   175K|     2   (0)| 00:00:01 |  Q1,04 | PCWP |            |
|  25 |           PX SEND HASH                    | :TQ10003       | 15001 |   175K|     2   (0)| 00:00:01 |  Q1,03 | P->P | HASH       |
|  26 |            PX BLOCK ITERATOR              |                | 15001 |   175K|     2   (0)| 00:00:01 |  Q1,03 | PCWC |            |
|  27 |             TABLE ACCESS FULL             | SPSB           | 15001 |   175K|     2   (0)| 00:00:01 |  Q1,03 | PCWP |            |
-----------------------------------------------------------------------------------------------------------------------------------------
 
Predicate Information (identified by operation id):
---------------------------------------------------
 
   6 - filter(SUM("G"."XSJE"+"G"."WRZXSJE"+"G"."YHJE"+"G"."WRZYHJE")<>0 OR 
              SUM(NVL("G"."XSCB_HS",0)+NVL("G"."XSCB_YG_HS",0)+NVL("G"."WRZXSCB_CL_HS",0)+NVL("G"."WRZXSCB_YG_HS",0))<>0)
   8 - access("G"."SB"="S"."SBID")
  11 - access("M"."BMDM"=SUBSTR("B"."BMDM",1,8))
  17 - filter("B"."BMDM" LIKE '01010104%' AND ("B"."BMDM" LIKE '0101010401%' OR "B"."BMDM" LIKE '0101010402%' OR "B"."BMDM" LIKE 
              '0101010403%' OR "B"."BMDM" LIKE '0101010404%' OR "B"."BMDM" LIKE '0101010405%'))
  18 - access("G"."FDBH"=1 AND "G"."RQ">=TO_DATE(' 2017-06-01 00:00:00', 'syyyy-mm-dd hh24:mi:ss') AND "G"."DEPTID"="B"."DEPTID" 
              AND "G"."RQ"<=TO_DATE(' 2017-06-30 00:00:00', 'syyyy-mm-dd hh24:mi:ss'))
       filter("G"."DEPTID"="B"."DEPTID")
  23 - filter(LENGTH("M"."BMDM")=8)

4- Using Parallel Execution
---------------------------
Plan hash value: 985433577

-----------------------------------------------------------------------------------------------------------------------------------------
| Id  | Operation                                 | Name           | Rows  | Bytes | Cost (%CPU)| Time     |    TQ  |IN-OUT| PQ Distrib |
-----------------------------------------------------------------------------------------------------------------------------------------
|   0 | SELECT STATEMENT                          |                |   277 | 29085 |   534   (1)| 00:00:07 |        |      |            |
|   1 |  PX COORDINATOR                           |                |       |       |            |          |        |      |            |
|   2 |   PX SEND QC (ORDER)                      | :TQ10003       |   277 | 29085 |   534   (1)| 00:00:07 |  Q1,03 | P->S | QC (ORDER) |
|   3 |    SORT ORDER BY                          |                |   277 | 29085 |   534   (1)| 00:00:07 |  Q1,03 | PCWP |            |
|   4 |     PX RECEIVE                            |                |   277 | 29085 |   534   (1)| 00:00:07 |  Q1,03 | PCWP |            |
|   5 |      PX SEND RANGE                        | :TQ10002       |   277 | 29085 |   534   (1)| 00:00:07 |  Q1,02 | P->P | RANGE      |
|*  6 |       FILTER                              |                |       |       |            |          |  Q1,02 | PCWC |            |
|   7 |        SORT GROUP BY                      |                |   277 | 29085 |   534   (1)| 00:00:07 |  Q1,02 | PCWP |            |
|*  8 |         HASH JOIN                         |                |  2833 |   290K|   533   (1)| 00:00:07 |  Q1,02 | PCWP |            |
|   9 |          JOIN FILTER CREATE               | :BF0000        |   338 | 31434 |   531   (1)| 00:00:07 |  Q1,02 | PCWP |            |
|  10 |           PX RECEIVE                      |                |   338 | 31434 |   531   (1)| 00:00:07 |  Q1,02 | PCWP |            |
|  11 |            PX SEND HASH                   | :TQ10000       |   338 | 31434 |   531   (1)| 00:00:07 |  Q1,00 | P->P | HASH       |
|  12 |             NESTED LOOPS                  |                |   338 | 31434 |   531   (1)| 00:00:07 |  Q1,00 | PCWP |            |
|  13 |              NESTED LOOPS                 |                | 21870 | 31434 |   531   (1)| 00:00:07 |  Q1,00 | PCWP |            |
|  14 |               NESTED LOOPS                |                |    15 |   600 |     4   (0)| 00:00:01 |  Q1,00 | PCWP |            |
|  15 |                PX BLOCK ITERATOR          |                |       |       |            |          |  Q1,00 | PCWC |            |
|* 16 |                 INDEX FAST FULL SCAN      | IDX$$_74A00001 |    49 |  1078 |     2   (0)| 00:00:01 |  Q1,00 | PCWP |            |
|  17 |                TABLE ACCESS BY INDEX ROWID| BM             |     1 |    18 |     0   (0)| 00:00:01 |  Q1,00 | PCWP |            |
|* 18 |                 INDEX RANGE SCAN          | BM_BMDM        |     1 |       |     0   (0)| 00:00:01 |  Q1,00 | PCWP |            |
|* 19 |               INDEX RANGE SCAN            | SPZHSJR_SBBM   |  1458 |       |    27   (0)| 00:00:01 |  Q1,00 | PCWP |            |
|* 20 |              TABLE ACCESS BY INDEX ROWID  | SPZHSJR        |    23 |  1219 |    51   (0)| 00:00:01 |  Q1,00 | PCWP |            |
|  21 |          PX RECEIVE                       |                | 15001 |   175K|     2   (0)| 00:00:01 |  Q1,02 | PCWP |            |
|  22 |           PX SEND HASH                    | :TQ10001       | 15001 |   175K|     2   (0)| 00:00:01 |  Q1,01 | P->P | HASH       |
|  23 |            JOIN FILTER USE                | :BF0000        | 15001 |   175K|     2   (0)| 00:00:01 |  Q1,01 | PCWP |            |
|  24 |             PX BLOCK ITERATOR             |                | 15001 |   175K|     2   (0)| 00:00:01 |  Q1,01 | PCWC |            |
|* 25 |              TABLE ACCESS FULL            | SPSB           | 15001 |   175K|     2   (0)| 00:00:01 |  Q1,01 | PCWP |            |
-----------------------------------------------------------------------------------------------------------------------------------------
 
Predicate Information (identified by operation id):
---------------------------------------------------
 
   6 - filter(SUM("G"."XSJE"+"G"."WRZXSJE"+"G"."YHJE"+"G"."WRZYHJE")<>0 OR 
              SUM(NVL("G"."XSCB_HS",0)+NVL("G"."XSCB_YG_HS",0)+NVL("G"."WRZXSCB_CL_HS",0)+NVL("G"."WRZXSCB_YG_HS",0))<>0)
   8 - access("G"."SB"="S"."SBID")
  16 - filter(LENGTH("M"."BMDM")=8)
  18 - access("B"."BMDM" LIKE '01010104%')
       filter("B"."BMDM" LIKE '01010104%' AND ("B"."BMDM" LIKE '0101010401%' OR "B"."BMDM" LIKE '0101010402%' OR "B"."BMDM" LIKE 
              '0101010403%' OR "B"."BMDM" LIKE '0101010404%' OR "B"."BMDM" LIKE '0101010405%') AND "M"."BMDM"=SUBSTR("B"."BMDM",1,8))
  19 - access("G"."RQ">=TO_DATE(' 2017-06-01 00:00:00', 'syyyy-mm-dd hh24:mi:ss') AND "G"."DEPTID"="B"."DEPTID" AND 
              "G"."RQ"<=TO_DATE(' 2017-06-30 00:00:00', 'syyyy-mm-dd hh24:mi:ss'))
       filter("G"."DEPTID"="B"."DEPTID")
  20 - filter("G"."FDBH"=1)
  25 - filter(SYS_OP_BLOOM_FILTER(:BF0000,"S"."SBID"))

-------------------------------------------------------------------------------
```

### 结合优化建议报告手动执行优化
``` perl
# 考虑运行可以改进物理方案设计的访问指导或者创建推荐的索引。
create index BFBHDD9.IDX$$_74FF0001 on BFBHDD9.SPZHSJR("FDBH","RQ","SB","DEPTID") TABLESPACE "JXC_INDEX";
```