---
title: ERP库SQL优化_bhq9wgc1d1x8n_20170630
date: 2017-06-30
categories:
- workbook
tags:
- sql优化
---

### SQL语句
``` perl
select M.BMDM 部门代码 , M.DEPT_NAME 部门名称 , SUM(S.XSJE) as XSJE_HQ , sum(S.XSJE*decode(S.SKFS,31,1,0)) as "_31_促销卡" , sum(S.XSJE*decode(S.SKFS,32,1,0)) as "_32_美妆币C" , sum(S.XSJE*decode(S.SKFS,33,1,0)) as "_33_美妆币D" , sum(S.XSJE*decode(S.SKFS,34,1,0)) as "_34_白金生日储" , sum(S.XSJE*decode(S.SKFS,38,1,0)) as "_38_美妆币" , sum(S.XSJE*decode(S.SKFS,49,1,0)) as "_49_美妆币A" , sum(S.XSJE*decode(S.SKFS,50,1,0)) as "_50_淑女返点" , sum(S.XSJE*decode(S.SKFS,51,1,0)) as "_51_礼券" , sum(S.XSJE*decode(S.SKFS,52,1,0)) as "_52_礼券A" , sum(S.XSJE*decode(S.SKFS,53,1,0)) as "_53_礼券B" , sum(S.XSJE*decode(S.SKFS,54,1,0)) as "_54_礼券C" , sum(S.XSJE*decode(S.SKFS,55,1,0)) as "_55_礼券D" , sum(S.XSJE*decode(S.SKFS,56,1,0)) as "_56_礼券E" , sum(S.XSJE*decode(S.SKFS,60,1,0)) as "_60_四川料理赠券" , sum(S.XSJE*decode(S.SKFS,85,1,0)) as "_85_历史抵现" , sum(S.XSJE*decode(S.SKFS,86,1,0)) as "_86_积分抵现" , sum(S.XSJE*decode(S.SKFS,87,1,0)) as "_87_积分可抵现" , sum(S.XSJE*decode(S.SKFS,90,1,0)) as "_90_菲仕乐返点" , sum(S.XSJE*decode(S.SKFS,93,1,0)) as "_93_美发折扣" , sum(S.XSJE*decode(S.SKFS,94,1,0)) as "_94_VIP礼金" , sum(S.XSJE*decode(S.SKFS,95,1,0)) as "_95_团购积分卡" , sum(S.XSJE*decode(S.SKFS,96,1,0)) as "_96_美丽礼品储" , sum(S.XSJE*decode(S.SKFS,97,1,0)) as "_97_认同卡" , sum(S.XSJE*decode(S.SKFS,98,1,0)) as "_98_满福卡" , sum(S.XSJE*decode(S.SKFS,100,1,0)) as "_100_生日储值" , sum(S.XSJE*decode(S.SKFS,343,1,0)) as "_343_群VIP生日劵" , sum(S.XSJE*decode(S.SKFS,344,1,0)) as "_344_银联换卡礼" , sum(S.XSJE*decode(S.SKFS,345,1,0)) as "_345_VIP美发券" , sum(S.XSJE*decode(S.SKFS,346,1,0)) as "_346_黑金专属赠饮" , sum(S.XSJE*decode(S.SKFS,347,1,0)) as "_347_百客赠储卡" , sum(S.XSJE*decode(S.SKFS,348,1,0)) as "_348_尊属礼金" , sum(S.XSJE*decode(S.SKFS,349,1,0)) as "_349_花店券" , sum(S.XSJE*decode(S.SKFS,350,1,0)) as "_350_美食券" , sum(S.XSJE*decode(S.SKFS,482,1,0)) as "_482_美妆币B" , sum(S.XSJE*decode(S.SKFS,483,1,0)) as "_483_店庆币A" , sum(S.XSJE*decode(S.SKFS,484,1,0)) as "_484_群25倍返点" , sum(S.XSJE*decode(S.SKFS,485,1,0)) as "_485_美妆币-超市" , sum(S.XSJE*decode(S.SKFS,512,1,0)) as "_512_美食欢享券企" , sum(S.XSJE*decode(S.SKFS,513,1,0)) as "_513_面包房企划" , sum(S.XSJE*decode(S.SKFS,514,1,0)) as "_514_企划活动券" , sum(S.XSJE*decode(S.SKFS,516,1,0)) as "_516_预存礼金" , sum(S.XSJE*decode(S.SKFS,517,1,0)) as "_517_黑金生日礼" , sum(S.XSJE*decode(S.SKFS,518,1,0)) as "_518_保级礼金" , sum(S.XSJE*decode(S.SKFS,519,1,0)) as "_519_白金生日礼" , sum(S.XSJE*decode(S.SKFS,521,1,0)) as "_521_探乐赠额" , sum(S.XSJE*decode(S.SKFS,522,1,0)) as "_522_B招行开业礼" , sum(S.XSJE*decode(S.SKFS,524,1,0)) as "_524_欣悦停车券" , sum(S.XSJE*decode(S.SKFS,525,1,0)) as "_525_群美妆币" , sum(S.XSJE*decode(S.SKFS,526,1,0)) as "_526_群美妆币C" , sum(S.XSJE*decode(S.SKFS,527,1,0)) as "_527_群超化妆品返" , sum(S.XSJE*decode(S.SKFS,528,1,0)) as "_528_花店代金券" , sum(S.XSJE*decode(S.SKFS,530,1,0)) as "_530_面包房赠券" , sum(S.XSJE*decode(S.SKFS,538,1,0)) as "_538_群面包房券" , sum(S.XSJE*decode(S.SKFS,542,1,0)) as "_542_蜀悦赠券" , sum(S.XSJE*decode(S.SKFS,543,1,0)) as "_543_火锅赠券" , sum(S.XSJE*decode(S.SKFS,544,1,0)) as "_544_面包房代金券" , sum(S.XSJE*decode(S.SKFS,558,1,0)) as "_558_美丽基金券B" , sum(S.XSJE*decode(S.SKFS,566,1,0)) as "_566_探乐抵值券" , sum(S.XSJE*decode(S.SKFS,571,1,0)) as "_571_美食节2元卡" , sum(S.XSJE*decode(S.SKFS,574,1,0)) as "_574_手工水饺礼券" , sum(S.XSJE*decode(S.SKFS,576,1,0)) as "_576_外卖代金券" , sum(S.XSJE*decode(S.SKFS,578,1,0)) as "_578_蜀悦代金券Z" , sum(S.XSJE*decode(S.SKFS,580,1,0)) as "_580_面包房礼券" , sum(S.XSJE*decode(S.SKFS,583,1,0)) as "_583_顾客回馈券" , sum(S.XSJE*decode(S.SKFS,584,1,0)) as "_584_美丽基金券A" , sum(S.XSJE*decode(S.SKFS,586,1,0)) as "_586_调研面包礼券" , sum(S.XSJE*decode(S.SKFS,587,1,0)) as "_587_美食节体验券" , sum(S.XSJE*decode(S.SKFS,589,1,0)) as "_589_好百客体验券" , sum(S.XSJE*decode(S.SKFS,590,1,0)) as "_590_披萨套餐礼券" , sum(S.XSJE*decode(S.SKFS,592,1,0)) as "_592_好百客代金券" , sum(S.XSJE*decode(S.SKFS,598,1,0)) as "_598_木马赠券" , sum(S.XSJE*decode(S.SKFS,600,1,0)) as "_600_菲仕乐代金A" , sum(S.XSJE*decode(S.SKFS,601,1,0)) as "_601_积分停车劵" , sum(S.XSJE*decode(S.SKFS,603,1,0)) as "_603_黑金茶歇礼" , sum(S.XSJE*decode(S.SKFS,605,1,0)) as "_605_F3代金券" , sum(S.XSJE*decode(S.SKFS,606,1,0)) as "_606_VIP面包券" , sum(S.XSJE*decode(S.SKFS,607,1,0)) as "_607_芒果果酱小份" , sum(S.XSJE*decode(S.SKFS,608,1,0)) as "_608_VIP面包赠券" , sum(S.XSJE*decode(S.SKFS,609,1,0)) as "_609_餐饮储值赠券" , sum(S.XSJE*decode(S.SKFS,611,1,0)) as "_611_岁末招募礼" , sum(S.XSJE*decode(S.SKFS,612,1,0)) as "_612_奇思叔叔纸券" , sum(S.XSJE*decode(S.SKFS,613,1,0)) as "_613_好百客白金券" , sum(S.XSJE*decode(S.SKFS,615,1,0)) as "_615_可可拉储值赠" , sum(S.XSJE*decode(S.SKFS,942,1,0)) as "_942_团购认同卡" , sum(S.XSJE*decode(S.SKFS,987,1,0)) as "_987_美丽基金券" , sum(S.XSJE*decode(S.SKFS,993,1,0)) as "_993_美食卡" , sum(S.XSJE*decode(S.SKFS,995,1,0)) as "_995_火锅代金券" , sum(S.XSJE*decode(S.SKFS,996,1,0)) as "_996_蜀悦代金券" , sum(S.XSJE*decode(S.SKFS,999,1,0)) as "_999_vip美食券" , sum(S.XSJE*decode(S.SKFS,1091,1,0)) as "_1091_群美妆币B" , sum(S.XSJE*decode(S.SKFS,1092,1,0)) as "_1092_群化妆品返" , sum(S.XSJE*decode(S.SKFS,1093,1,0)) as "_1093_美甲活动礼券" , sum(S.XSJE*decode(S.SKFS,1094,1,0)) as "_1094_群面包房40" , sum(S.XSJE*decode(S.SKFS,1095,1,0)) as "_1095_群牛排抵值券" , sum(S.XSJE*decode(S.SKFS,1096,1,0)) as "_1096_群超市礼金" , sum(S.XSJE*decode(S.SKFS,1097,1,0)) as "_1097_群百货礼金" , sum(S.XSJE*decode(S.SKFS,1103,1,0)) as "_1103_美食节情谊卡" , sum(S.XSJE*decode(S.SKFS,1108,1,0)) as "_1108_h营运抵扣券" , sum(S.XSJE*decode(S.SKFS,1109,1,0)) as "_1109_海返点B" , sum(S.XSJE*decode(S.SKFS,1110,1,0)) as "_1110_海返点C" , sum(S.XSJE*decode(S.SKFS,1111,1,0)) as "_1111_海返点D" , sum(S.XSJE*decode(S.SKFS,1112,1,0)) as "_1112_海纸券A" , sum(S.XSJE*decode(S.SKFS,1113,1,0)) as "_1113_海纸券B" , sum(S.XSJE*decode(S.SKFS,1114,1,0)) as "_1114_VIP注册礼金" , sum(S.XSJE*decode(S.SKFS,1121,1,0)) as "_1121_海VIP面包赠劵" , sum(S.XSJE*decode(S.SKFS,1122,1,0)) as "_1122_G11-200礼券" , sum(S.XSJE*decode(S.SKFS,1123,1,0)) as "_1123_G11-500礼券" , sum(S.XSJE*decode(S.SKFS,1126,1,0)) as "_1126_h好百客礼券" , sum(S.XSJE*decode(S.SKFS,1127,1,0)) as "_1127_h探乐满储次卡" , sum(S.XSJE*decode(S.SKFS,1128,1,0)) as "_1128_h团购面包赠券" , sum(S.XSJE*decode(S.SKFS,1131,1,0)) as "_1131_菲仕乐柜台代" , sum(S.XSJE*decode(S.SKFS,1132,1,0)) as "_1132_h四川美食节" , sum(S.XSJE*decode(S.SKFS,1134,1,0)) as "_1134_h-VIP代金券" , sum(S.XSJE*decode(S.SKFS,1138,1,0)) as "_1138_监审部调研" , sum(S.XSJE*decode(S.SKFS,1143,1,0)) as "_1143_顾客调研礼券" , sum(S.XSJE*decode(S.SKFS,1144,1,0)) as "_1144_h-VIP积分兑券" , sum(S.XSJE*decode(S.SKFS,1146,1,0)) as "_1146_h买手店-200" , sum(S.XSJE*decode(S.SKFS,1147,1,0)) as "_1147_h买手店-600" , sum(S.XSJE*decode(S.SKFS,1148,1,0)) as "_1148_h买手店-1000" , sum(S.XSJE*decode(S.SKFS,1149,1,0)) as "_1149_h年中庆抵值券" , SUM((case when F.BJ_TSLQ=1 then 1 else 0 end)*S.XSJE) 券合计
from SPSKFSXS S , BM B , BM M , SKFS F
where S.DEPTID=B.DEPTID and substr(B.BMDM,1,14)=M.BMDM AND S.SKFS=F.CODE and S.RQ >= '2017-5-1' and S.RQ <= '2017-5-31' and B.BMDM LIKE '010205%' and ((B.BMDM like '0101%') or (B.BMDM like '0102%')) and B.FDBH in (2) and (S.FDBH in (1,2)) and (S.HSFS in (0,1,3,5)) group by M.BMDM,M.DEPT_NAME order by M.BMDM
```

<!-- more -->
### 找出相关表，并查看未统计前表记录数
``` perl
col OBJECT_NAME for a30
select OBJECT_NAME,OBJECT_TYPE from dba_objects where OBJECT_NAME in 
  ('SPSKFSXS','BM','SKFS') and OWNER='BFBHDD9' order by 1;

OBJECT_NAME                    OBJECT_TYPE
------------------------------ -------------------
BM                             TABLE
SKFS                           TABLE
SPSKFSXS                       TABLE

select TABLE_NAME,NUM_ROWS from dba_tables 
where OWNER='BFBHDD9' and TABLE_NAME in 
    ('SPSKFSXS','BM','SKFS') order by 1;

TABLE_NAME                       NUM_ROWS
------------------------------ ----------
BM                                    614
SKFS                                  506
SPSKFSXS                         46104605
```

### 重新收集表的统计信息
``` perl
exec dbms_stats.gather_table_stats('BFBHDD9','BM',cascade=>true,method_opt=>'for all columns size 1');
exec dbms_stats.gather_table_stats('BFBHDD9','SKFS',cascade=>true,method_opt=>'for all columns size 1');
exec dbms_stats.gather_table_stats('BFBHDD9','SPSKFSXS',cascade=>true,method_opt=>'for all columns size 1');

# 查看统计后表记录信息 - 差别不大
select TABLE_NAME,NUM_ROWS from dba_tables 
where OWNER='BFBHDD9' and TABLE_NAME in 
    ('GHDWSKFSXS','SKFS','BM') order by 1;
TABLE_NAME                       NUM_ROWS
------------------------------ ----------
BM                                    614
SKFS                                  506
SPSKFSXS                         48290404
```

### 根据SQL_ID生成优化建议报告
``` perl
set serveroutput on
declare
l_tuning_task varchar2(30);
begin
 l_tuning_task := dbms_sqltune.create_tuning_task(sql_id => '&SQL_ID');
 dbms_sqltune.execute_tuning_task(l_tuning_task);
 dbms_output.put_line(l_tuning_task);
end;
/

Enter value for sql_id: bhq9wgc1d1x8n
old   4:  l_tuning_task := dbms_sqltune.create_tuning_task(sql_id => '&SQL_ID');
new   4:  l_tuning_task := dbms_sqltune.create_tuning_task(sql_id => 'bhq9wgc1d1x8n');
TASK_29856

PL/SQL procedure successfully completed.
```

### 生成并查看优化建议报告
``` perl
set long 10000
select dbms_sqltune.report_tuning_task('TASK_29856') as re from dual;
```

优化建议报告：
``` perl
GENERAL INFORMATION SECTION
-------------------------------------------------------------------------------
Tuning Task Name   : TASK_29856
Tuning Task Owner  : SYS
Workload Type      : Single SQL Statement
Scope              : COMPREHENSIVE
Time Limit(seconds): 1800
Completion Status  : COMPLETED
Started at         : 06/30/2017 09:54:34
Completed at       : 06/30/2017 09:55:07

-------------------------------------------------------------------------------
Schema Name: BFBHDD9
SQL ID     : bhq9wgc1d1x8n
SQL Text   : select M.BMDM 部门代码 , M.DEPT_NAME 部门名称 , SUM(S.XSJE) as XSJE_HQ ,
             sum(S.XSJE*decode(S.SKFS,31,1,0)) as "_31_促销卡" ,
             sum(S.XSJE*decode(S.SKFS,32,1,0)) as "_32_美妆币C" ,
             sum(S.XSJE*decode(S.SKFS,33,1,0)) as "_33_美妆币D" ,
             sum(S.XSJE*decode(S.SKFS,34,1,0)) as "_34_白金生日储" ,
             sum(S.XSJE*decode(S.SKFS,38,1,0)) as "_38_美妆币" ,
             sum(S.XSJE*decode(S.SKFS,49,1,0)) as "_49_美妆币A" ,
             sum(S.XSJE*decode(S.SKFS,50,1,0)) as "_50_淑女返点" ,
             sum(S.XSJE*decode(S.SKFS,51,1,0)) as "_51_礼券" ,
             sum(S.XSJE*decode(S.SKFS,52,1,0)) as "_52_礼券A" ,
             sum(S.XSJE*decode(S.SKFS,53,1,0)) as "_53_礼券B" ,
             sum(S.XSJE*decode(S.SKFS,54,1,0)) as "_54_礼券C" ,
             sum(S.XSJE*decode(S.SKFS,55,1,0)) as "_55_礼券D" ,
             sum(S.XSJE*decode(S.SKFS,56,1,0)) as "_56_礼券E" ,
             sum(S.XSJE*decode(S.SKFS,60,1,0)) as "_60_四川料理赠券" ,
             sum(S.XSJE*decode(S.SKFS,85,1,0)) as "_85_历史抵现" ,
             sum(S.XSJE*decode(S.SKFS,86,1,0)) as "_86_积分抵现" ,
             sum(S.XSJE*decode(S.SKFS,87,1,0)) as "_87_积分可抵现" ,
             sum(S.XSJE*decode(S.SKFS,90,1,0)) as "_90_菲仕乐返点" ,
             sum(S.XSJE*decode(S.SKFS,93,1,0)) as "_93_美发折扣" ,
             sum(S.XSJE*decode(S.SKFS,94,1,0)) as "_94_VIP礼金" ,
             sum(S.XSJE*decode(S.SKFS,95,1,0)) as "_95_团购积分卡" ,
             sum(S.XSJE*decode(S.SKFS,96,1,0)) as "_96_美丽礼品储" ,
             sum(S.XSJE*decode(S.SKFS,97,1,0)) as "_97_认同卡" ,
             sum(S.XSJE*decode(S.SKFS,98,1,0)) as "_98_满福卡" ,
             sum(S.XSJE*decode(S.SKFS,100,1,0)) as "_100_生日储值" ,
             sum(S.XSJE*decode(S.SKFS,343,1,0)) as "_343_群VIP生日劵" ,
             sum(S.XSJE*decode(S.SKFS,344,1,0)) as "_344_银联换卡礼" ,
             sum(S.XSJE*decode(S.SKFS,345,1,0)) as "_345_VIP美发券" ,
             sum(S.XSJE*decode(S.SKFS,346,1,0)) as "_346_黑金专属赠饮" ,
             sum(S.XSJE*decode(S.SKFS,347,1,0)) as "_347_百客赠储卡" ,
             sum(S.XSJE*decode(S.SKFS,348,1,0)) as "_348_尊属礼金" ,
             sum(S.XSJE*decode(S.SKFS,349,1,0)) as "_349_花店券" ,
             sum(S.XSJE*decode(S.SKFS,350,1,0)) as "_350_美食券" ,
             sum(S.XSJE*decode(S.SKFS,482,1,0)) as "_482_美妆币B" ,
             sum(S.XSJE*decode(S.SKFS,483,1,0)) as "_483_店庆币A" ,
             sum(S.XSJE*decode(S.SKFS,484,1,0)) as "_484_群25倍返点" ,
             sum(S.XSJE*decode(S.SKFS,485,1,0)) as "_485_美妆币-超市" ,
             sum(S.XSJE*decode(S.SKFS,512,1,0)) as "_512_美食欢享券企" ,
             sum(S.XSJE*decode(S.SKFS,513,1,0)) as "_513_面包房企划" ,
             sum(S.XSJE*decode(S.SKFS,514,1,0)) as "_514_企划活动券" ,
             sum(S.XSJE*decode(S.SKFS,516,1,0)) as "_516_预存礼金" ,
             sum(S.XSJE*decode(S.SKFS,517,1,0)) as "_517_黑金生日礼" ,
             sum(S.XSJE*decode(S.SKFS,518,1,0)) as "_518_保级礼金" ,
             sum(S.XSJE*decode(S.SKFS,519,1,0)) as "_519_白金生日礼" ,
             sum(S.XSJE*decode(S.SKFS,521,1,0)) as "_521_探乐赠额" ,
             sum(S.XSJE*decode(S.SKFS,522,1,0)) as "_522_B招行开业礼" ,
             sum(S.XSJE*decode(S.SKFS,524,1,0)) as "_524_欣悦停车券" ,
             sum(S.XSJE*decode(S.SKFS,525,1,0)) as "_525_群美妆币" ,
             sum(S.XSJE*decode(S.SKFS,526,1,0)) as "_526_群美妆币C" ,
             sum(S.XSJE*decode(S.SKFS,527,1,0)) as "_527_群超化妆品返" ,
             sum(S.XSJE*decode(S.SKFS,528,1,0)) as "_528_花店代金券" ,
             sum(S.XSJE*decode(S.SKFS,530,1,0)) as "_530_面包房赠券" ,
             sum(S.XSJE*decode(S.SKFS,538,1,0)) as "_538_群面包房券" ,
             sum(S.XSJE*decode(S.SKFS,542,1,0)) as "_542_蜀悦赠券" ,
             sum(S.XSJE*decode(S.SKFS,543,1,0)) as "_543_火锅赠券" ,
             sum(S.XSJE*decode(S.SKFS,544,1,0)) as "_544_面包房代金券" ,
             sum(S.XSJE*decode(S.SKFS,558,1,0)) as "_558_美丽基金券B" ,
             sum(S.XSJE*decode(S.SKFS,566,1,0)) as "_566_探乐抵值券" ,
             sum(S.XSJE*decode(S.SKFS,571,1,0)) as "_571_美食节2元卡" ,
             sum(S.XSJE*decode(S.SKFS,574,1,0)) as "_574_手工水饺礼券" ,
             sum(S.XSJE*decode(S.SKFS,576,1,0)) as "_576_外卖代金券" ,
             sum(S.XSJE*decode(S.SKFS,578,1,0)) as "_578_蜀悦代金券Z" ,
             sum(S.XSJE*decode(S.SKFS,580,1,0)) as "_580_面包房礼券" ,
             sum(S.XSJE*decode(S.SKFS,583,1,0)) as "_583_顾客回馈券" ,
             sum(S.XSJE*decode(S.SKFS,584,1,0)) as "_584_美丽基金券A" ,
             sum(S.XSJE*decode(S.SKFS,586,1,0)) as "_586_调研面包礼券" ,
             sum(S.XSJE*decode(S.SKFS,587,1,0)) as "_587_美食节体验券" ,
             sum(S.XSJE*decode(S.SKFS,589,1,0)) as "_589_好百客体验券" ,
             sum(S.XSJE*decode(S.SKFS,590,1,0)) as "_590_披萨套餐礼券" ,
             sum(S.XSJE*decode(S.SKFS,592,1,0)) as "_592_好百客代金券" ,
             sum(S.XSJE*decode(S.SKFS,598,1,0)) as "_598_木马赠券" ,
             sum(S.XSJE*decode(S.SKFS,600,1,0)) as "_600_菲仕乐代金A" ,
             sum(S.XSJE*decode(S.SKFS,601,1,0)) as "_601_积分停车劵" ,
             sum(S.XSJE*decode(S.SKFS,603,1,0)) as "_603_黑金茶歇礼" ,
             sum(S.XSJE*decode(S.SKFS,605,1,0)) as "_605_F3代金券" ,
             sum(S.XSJE*decode(S.SKFS,606,1,0)) as "_606_VIP面包券" ,
             sum(S.XSJE*decode(S.SKFS,607,1,0)) as "_607_芒果果酱小份" ,
             sum(S.XSJE*decode(S.SKFS,608,1,0)) as "_608_VIP面包赠券" ,
             sum(S.XSJE*decode(S.SKFS,609,1,0)) as "_609_餐饮储值赠券" ,
             sum(S.XSJE*decode(S.SKFS,611,1,0)) as "_611_岁末招募礼" ,
             sum(S.XSJE*decode(S.SKFS,612,1,0)) as "_612_奇思叔叔纸券" ,
             sum(S.XSJE*decode(S.SKFS,613,1,0)) as "_613_好百客白金券" ,
             sum(S.XSJE*decode(S.SKFS,615,1,0)) as "_615_可可拉储值赠" ,
             sum(S.XSJE*decode(S.SKFS,942,1,0)) as "_942_团购认同卡" ,
             sum(S.XSJE*decode(S.SKFS,987,1,0)) as "_987_美丽基金券" ,
             sum(S.XSJE*decode(S.SKFS,993,1,0)) as "_993_美食卡" ,
             sum(S.XSJE*decode(S.SKFS,995,1,0)) as "_995_火锅代金券" ,
             sum(S.XSJE*decode(S.SKFS,996,1,0)) as "_996_蜀悦代金券" ,
             sum(S.XSJE*decode(S.SKFS,999,1,0)) as "_999_vip美食券" ,
             sum(S.XSJE*decode(S.SKFS,1091,1,0)) as "_1091_群美妆币B" ,
             sum(S.XSJE*decode(S.SKFS,1092,1,0)) as "_1092_群化妆品返" ,
             sum(S.XSJE*decode(S.SKFS,1093,1,0)) as "_1093_美甲活动礼券" ,
             sum(S.XSJE*decode(S.SKFS,1094,1,0)) as "_1094_群面包房40" ,
             sum(S.XSJE*decode(S.SKFS,1095,1,0)) as "_1095_群牛排抵值券" ,
             sum(S.XSJE*decode(S.SKFS,1096,1,0)) as "_1096_群超市礼金" ,
             sum(S.XSJE*decode(S.SKFS,1097,1,0)) as "_1097_群百货礼金" ,
             sum(S.XSJE*decode(S.SKFS,1103,1,0)) as "_1103_美食节情谊卡" ,
             sum(S.XSJE*decode(S.SKFS,1108,1,0)) as "_1108_h营运抵扣券" ,
             sum(S.XSJE*decode(S.SKFS,1109,1,0)) as "_1109_海返点B" ,
             sum(S.XSJE*decode(S.SKFS,1110,1,0)) as "_1110_海返点C" ,
             sum(S.XSJE*decode(S.SKFS,1111,1,0)) as "_1111_海返点D" ,
             sum(S.XSJE*decode(S.SKFS,1112,1,0)) as "_1112_海纸券A" ,
             sum(S.XSJE*decode(S.SKFS,1113,1,0)) as "_1113_海纸券B" ,
             sum(S.XSJE*decode(S.SKFS,1114,1,0)) as "_1114_VIP注册礼金" ,
             sum(S.XSJE*decode(S.SKFS,1121,1,0)) as "_1121_海VIP面包赠劵" ,
             sum(S.XSJE*decode(S.SKFS,1122,1,0)) as "_1122_G11-200礼券" ,
             sum(S.XSJE*decode(S.SKFS,1123,1,0)) as "_1123_G11-500礼券" ,
             sum(S.XSJE*decode(S.SKFS,1126,1,0)) as "_1126_h好百客礼券" ,
             sum(S.XSJE*decode(S.SKFS,1127,1,0)) as "_1127_h探乐满储次卡" ,
             sum(S.XSJE*decode(S.SKFS,1128,1,0)) as "_1128_h团购面包赠券" ,
             sum(S.XSJE*decode(S.SKFS,1131,1,0)) as "_1131_菲仕乐柜台代" ,
             sum(S.XSJE*decode(S.SKFS,1132,1,0)) as "_1132_h四川美食节" ,
             sum(S.XSJE*decode(S.SKFS,1134,1,0)) as "_1134_h-VIP代金券" ,
             sum(S.XSJE*decode(S.SKFS,1138,1,0)) as "_1138_监审部调研" ,
             sum(S.XSJE*decode(S.SKFS,1143,1,0)) as "_1143_顾客调研礼券" ,
             sum(S.XSJE*decode(S.SKFS,1144,1,0)) as "_1144_h-VIP积分兑券" ,
             sum(S.XSJE*decode(S.SKFS,1146,1,0)) as "_1146_h买手店-200" ,
             sum(S.XSJE*decode(S.SKFS,1147,1,0)) as "_1147_h买手店-600" ,
             sum(S.XSJE*decode(S.SKFS,1148,1,0)) as "_1148_h买手店-1000" ,
             sum(S.XSJE*decode(S.SKFS,1149,1,0)) as "_1149_h年中庆抵值券" ,
             SUM((case  when F.BJ_TSLQ=1 then 1 else  0 end)*S.XSJE) 券合计 
             from SPSKFSXS S , BM B , BM M , SKFS F where  S.DEPTID=B.DEPTID
             and substr(B.BMDM,1,14)=M.BMDM AND S.SKFS=F.CODE    and S.RQ >=
             '2017-5-1'      and S.RQ <= '2017-5-31' and B.BMDM LIKE
             '010205%'  and ((B.BMDM like '0101%') or  (B.BMDM like '0102%'))
             and B.FDBH in (2) and (S.FDBH in  (1,2)) and (S.HSFS in
             (0,1,3,5)) group by  M.BMDM,M.DEPT_NAME order by M.BMDM 

-------------------------------------------------------------------------------
FINDINGS SECTION (2 findings)
-------------------------------------------------------------------------------

1- SQL Profile Finding (see explain plans section below)
--------------------------------------------------------
  为此语句找到了性能更好的执行计划 2。选择以下 SQL 概要文件之一进行实施。

  Recommendation (estimated benefit: 95.11%)
  ------------------------------------------
  - 考虑接受推荐的 SQL 概要文件。
    execute dbms_sqltune.accept_sql_profile(task_name => 'TASK_29856',
            task_owner => 'SYS', replace => TRUE);

  Validation results
  ------------------
  已对 SQL profile 进行测试, 方法为执行其计划和原始计划并测量与计划相对应的执行统计信息。如果其中一个计划运行在很短的时间内就完成,
  则另一计划可能只执行了一部分。

                           Original Plan  With SQL Profile  % Improved
                           -------------  ----------------  ----------
  Completion Status:             PARTIAL          COMPLETE
  Elapsed Time (s):           15.204973           .684065       95.5 %
  CPU Time (s):               15.172693           .682396       95.5 %
  User I/O Time (s):                  0                 0 
  Buffer Gets:                  1112384             54306      95.11 %
  Physical Read Requests:             0                 0 
  Physical Write Requests:            0                 0 
  Physical Read Bytes:                0                 0 
  Physical Write Bytes:               0                 0 
  Rows Processed:                     0                 5 
  Fetches:                            0                 5 
  Executions:                         0                 1 

  Notes
  -----
  1. the original plan 的统计信息是 0 执行的平均值。
  2. the SQL profile plan 的统计信息是 2 执行的平均值。

  Recommendation (estimated benefit: 99.99%)
  ------------------------------------------
  - 考虑接受建议的 SQL 概要文件, 以便对此语句使用并行执行。
    execute dbms_sqltune.accept_sql_profile(task_name => 'TASK_29856',
            task_owner => 'SYS', replace => TRUE, profile_type =>
            DBMS_SQLTUNE.PX_PROFILE);

  与 DOP 64 并行执行此查询会使 SQL 概要文件计划上的响应时间缩短 98.26%。但是, 启用并行执行时要付出一些代价。它将增加语句的资源消耗
  (预计为 11.40%), 这会导致系统吞吐量降低。此外, 由于在非常短的持续时间内消耗了这些资源, 因此如果没有足够可用的硬件容量,
  并发语句的响应时间将受到负面影响。

  The following data shows some sampled statistics for this SQL from the past
  week and projected weekly values when parallel execution is enabled.

                                 Past week sampled statistics for this SQL
                                 -----------------------------------------
  Number of executions                                                   0 
  Percent of total activity                                              0 
  Percent of samples with #Active Sessions > 2*CPU                       0 
  Weekly DB time (in sec)                                                0 

                              Projected statistics with Parallel Execution
                              --------------------------------------------
  Weekly DB time (in sec)                                                0 

2- Index Finding (see explain plans section below)
--------------------------------------------------
  通过创建一个或多个索引可以改进此语句的执行计划。

  Recommendation (estimated benefit: 98.47%)
  ------------------------------------------
  - 考虑运行可以改进物理方案设计的访问指导或者创建推荐的索引。
    create index BFBHDD9.IDX$$_74A00001 on BFBHDD9.BM("BMDM","DEPT_NAME");

  - 考虑运行可以改进物理方案设计的访问指导或者创建推荐的索引。
    create index BFBHDD9.IDX$$_74A00002 on
    BFBHDD9.SPSKFSXS("RQ","DEPTID","SKFS");

  Rationale
  ---------
    创建推荐的索引可以显著地改进此语句的执行计划。但是, 使用典型的 SQL 工作量运行 "访问指导"
    可能比单个语句更可取。通过这种方法可以获得全面的索引建议案, 包括计算索引维护的开销和附加的空间消耗。

-------------------------------------------------------------------------------
EXPLAIN PLANS SECTION
-------------------------------------------------------------------------------

1- Original With Adjusted Cost
------------------------------
Plan hash value: 966302550

----------------------------------------------------------------------------------------------------------
| Id  | Operation                          | Name        | Rows  | Bytes |TempSpc| Cost (%CPU)| Time     |
----------------------------------------------------------------------------------------------------------
|   0 | SELECT STATEMENT                   |             | 40189 |  3061K|       |    25M  (1)| 84:20:29 |
|   1 |  SORT GROUP BY                     |             | 40189 |  3061K|  3792K|    25M  (1)| 84:20:29 |
|*  2 |   FILTER                           |             |       |       |       |            |          |
|   3 |    NESTED LOOPS                    |             | 40189 |  3061K|       |    25M  (1)| 84:20:20 |
|   4 |     NESTED LOOPS                   |             | 50094 |  3061K|       |    25M  (1)| 84:20:20 |
|   5 |      MERGE JOIN CARTESIAN          |             |  4554 |   222K|       |    47   (0)| 00:00:01 |
|   6 |       NESTED LOOPS                 |             |     9 |   387 |       |    14   (0)| 00:00:01 |
|   7 |        NESTED LOOPS                |             |     9 |   387 |       |    14   (0)| 00:00:01 |
|*  8 |         TABLE ACCESS BY INDEX ROWID| BM          |     9 |   189 |       |     5   (0)| 00:00:01 |
|*  9 |          INDEX RANGE SCAN          | BM_BMDM     |     9 |       |       |     2   (0)| 00:00:01 |
|* 10 |         INDEX UNIQUE SCAN          | BM_BMDM     |     1 |       |       |     0   (0)| 00:00:01 |
|  11 |        TABLE ACCESS BY INDEX ROWID | BM          |     1 |    22 |       |     1   (0)| 00:00:01 |
|  12 |       BUFFER SORT                  |             |   506 |  3542 |       |    46   (0)| 00:00:01 |
|  13 |        TABLE ACCESS FULL           | SKFS        |   506 |  3542 |       |     4   (0)| 00:00:01 |
|* 14 |      INDEX RANGE SCAN              | PK_SPSKFSXS |    11 |       |       |  5554   (1)| 00:01:07 |
|* 15 |     TABLE ACCESS BY INDEX ROWID    | SPSKFSXS    |     9 |   252 |       |  5562   (1)| 00:01:07 |
----------------------------------------------------------------------------------------------------------
 
Predicate Information (identified by operation id):
---------------------------------------------------
 
   2 - filter(TO_DATE('2017-5-31')>=TO_DATE('2017-5-1'))
   8 - filter("B"."FDBH"=2)
   9 - access("B"."BMDM" LIKE '010205%')
       filter("B"."BMDM" LIKE '010205%' AND ("B"."BMDM" LIKE '0101%' OR "B"."BMDM" LIKE '0102%'))
  10 - access("M"."BMDM"=SUBSTR("B"."BMDM",1,14))
  14 - access("S"."RQ">='2017-5-1' AND "S"."DEPTID"="B"."DEPTID" AND "S"."SKFS"="F"."CODE" AND 
              "S"."RQ"<='2017-5-31')
       filter("S"."DEPTID"="B"."DEPTID" AND "S"."SKFS"="F"."CODE")
  15 - filter(("S"."FDBH"=1 OR "S"."FDBH"=2) AND ("S"."HSFS"=0 OR "S"."HSFS"=1 OR "S"."HSFS"=3 OR 
              "S"."HSFS"=5))

2- Using SQL Profile
--------------------
Plan hash value: 1260131447

-------------------------------------------------------------------------------------------------
| Id  | Operation                         | Name        | Rows  | Bytes | Cost (%CPU)| Time     |
-------------------------------------------------------------------------------------------------
|   0 | SELECT STATEMENT                  |             |  4742 |   361K| 59575   (1)| 00:11:55 |
|   1 |  SORT GROUP BY                    |             |  4742 |   361K| 59575   (1)| 00:11:55 |
|*  2 |   FILTER                          |             |       |       |            |          |
|*  3 |    HASH JOIN                      |             |  4742 |   361K| 59574   (1)| 00:11:55 |
|   4 |     TABLE ACCESS FULL             | BM          |   614 | 13508 |     5   (0)| 00:00:01 |
|*  5 |     HASH JOIN                     |             |  4742 |   259K| 59569   (1)| 00:11:55 |
|   6 |      TABLE ACCESS FULL            | SKFS        |   506 |  3542 |     5   (0)| 00:00:01 |
|   7 |      NESTED LOOPS                 |             |  4742 |   226K| 59564   (1)| 00:11:55 |
|   8 |       NESTED LOOPS                |             | 40185 |   226K| 59564   (1)| 00:11:55 |
|*  9 |        TABLE ACCESS BY INDEX ROWID| BM          |     9 |   189 |     5   (0)| 00:00:01 |
|* 10 |         INDEX RANGE SCAN          | BM_BMDM     |     9 |       |     2   (0)| 00:00:01 |
|* 11 |        INDEX RANGE SCAN           | PK_SPSKFSXS |  4465 |       |  5554   (1)| 00:01:07 |
|* 12 |       TABLE ACCESS BY INDEX ROWID | SPSKFSXS    |   527 | 14756 |  8650   (1)| 00:01:44 |
-------------------------------------------------------------------------------------------------
 
Predicate Information (identified by operation id):
---------------------------------------------------
 
   2 - filter(TO_DATE('2017-5-31')>=TO_DATE('2017-5-1'))
   3 - access("M"."BMDM"=SUBSTR("B"."BMDM",1,14))
   5 - access("S"."SKFS"="F"."CODE")
   9 - filter("B"."FDBH"=2)
  10 - access("B"."BMDM" LIKE '010205%')
       filter("B"."BMDM" LIKE '010205%' AND ("B"."BMDM" LIKE '0101%' OR "B"."BMDM" LIKE 
              '0102%'))
  11 - access("S"."RQ">='2017-5-1' AND "S"."DEPTID"="B"."DEPTID" AND 
              "S"."RQ"<='2017-5-31')
       filter("S"."DEPTID"="B"."DEPTID")
  12 - filter(("S"."FDBH"=1 OR "S"."FDBH"=2) AND ("S"."HSFS"=0 OR "S"."HSFS"=1 OR 
              "S"."HSFS"=3 OR "S"."HSFS"=5))

3- Using New Indices
--------------------
Plan hash value: 1557596555

--------------------------------------------------------------------------------------------------------------------------------------
| Id  | Operation                              | Name           | Rows  | Bytes | Cost (%CPU)| Time     |    TQ  |IN-OUT| PQ Distrib |
--------------------------------------------------------------------------------------------------------------------------------------
|   0 | SELECT STATEMENT                       |                |   234 | 18252 |   908   (1)| 00:00:11 |        |      |            |
|*  1 |  PX COORDINATOR                        |                |       |       |            |          |        |      |            |
|   2 |   PX SEND QC (ORDER)                   | :TQ10003       |   234 | 18252 |   908   (1)| 00:00:11 |  Q1,03 | P->S | QC (ORDER) |
|   3 |    SORT GROUP BY                       |                |   234 | 18252 |   908   (1)| 00:00:11 |  Q1,03 | PCWP |            |
|   4 |     PX RECEIVE                         |                |   234 | 18252 |   907   (1)| 00:00:11 |  Q1,03 | PCWP |            |
|   5 |      PX SEND RANGE                     | :TQ10002       |   234 | 18252 |   907   (1)| 00:00:11 |  Q1,02 | P->P | RANGE      |
|*  6 |       FILTER                           |                |       |       |            |          |  Q1,02 | PCWC |            |
|*  7 |        HASH JOIN BUFFERED              |                |   234 | 18252 |   907   (1)| 00:00:11 |  Q1,02 | PCWP |            |
|   8 |         JOIN FILTER CREATE             | :BF0000        |   234 | 16614 |   905   (1)| 00:00:11 |  Q1,02 | PCWP |            |
|   9 |          PX RECEIVE                    |                |   234 | 16614 |   905   (1)| 00:00:11 |  Q1,02 | PCWP |            |
|  10 |           PX SEND HASH                 | :TQ10000       |   234 | 16614 |   905   (1)| 00:00:11 |  Q1,00 | P->P | HASH       |
|  11 |            NESTED LOOPS                |                |   234 | 16614 |   905   (1)| 00:00:11 |  Q1,00 | PCWP |            |
|  12 |             NESTED LOOPS               |                | 40185 | 16614 |   905   (1)| 00:00:11 |  Q1,00 | PCWP |            |
|  13 |              NESTED LOOPS              |                |     9 |   387 |     2   (0)| 00:00:01 |  Q1,00 | PCWP |            |
|  14 |               PX BLOCK ITERATOR        |                |       |       |            |          |  Q1,00 | PCWC |            |
|* 15 |                TABLE ACCESS FULL       | BM             |     9 |   189 |     2   (0)| 00:00:01 |  Q1,00 | PCWP |            |
|* 16 |               INDEX RANGE SCAN         | IDX$$_74A00001 |     1 |    22 |     1   (0)| 00:00:01 |  Q1,00 | PCWP |            |
|* 17 |              INDEX RANGE SCAN          | IDX$$_74A00002 |  4465 |       |  4358   (1)| 00:00:53 |  Q1,00 | PCWP |            |
|* 18 |             TABLE ACCESS BY INDEX ROWID| SPSKFSXS       |    26 |   728 |  8487   (1)| 00:01:42 |  Q1,00 | PCWP |            |
|  19 |         PX RECEIVE                     |                |   506 |  3542 |     2   (0)| 00:00:01 |  Q1,02 | PCWP |            |
|  20 |          PX SEND HASH                  | :TQ10001       |   506 |  3542 |     2   (0)| 00:00:01 |  Q1,01 | P->P | HASH       |
|  21 |           JOIN FILTER USE              | :BF0000        |   506 |  3542 |     2   (0)| 00:00:01 |  Q1,01 | PCWP |            |
|  22 |            PX BLOCK ITERATOR           |                |   506 |  3542 |     2   (0)| 00:00:01 |  Q1,01 | PCWC |            |
|* 23 |             TABLE ACCESS FULL          | SKFS           |   506 |  3542 |     2   (0)| 00:00:01 |  Q1,01 | PCWP |            |
--------------------------------------------------------------------------------------------------------------------------------------
 
Predicate Information (identified by operation id):
---------------------------------------------------
 
   1 - filter(TO_DATE('2017-5-31')>=TO_DATE('2017-5-1'))
   6 - filter(TO_DATE('2017-5-31')>=TO_DATE('2017-5-1'))
   7 - access("S"."SKFS"="F"."CODE")
  15 - filter("B"."FDBH"=2 AND "B"."BMDM" LIKE '010205%' AND ("B"."BMDM" LIKE '0101%' OR "B"."BMDM" LIKE '0102%'))
  16 - access("M"."BMDM"=SUBSTR("B"."BMDM",1,14))
  17 - access("S"."RQ">='2017-5-1' AND "S"."DEPTID"="B"."DEPTID" AND "S"."RQ"<='2017-5-31')
       filter("S"."DEPTID"="B"."DEPTID")
  18 - filter(("S"."FDBH"=1 OR "S"."FDBH"=2) AND ("S"."HSFS"=0 OR "S"."HSFS"=1 OR "S"."HSFS"=3 OR "S"."HSFS"=5))
  23 - filter(SYS_OP_BLOOM_FILTER(:BF0000,"F"."CODE"))

4- Using Parallel Execution
---------------------------
Plan hash value: 3879053111

----------------------------------------------------------------------------------------------------------------------------------
| Id  | Operation                             | Name        | Rows  | Bytes | Cost (%CPU)| Time     |    TQ  |IN-OUT| PQ Distrib |
----------------------------------------------------------------------------------------------------------------------------------
|   0 | SELECT STATEMENT                      |             |    28 |  2184 |  1037   (1)| 00:00:13 |        |      |            |
|*  1 |  PX COORDINATOR                       |             |       |       |            |          |        |      |            |
|   2 |   PX SEND QC (ORDER)                  | :TQ10001    |    28 |  2184 |  1037   (1)| 00:00:13 |  Q1,01 | P->S | QC (ORDER) |
|   3 |    SORT GROUP BY                      |             |    28 |  2184 |  1037   (1)| 00:00:13 |  Q1,01 | PCWP |            |
|   4 |     PX RECEIVE                        |             |    28 |  2184 |  1037   (1)| 00:00:13 |  Q1,01 | PCWP |            |
|   5 |      PX SEND RANGE                    | :TQ10000    |    28 |  2184 |  1037   (1)| 00:00:13 |  Q1,00 | P->P | RANGE      |
|*  6 |       FILTER                          |             |       |       |            |          |  Q1,00 | PCWC |            |
|   7 |        NESTED LOOPS                   |             |    28 |  2184 |  1037   (1)| 00:00:13 |  Q1,00 | PCWP |            |
|   8 |         NESTED LOOPS                  |             |    28 |  2184 |  1037   (1)| 00:00:13 |  Q1,00 | PCWP |            |
|   9 |          NESTED LOOPS                 |             |    28 |  1568 |  1036   (1)| 00:00:13 |  Q1,00 | PCWP |            |
|  10 |           NESTED LOOPS                |             |    28 |  1372 |  1036   (1)| 00:00:13 |  Q1,00 | PCWP |            |
|  11 |            PX BLOCK ITERATOR          |             |       |       |            |          |  Q1,00 | PCWC |            |
|* 12 |             TABLE ACCESS FULL         | BM          |     9 |   189 |     2   (0)| 00:00:01 |  Q1,00 | PCWP |            |
|* 13 |            TABLE ACCESS BY INDEX ROWID| SPSKFSXS    |     3 |    84 |   150   (0)| 00:00:02 |  Q1,00 | PCWP |            |
|* 14 |             INDEX RANGE SCAN          | PK_SPSKFSXS |  4465 |       |    96   (0)| 00:00:02 |  Q1,00 | PCWP |            |
|  15 |           TABLE ACCESS BY INDEX ROWID | SKFS        |     1 |     7 |     0   (0)| 00:00:01 |  Q1,00 | PCWP |            |
|* 16 |            INDEX UNIQUE SCAN          | PK_SKFS     |     1 |       |     0   (0)| 00:00:01 |  Q1,00 | PCWP |            |
|* 17 |          INDEX UNIQUE SCAN            | BM_BMDM     |     1 |       |     0   (0)| 00:00:01 |  Q1,00 | PCWP |            |
|  18 |         TABLE ACCESS BY INDEX ROWID   | BM          |     1 |    22 |     0   (0)| 00:00:01 |  Q1,00 | PCWP |            |
----------------------------------------------------------------------------------------------------------------------------------
 
Predicate Information (identified by operation id):
---------------------------------------------------
 
   1 - filter(TO_DATE('2017-5-31')>=TO_DATE('2017-5-1'))
   6 - filter(TO_DATE('2017-5-31')>=TO_DATE('2017-5-1'))
  12 - filter("B"."FDBH"=2 AND "B"."BMDM" LIKE '010205%' AND ("B"."BMDM" LIKE '0101%' OR "B"."BMDM" LIKE '0102%'))
  13 - filter(("S"."FDBH"=1 OR "S"."FDBH"=2) AND ("S"."HSFS"=0 OR "S"."HSFS"=1 OR "S"."HSFS"=3 OR "S"."HSFS"=5))
  14 - access("S"."RQ">='2017-5-1' AND "S"."DEPTID"="B"."DEPTID" AND "S"."RQ"<='2017-5-31')
       filter("S"."DEPTID"="B"."DEPTID")
  16 - access("S"."SKFS"="F"."CODE")
  17 - access("M"."BMDM"=SUBSTR("B"."BMDM",1,14))

-------------------------------------------------------------------------------
```

下图是在OEM中显示的优化对比分析，更为直观
![](http://oligvdnzp.bkt.clouddn.com/0630_sql_tune_03.png)

### 结合优化建议报告手动执行优化
``` perl
# 考虑运行可以改进物理方案设计的访问指导或者创建推荐的索引。
create index BFBHDD9.IDX$$_74A00001 on BFBHDD9.BM("BMDM","DEPT_NAME") TABLESPACE "JXC_INDEX";

# 考虑运行可以改进物理方案设计的访问指导或者创建推荐的索引。
create index BFBHDD9.IDX$$_74A00002 on BFBHDD9.SPSKFSXS("RQ","DEPTID","SKFS") TABLESPACE "JXC_INDEX";
```
