---
title: ERP库SQL优化_2cn3kwn50k81h_20170630
date: 2017-06-30
categories:
- workbook
tags:
- sql优化
---

### SQL语句
``` perl
select X.SPCODE 商品代码 , X.BARCODE 商品条码 , X.NAME 商品名称 , X.SPGG 商品规格 , X.UNIT 计量单位 , M.LSDJ 零售单价 , sum(XSSL) 销售数量 , sum(B.XSJE) 销售金额 , sum(B.YHJE) 优惠金额 , sum(B.ZKJE) 折扣金额 , PERSON_NAME 营业员 , M.DEPT_NAME 销售部门
from SPXX X , SKTXSJL A , SKTXSJLC B , SKTXSJLT C , WLDW W , SPXX_MC M , BM M , RYXX R
where A.JLBH = B.JLBH and A.SKTNO = B.SKTNO and B.SP_ID = X.SP_ID and B.DEPTID=M.DEPTID and M.GHDW=W.CODE AND X.SP_ID=M.SP_ID and A.JLBH = C.JLBH and A.SKTNO = C.SKTNO and C.YYY=R.PERSON_ID and A.JZRQ>=to_date('2016/7/17','yy/mm/dd') and A.JZRQ<=to_date('2016/7/17','yy/mm/dd') and
exists(select 1
from BM
where BMDM like '010202010208%' and DEPTID=B.DEPTID) and B.DEPTID in
(select DEPTID
from BM
where ((BMDM like '0102020102%'))) and M.HSFS <= 1 and M.MCID in (2) and (M.MCID in (2)) group by X.SPCODE,X.BARCODE,X.NAME,X.SPGG,X.UNIT,M.LSDJ,PERSON_NAME,M.DEPT_NAME
```

<!-- more -->
### 找出相关表，并查看未统计前表记录数
``` perl
col OBJECT_NAME for a30
select OBJECT_NAME,OBJECT_TYPE from dba_objects where OBJECT_NAME in 
  ('SPXX','SKTXSJL','SKTXSJLC','SKTXSJLT','WLDW','SPXX_MC','RYXX','BM') and OWNER in ('BFBHDD9','BFPUB9') order by 1;

OBJECT_NAME                    OBJECT_TYPE
------------------------------ -------------------
BM                             TABLE
RYXX                           VIEW
SKTXSJL                        TABLE
SKTXSJLC                       TABLE
SKTXSJLT                       TABLE
SPXX                           TABLE
SPXX_MC                        TABLE
WLDW                           TABLE

# 查询视图对应的表
select dbms_metadata.get_ddl('VIEW','RYXX','BFBHDD9') from dual;
#----------------------------------------------------------------------------------
CREATE OR REPLACE FORCE VIEW "BFBHDD9"."RYXX" ("PERSON_ID", "OLD_RYDM", "RYDM", "PERSON_NAME", "PYM", "DEPTID", "STATUS", "TM", "WORK_TYPE", "LZRQ", "GXRQ", "BMDM_CW", "FDBH", "BJ_SRKH") AS 
  SELECT
A.PERSON_ID,
A.OLD_RYDM,
A.RYDM,
A.PERSON_NAME,
A.PYM,
J.DEPTID,
A.STATUS,
J.TM,
J.WORK_TYPE,
A.LZRQ,
A.GXRQ,
A.BMDM_CW,
NVL(A.FDBH,0) FDBH,
0 as  BJ_SRKH
 FROM BFPUB9.RYXX A,BFBHDD9.RYXX_JXC J
 where A.PERSON_ID = J.PERSON_ID
#----------------------------------------------------------------------------------

select OWNER,TABLE_NAME,NUM_ROWS from dba_tables 
where OWNER in ('BFBHDD9','BFPUB9') and TABLE_NAME in 
    ('SPXX','SKTXSJL','SKTXSJLC','SKTXSJLT','WLDW','SPXX_MC','RYXX_JXC','RYXX','BM') order by 1,2;

OWNER                          TABLE_NAME                       NUM_ROWS
------------------------------ ------------------------------ ----------
BFBHDD9                        BM                                    614
BFBHDD9                        RYXX_JXC                             5901
BFBHDD9                        SKTXSJL                          27602114
BFBHDD9                        SKTXSJLC                         87610748
BFBHDD9                        SKTXSJLT                         25944852
BFBHDD9                        SPXX                               345088
BFBHDD9                        SPXX_MC                            394805
BFBHDD9                        WLDW                                 6414
BFPUB9                         RYXX                                 6057
```

### 重新收集表的统计信息
``` perl
exec dbms_stats.gather_table_stats('BFBHDD9','BM',cascade=>true,method_opt=>'for all columns size 1');
exec dbms_stats.gather_table_stats('BFBHDD9','RYXX_JXC',cascade=>true,method_opt=>'for all columns size 1');
exec dbms_stats.gather_table_stats('BFBHDD9','SKTXSJL',cascade=>true,method_opt=>'for all columns size 1');
exec dbms_stats.gather_table_stats('BFBHDD9','SKTXSJLC',cascade=>true,method_opt=>'for all columns size 1');
exec dbms_stats.gather_table_stats('BFBHDD9','SKTXSJLT',cascade=>true,method_opt=>'for all columns size 1');
exec dbms_stats.gather_table_stats('BFBHDD9','SPXX',cascade=>true,method_opt=>'for all columns size 1');
exec dbms_stats.gather_table_stats('BFBHDD9','SPXX_MC',cascade=>true,method_opt=>'for all columns size 1');
exec dbms_stats.gather_table_stats('BFBHDD9','WLDW',cascade=>true,method_opt=>'for all columns size 1');
exec dbms_stats.gather_table_stats('BFPUB9','RYXX',cascade=>true,method_opt=>'for all columns size 1');

# 查看统计后表记录信息 - 差别不大
select OWNER,TABLE_NAME,NUM_ROWS from dba_tables 
where OWNER in ('BFBHDD9','BFPUB9') and TABLE_NAME in 
    ('SPXX','SKTXSJL','SKTXSJLC','SKTXSJLT','WLDW','SPXX_MC','RYXX_JXC','RYXX','BM') order by 1,2;
    ('GHDWSKFSXS','SKFS','BM') order by 1;
OWNER                          TABLE_NAME                       NUM_ROWS
------------------------------ ------------------------------ ----------
BFBHDD9                        BM                                    614
BFBHDD9                        RYXX_JXC                             6095
BFBHDD9                        SKTXSJL                          27626006
BFBHDD9                        SKTXSJLC                         87685422
BFBHDD9                        SKTXSJLT                         27626006
BFBHDD9                        SPXX                               345115
BFBHDD9                        SPXX_MC                            394910
BFBHDD9                        WLDW                                 6416
BFPUB9                         RYXX                                 6090
```

### 根据SQL_ID生成优化建议报告
``` perl
set serveroutput on
declare
l_tuning_task varchar2(30);
begin
 l_tuning_task := dbms_sqltune.create_tuning_task(sql_id => '&SQL_ID');
 dbms_sqltune.execute_tuning_task(l_tuning_task);
 dbms_output.put_line(l_tuning_task);
end;
/

Enter value for sql_id: 2cn3kwn50k81h
old   4:  l_tuning_task := dbms_sqltune.create_tuning_task(sql_id => '&SQL_ID');
new   4:  l_tuning_task := dbms_sqltune.create_tuning_task(sql_id => '2cn3kwn50k81h');
TASK_29858

PL/SQL procedure successfully completed.
```

### 生成并查看优化建议报告
``` perl
set long 10000
select dbms_sqltune.report_tuning_task('TASK_29858') as re from dual;
```

优化建议报告：
``` perl
GENERAL INFORMATION SECTION
-------------------------------------------------------------------------------
Tuning Task Name   : TASK_29858
Tuning Task Owner  : SYS
Workload Type      : Single SQL Statement
Scope              : COMPREHENSIVE
Time Limit(seconds): 1800
Completion Status  : COMPLETED
Started at         : 06/30/2017 10:55:32
Completed at       : 06/30/2017 10:56:11

-------------------------------------------------------------------------------
Schema Name: BFBHDD9
SQL ID     : 2cn3kwn50k81h
SQL Text   : select X.SPCODE 商品代码 , X.BARCODE 商品条码 , X.NAME 商品名称 , X.SPGG
             商品规格 , X.UNIT 计量单位 , M.LSDJ 零售单价 , sum(XSSL) 销售数量 , sum(B.XSJE)
             销售金额 , sum(B.YHJE) 优惠金额 , sum(B.ZKJE) 折扣金额 , PERSON_NAME 营业员 ,
             M.DEPT_NAME 销售部门  from SPXX X , SKTXSJL A , SKTXSJLC B ,
             SKTXSJLT C , WLDW W , SPXX_MC M , BM M , RYXX R where  A.JLBH =
             B.JLBH and A.SKTNO = B.SKTNO and B.SP_ID = X.SP_ID and
             B.DEPTID=M.DEPTID  and M.GHDW=W.CODE AND X.SP_ID=M.SP_ID and
             A.JLBH = C.JLBH and A.SKTNO = C.SKTNO and C.YYY=R.PERSON_ID  and
             A.JZRQ>=to_date('2016/7/17','yy/mm/dd') and
             A.JZRQ<=to_date('2016/7/17','yy/mm/dd') and exists(select 1 from
             BM where BMDM like '010202010208%' and DEPTID=B.DEPTID)  and
             B.DEPTID in (select  DEPTID from BM where ((BMDM like
             '0102020102%'))) and M.HSFS <= 1 and M.MCID in (2) and (M.MCID
             in  (2)) group by X.SPCODE,X.BARCODE,X.NAME,X.SPGG,X.UNIT,M.LSDJ,
             PERSON_NAME,M.DEPT_NAME 

-------------------------------------------------------------------------------
FINDINGS SECTION (2 findings)
-------------------------------------------------------------------------------

1- SQL Profile Finding (see explain plans section below)
--------------------------------------------------------
  为此语句找到了性能更好的执行计划 2。选择以下 SQL 概要文件之一进行实施。

  Recommendation (estimated benefit: 94.01%)
  ------------------------------------------
  - 考虑接受推荐的 SQL 概要文件。
    execute dbms_sqltune.accept_sql_profile(task_name => 'TASK_29858',
            task_owner => 'SYS', replace => TRUE);

  Validation results
  ------------------
  已对 SQL profile 进行测试, 方法为执行其计划和原始计划并测量与计划相对应的执行统计信息。如果其中一个计划运行在很短的时间内就完成,
  则另一计划可能只执行了一部分。

                           Original Plan  With SQL Profile  % Improved
                           -------------  ----------------  ----------
  Completion Status:            COMPLETE          COMPLETE
  Elapsed Time (s):            6.762206           .219303      96.75 %
  CPU Time (s):                6.574001           .218966      96.66 %
  User I/O Time (s):            .171433                 0        100 %
  Buffer Gets:                  1484342             88815      94.01 %
  Physical Read Requests:            46                 0        100 %
  Physical Write Requests:            0                 0 
  Physical Read Bytes:           376832                 0        100 %
  Physical Write Bytes:               0                 0 
  Rows Processed:                    28                28 
  Fetches:                           28                28 
  Executions:                         1                 1 

  Notes
  -----
  1. the original plan 的统计信息是 1 执行的平均值。
  2. the SQL profile plan 的统计信息是 5 执行的平均值。

  Recommendation (estimated benefit: 99.75%)
  ------------------------------------------
  - 考虑接受建议的 SQL 概要文件, 以便对此语句使用并行执行。
    execute dbms_sqltune.accept_sql_profile(task_name => 'TASK_29858',
            task_owner => 'SYS', replace => TRUE, profile_type =>
            DBMS_SQLTUNE.PX_PROFILE);

  与 DOP 64 并行执行此查询会使 SQL 概要文件计划上的响应时间缩短 96.66%。但是, 启用并行执行时要付出一些代价。它将增加语句的资源消耗
  (预计为 113.47%), 这会导致系统吞吐量降低。此外, 由于在非常短的持续时间内消耗了这些资源, 因此如果没有足够可用的硬件容量,
  并发语句的响应时间将受到负面影响。

  The following data shows some sampled statistics for this SQL from the past
  week and projected weekly values when parallel execution is enabled.

                                 Past week sampled statistics for this SQL
                                 -----------------------------------------
  Number of executions                                                   0 
  Percent of total activity                                              0 
  Percent of samples with #Active Sessions > 2*CPU                       0 
  Weekly DB time (in sec)                                                0 

                              Projected statistics with Parallel Execution
                              --------------------------------------------
  Weekly DB time (in sec)                                                0 

2- Index Finding (see explain plans section below)
--------------------------------------------------
  通过创建一个或多个索引可以改进此语句的执行计划。

  Recommendation (estimated benefit: 97.91%)
  ------------------------------------------
  - 考虑运行可以改进物理方案设计的访问指导或者创建推荐的索引。
    create index BFBHDD9.IDX$$_74A20001 on BFBHDD9.SKTXSJLT("JLBH","SKTNO");

  Rationale
  ---------
    创建推荐的索引可以显著地改进此语句的执行计划。但是, 使用典型的 SQL 工作量运行 "访问指导"
    可能比单个语句更可取。通过这种方法可以获得全面的索引建议案, 包括计算索引维护的开销和附加的空间消耗。

-------------------------------------------------------------------------------
EXPLAIN PLANS SECTION
-------------------------------------------------------------------------------

1- Original With Adjusted Cost
------------------------------
Plan hash value: 2986591438

-----------------------------------------------------------------------------------------------------------------
| Id  | Operation                                | Name         | Rows  | Bytes |TempSpc| Cost (%CPU)| Time     |
-----------------------------------------------------------------------------------------------------------------
|   0 | SELECT STATEMENT                         |              |   746 |   166K|       |   293K  (1)| 00:58:46 |
|   1 |  HASH GROUP BY                           |              |   746 |   166K|       |   293K  (1)| 00:58:46 |
|*  2 |   FILTER                                 |              |       |       |       |            |          |
|   3 |    NESTED LOOPS                          |              |   746 |   166K|       |   293K  (1)| 00:58:46 |
|   4 |     NESTED LOOPS                         |              |   746 |   162K|       |   293K  (1)| 00:58:46 |
|   5 |      NESTED LOOPS                        |              |   735 |   151K|       |   293K  (1)| 00:58:37 |
|   6 |       NESTED LOOPS                       |              |   746 |   141K|       |   290K  (1)| 00:58:01 |
|   7 |        NESTED LOOPS                      |              |   746 |   136K|       |   290K  (1)| 00:58:01 |
|   8 |         NESTED LOOPS                     |              |   746 |   124K|       |   289K  (1)| 00:57:52 |
|   9 |          NESTED LOOPS                    |              |   746 |   107K|       |   287K  (1)| 00:57:34 |
|* 10 |           HASH JOIN                      |              |   746 | 68632 |    12M|   287K  (1)| 00:57:25 |
|* 11 |            HASH JOIN RIGHT SEMI          |              |   149K|    10M|       |   285K  (1)| 00:57:12 |
|  12 |             TABLE ACCESS BY INDEX ROWID  | BM           |     1 |    18 |       |     3   (0)| 00:00:01 |
|* 13 |              INDEX RANGE SCAN            | BM_BMDM      |     1 |       |       |     2   (0)| 00:00:01 |
|  14 |             NESTED LOOPS                 |              |  6911K|   362M|       |   285K  (1)| 00:57:11 |
|  15 |              NESTED LOOPS                |              |  6962K|   362M|       |   285K  (1)| 00:57:11 |
|  16 |               TABLE ACCESS BY INDEX ROWID| BM           |    16 |   288 |       |     7   (0)| 00:00:01 |
|* 17 |                INDEX RANGE SCAN          | BM_BMDM      |    16 |       |       |     2   (0)| 00:00:01 |
|* 18 |               INDEX RANGE SCAN           | SKTXSJLC_BM  |   435K|       |       |  1437   (1)| 00:00:18 |
|  19 |              TABLE ACCESS BY INDEX ROWID | SKTXSJLC     |   431K|    15M|       | 51138   (1)| 00:10:14 |
|  20 |            TABLE ACCESS BY INDEX ROWID   | SKTXSJL      | 25940 |   481K|       |   471   (1)| 00:00:06 |
|* 21 |             INDEX RANGE SCAN             | SKTXSJL_JZRQ | 26061 |       |       |   111   (0)| 00:00:02 |
|  22 |           TABLE ACCESS BY INDEX ROWID    | SPXX         |     1 |    56 |       |     1   (0)| 00:00:01 |
|* 23 |            INDEX UNIQUE SCAN             | PK_SPXX      |     1 |       |       |     0   (0)| 00:00:01 |
|* 24 |          TABLE ACCESS BY INDEX ROWID     | SPXX_MC      |     1 |    23 |       |     2   (0)| 00:00:01 |
|* 25 |           INDEX UNIQUE SCAN              | SPXX_MCID    |     1 |       |       |     1   (0)| 00:00:01 |
|  26 |         TABLE ACCESS BY INDEX ROWID      | BM           |     1 |    16 |       |     1   (0)| 00:00:01 |
|* 27 |          INDEX UNIQUE SCAN               | PK_BM        |     1 |       |       |     0   (0)| 00:00:01 |
|* 28 |        INDEX UNIQUE SCAN                 | PK_ZS_WLDW   |     1 |     7 |       |     0   (0)| 00:00:01 |
|  29 |       TABLE ACCESS BY INDEX ROWID        | SKTXSJLT     |     1 |    17 |       |     4   (0)| 00:00:01 |
|* 30 |        INDEX RANGE SCAN                  | PK_SKTXSJLT  |    13 |       |       |     3   (0)| 00:00:01 |
|  31 |      TABLE ACCESS BY INDEX ROWID         | RYXX         |     1 |    12 |       |     1   (0)| 00:00:01 |
|* 32 |       INDEX UNIQUE SCAN                  | PK_RYXX      |     1 |       |       |     0   (0)| 00:00:01 |
|* 33 |     INDEX UNIQUE SCAN                    | PK_RYXX_JXC  |     1 |     5 |       |     0   (0)| 00:00:01 |
-----------------------------------------------------------------------------------------------------------------
 
Predicate Information (identified by operation id):
---------------------------------------------------
 
   2 - filter(TO_DATE('2016/7/17','yy/mm/dd')>=TO_DATE('2016/7/17','yy/mm/dd'))
  10 - access("A"."JLBH"="B"."JLBH" AND "A"."SKTNO"="B"."SKTNO")
  11 - access("DEPTID"="B"."DEPTID")
  13 - access("BMDM" LIKE '010202010208%')
       filter("BMDM" LIKE '010202010208%')
  17 - access("BMDM" LIKE '0102020102%')
       filter("BMDM" LIKE '0102020102%')
  18 - access("B"."DEPTID"="DEPTID")
  21 - access("A"."JZRQ"=TO_DATE('2016/7/17','yy/mm/dd'))
  23 - access("B"."SP_ID"="X"."SP_ID")
  24 - filter("M"."HSFS"<=1)
  25 - access("X"."SP_ID"="M"."SP_ID" AND "M"."MCID"=2)
  27 - access("B"."DEPTID"="M"."DEPTID")
  28 - access("M"."GHDW"="W"."CODE")
  30 - access("A"."SKTNO"="C"."SKTNO" AND "A"."JLBH"="C"."JLBH")
  32 - access("C"."YYY"="A"."PERSON_ID")
  33 - access("A"."PERSON_ID"="J"."PERSON_ID")

2- Using SQL Profile
--------------------
Plan hash value: 3586076570

----------------------------------------------------------------------------------------------------------
| Id  | Operation                                 | Name         | Rows  | Bytes | Cost (%CPU)| Time     |
----------------------------------------------------------------------------------------------------------
|   0 | SELECT STATEMENT                          |              |   746 |   166K| 21504   (1)| 00:04:19 |
|   1 |  HASH GROUP BY                            |              |   746 |   166K| 21504   (1)| 00:04:19 |
|*  2 |   FILTER                                  |              |       |       |            |          |
|   3 |    NESTED LOOPS                           |              |   746 |   166K| 21503   (1)| 00:04:19 |
|*  4 |     HASH JOIN                             |              |   746 |   162K| 21503   (1)| 00:04:19 |
|*  5 |      HASH JOIN                            |              |    59 | 12449 | 21488   (1)| 00:04:18 |
|*  6 |       TABLE ACCESS FULL                   | BM           |    16 |   288 |     5   (0)| 00:00:01 |
|   7 |       NESTED LOOPS                        |              |   746 |   140K| 21483   (1)| 00:04:18 |
|   8 |        NESTED LOOPS                       |              |   746 |   135K| 21483   (1)| 00:04:18 |
|   9 |         NESTED LOOPS                      |              |    42 |  7098 | 21315   (1)| 00:04:16 |
|  10 |          NESTED LOOPS                     |              |   746 |   106K| 19826   (1)| 00:03:58 |
|* 11 |           HASH JOIN                       |              |   746 | 67140 | 19080   (1)| 00:03:49 |
|  12 |            TABLE ACCESS FULL              | BM           |   614 |  9824 |     5   (0)| 00:00:01 |
|* 13 |            HASH JOIN                      |              |   746 | 55204 | 19075   (1)| 00:03:49 |
|  14 |             TABLE ACCESS BY INDEX ROWID   | SKTXSJL      | 25940 |   481K|   471   (1)| 00:00:06 |
|* 15 |              INDEX RANGE SCAN             | SKTXSJL_JZRQ | 26061 |       |   111   (0)| 00:00:02 |
|  16 |             NESTED LOOPS                  |              |   149K|  8012K| 18603   (1)| 00:03:44 |
|  17 |              NESTED LOOPS                 |              |   150K|  8012K| 18603   (1)| 00:03:44 |
|  18 |               SORT UNIQUE                 |              |     1 |    18 |     3   (0)| 00:00:01 |
|  19 |                TABLE ACCESS BY INDEX ROWID| BM           |     1 |    18 |     3   (0)| 00:00:01 |
|* 20 |                 INDEX RANGE SCAN          | BM_BMDM      |     1 |       |     2   (0)| 00:00:01 |
|* 21 |               INDEX RANGE SCAN            | SKTXSJLC_BM  |   150K|       |  1434   (1)| 00:00:18 |
|  22 |              TABLE ACCESS BY INDEX ROWID  | SKTXSJLC     |   149K|  5390K| 18599   (1)| 00:03:44 |
|  23 |           TABLE ACCESS BY INDEX ROWID     | SPXX         |     1 |    56 |     1   (0)| 00:00:01 |
|* 24 |            INDEX UNIQUE SCAN              | PK_SPXX      |     1 |       |     0   (0)| 00:00:01 |
|* 25 |          TABLE ACCESS BY INDEX ROWID      | SPXX_MC      |     1 |    23 |     2   (0)| 00:00:01 |
|* 26 |           INDEX UNIQUE SCAN               | SPXX_MCID    |     1 |       |     1   (0)| 00:00:01 |
|  27 |         TABLE ACCESS BY INDEX ROWID       | SKTXSJLT     |    18 |   306 |     4   (0)| 00:00:01 |
|* 28 |          INDEX RANGE SCAN                 | PK_SKTXSJLT  |    18 |       |     3   (0)| 00:00:01 |
|* 29 |        INDEX UNIQUE SCAN                  | PK_ZS_WLDW   |     1 |     7 |     0   (0)| 00:00:01 |
|  30 |      TABLE ACCESS FULL                    | RYXX         |  6090 | 73080 |    15   (0)| 00:00:01 |
|* 31 |     INDEX UNIQUE SCAN                     | PK_RYXX_JXC  |     1 |     5 |     0   (0)| 00:00:01 |
----------------------------------------------------------------------------------------------------------
 
Predicate Information (identified by operation id):
---------------------------------------------------
 
   2 - filter(TO_DATE('2016/7/17','yy/mm/dd')>=TO_DATE('2016/7/17','yy/mm/dd'))
   4 - access("C"."YYY"="A"."PERSON_ID")
   5 - access("B"."DEPTID"="DEPTID")
   6 - filter("BMDM" LIKE '0102020102%')
  11 - access("B"."DEPTID"="M"."DEPTID")
  13 - access("A"."JLBH"="B"."JLBH" AND "A"."SKTNO"="B"."SKTNO")
  15 - access("A"."JZRQ"=TO_DATE('2016/7/17','yy/mm/dd'))
  20 - access("BMDM" LIKE '010202010208%')
       filter("BMDM" LIKE '010202010208%')
  21 - access("DEPTID"="B"."DEPTID")
  24 - access("B"."SP_ID"="X"."SP_ID")
  25 - filter("M"."HSFS"<=1)
  26 - access("X"."SP_ID"="M"."SP_ID" AND "M"."MCID"=2)
  28 - access("A"."SKTNO"="C"."SKTNO" AND "A"."JLBH"="C"."JLBH")
  29 - access("M"."GHDW"="W"."CODE")
  31 - access("A"."PERSON_ID"="J"."PERSON_ID")

3- Using New Indices
--------------------
Plan hash value: 3771852312

-----------------------------------------------------------------------------------------------------------------------------------------------
| Id  | Operation                                       | Name           | Rows  | Bytes | Cost (%CPU)| Time     |    TQ  |IN-OUT| PQ Distrib |
-----------------------------------------------------------------------------------------------------------------------------------------------
|   0 | SELECT STATEMENT                                |                |   746 |   166K|   448   (1)| 00:00:06 |        |      |            |
|*  1 |  PX COORDINATOR                                 |                |       |       |            |          |        |      |            |
|   2 |   PX SEND QC (RANDOM)                           | :TQ10006       |   746 |   166K|   448   (1)| 00:00:06 |  Q1,06 | P->S | QC (RAND)  |
|   3 |    HASH GROUP BY                                |                |   746 |   166K|   448   (1)| 00:00:06 |  Q1,06 | PCWP |            |
|   4 |     PX RECEIVE                                  |                |   746 |   166K|   447   (1)| 00:00:06 |  Q1,06 | PCWP |            |
|   5 |      PX SEND HASH                               | :TQ10005       |   746 |   166K|   447   (1)| 00:00:06 |  Q1,05 | P->P | HASH       |
|   6 |       BUFFER SORT                               |                |   746 |   166K|   448   (1)| 00:00:06 |  Q1,05 | PCWP |            |
|*  7 |        FILTER                                   |                |       |       |            |          |  Q1,05 | PCWC |            |
|   8 |         NESTED LOOPS                            |                |   746 |   166K|   447   (1)| 00:00:06 |  Q1,05 | PCWP |            |
|   9 |          NESTED LOOPS                           |                |   746 |   166K|   447   (1)| 00:00:06 |  Q1,05 | PCWP |            |
|  10 |           NESTED LOOPS                          |                |     1 |   212 |   447   (1)| 00:00:06 |  Q1,05 | PCWP |            |
|  11 |            NESTED LOOPS                         |                |     1 |   207 |   447   (1)| 00:00:06 |  Q1,05 | PCWP |            |
|  12 |             NESTED LOOPS                        |                |     1 |   195 |   447   (1)| 00:00:06 |  Q1,05 | PCWP |            |
|  13 |              NESTED LOOPS                       |                |     1 |   178 |   447   (1)| 00:00:06 |  Q1,05 | PCWP |            |
|* 14 |               HASH JOIN                         |                |   666 |   103K|   424   (1)| 00:00:06 |  Q1,05 | PCWP |            |
|  15 |                PX RECEIVE                       |                |    16 |   288 |     2   (0)| 00:00:01 |  Q1,05 | PCWP |            |
|  16 |                 PX SEND BROADCAST               | :TQ10001       |    16 |   288 |     2   (0)| 00:00:01 |  Q1,01 | P->P | BROADCAST  |
|  17 |                  PX BLOCK ITERATOR              |                |    16 |   288 |     2   (0)| 00:00:01 |  Q1,01 | PCWC |            |
|* 18 |                   TABLE ACCESS FULL             | BM             |    16 |   288 |     2   (0)| 00:00:01 |  Q1,01 | PCWP |            |
|  19 |                NESTED LOOPS                     |                |  8450 |  1163K|   422   (1)| 00:00:06 |  Q1,05 | PCWP |            |
|* 20 |                 HASH JOIN                       |                |  8450 |  1105K|   422   (1)| 00:00:06 |  Q1,05 | PCWP |            |
|  21 |                  PX RECEIVE                     |                |  5111 |   114K|    34   (0)| 00:00:01 |  Q1,05 | PCWP |            |
|  22 |                   PX SEND HASH                  | :TQ10002       |  5111 |   114K|    34   (0)| 00:00:01 |  Q1,02 | P->P | HASH       |
|  23 |                    PX BLOCK ITERATOR            |                |  5111 |   114K|    34   (0)| 00:00:01 |  Q1,02 | PCWC |            |
|* 24 |                     TABLE ACCESS FULL           | SPXX_MC        |  5111 |   114K|    34   (0)| 00:00:01 |  Q1,02 | PCWP |            |
|* 25 |                  HASH JOIN                      |                |   149K|    15M|   388   (1)| 00:00:05 |  Q1,05 | PCWP |            |
|  26 |                   PX RECEIVE                    |                |   149K|  8012K|   326   (1)| 00:00:04 |  Q1,05 | PCWP |            |
|  27 |                    PX SEND HASH                 | :TQ10003       |   149K|  8012K|   326   (1)| 00:00:04 |  Q1,03 | P->P | HASH       |
|  28 |                     NESTED LOOPS                |                |   149K|  8012K|   326   (1)| 00:00:04 |  Q1,03 | PCWP |            |
|  29 |                      NESTED LOOPS               |                |   150K|  8012K|   326   (1)| 00:00:04 |  Q1,03 | PCWP |            |
|  30 |                       SORT UNIQUE               |                |     1 |    18 |     2   (0)| 00:00:01 |  Q1,03 | PCWP |            |
|  31 |                        PX RECEIVE               |                |     1 |    18 |     2   (0)| 00:00:01 |  Q1,03 | PCWP |            |
|  32 |                         PX SEND HASH            | :TQ10000       |     1 |    18 |     2   (0)| 00:00:01 |  Q1,00 | P->P | HASH       |
|  33 |                          PX BLOCK ITERATOR      |                |     1 |    18 |     2   (0)| 00:00:01 |  Q1,00 | PCWC |            |
|* 34 |                           TABLE ACCESS FULL     | BM             |     1 |    18 |     2   (0)| 00:00:01 |  Q1,00 | PCWP |            |
|* 35 |                       INDEX RANGE SCAN          | SKTXSJLC_BM    |   150K|       |    25   (0)| 00:00:01 |  Q1,03 | PCWP |            |
|  36 |                      TABLE ACCESS BY INDEX ROWID| SKTXSJLC       |   149K|  5390K|   323   (0)| 00:00:04 |  Q1,03 | PCWP |            |
|  37 |                   PX RECEIVE                    |                |   345K|    18M|    62   (0)| 00:00:01 |  Q1,05 | PCWP |            |
|  38 |                    PX SEND HASH                 | :TQ10004       |   345K|    18M|    62   (0)| 00:00:01 |  Q1,04 | P->P | HASH       |
|  39 |                     PX BLOCK ITERATOR           |                |   345K|    18M|    62   (0)| 00:00:01 |  Q1,04 | PCWC |            |
|  40 |                      TABLE ACCESS FULL          | SPXX           |   345K|    18M|    62   (0)| 00:00:01 |  Q1,04 | PCWP |            |
|* 41 |                 INDEX UNIQUE SCAN               | PK_ZS_WLDW     |     1 |     7 |     0   (0)| 00:00:01 |  Q1,05 | PCWP |            |
|* 42 |               TABLE ACCESS BY INDEX ROWID       | SKTXSJL        |     1 |    19 |     0   (0)| 00:00:01 |  Q1,05 | PCWP |            |
|* 43 |                INDEX UNIQUE SCAN                | PK_SKTXSJL     |     1 |       |     0   (0)| 00:00:01 |  Q1,05 | PCWP |            |
|  44 |              TABLE ACCESS BY INDEX ROWID        | SKTXSJLT       |     1 |    17 |     3   (0)| 00:00:01 |  Q1,05 | PCWP |            |
|* 45 |               INDEX RANGE SCAN                  | IDX$$_74A20001 |     1 |       |     2   (0)| 00:00:01 |  Q1,05 | PCWP |            |
|  46 |             TABLE ACCESS BY INDEX ROWID         | RYXX           |     1 |    12 |     0   (0)| 00:00:01 |  Q1,05 | PCWP |            |
|* 47 |              INDEX UNIQUE SCAN                  | PK_RYXX        |     1 |       |     0   (0)| 00:00:01 |  Q1,05 | PCWP |            |
|* 48 |            INDEX UNIQUE SCAN                    | PK_RYXX_JXC    |     1 |     5 |     0   (0)| 00:00:01 |  Q1,05 | PCWP |            |
|* 49 |           INDEX UNIQUE SCAN                     | PK_BM          |     1 |       |     0   (0)| 00:00:01 |  Q1,05 | PCWP |            |
|  50 |          TABLE ACCESS BY INDEX ROWID            | BM             |  1219 | 19504 |     0   (0)| 00:00:01 |  Q1,05 | PCWP |            |
-----------------------------------------------------------------------------------------------------------------------------------------------
 
Predicate Information (identified by operation id):
---------------------------------------------------
 
   1 - filter(TO_DATE('2016/7/17','yy/mm/dd')>=TO_DATE('2016/7/17','yy/mm/dd'))
   7 - filter(TO_DATE('2016/7/17','yy/mm/dd')>=TO_DATE('2016/7/17','yy/mm/dd'))
  14 - access("B"."DEPTID"="DEPTID")
  18 - filter("BMDM" LIKE '0102020102%')
  20 - access("X"."SP_ID"="M"."SP_ID")
  24 - filter("M"."MCID"=2 AND "M"."HSFS"<=1)
  25 - access("B"."SP_ID"="X"."SP_ID")
  34 - filter("BMDM" LIKE '010202010208%')
  35 - access("DEPTID"="B"."DEPTID")
  41 - access("M"."GHDW"="W"."CODE")
  42 - filter("A"."JZRQ"=TO_DATE('2016/7/17','yy/mm/dd'))
  43 - access("A"."SKTNO"="B"."SKTNO" AND "A"."JLBH"="B"."JLBH")
  45 - access("A"."JLBH"="C"."JLBH" AND "A"."SKTNO"="C"."SKTNO")
  47 - access("C"."YYY"="A"."PERSON_ID")
  48 - access("A"."PERSON_ID"="J"."PERSON_ID")
  49 - access("B"."DEPTID"="M"."DEPTID")

4- Using Parallel Execution
---------------------------
Plan hash value: 168572116

-------------------------------------------------------------------------------------------------------------------------------------------
| Id  | Operation                                      | Name        | Rows  | Bytes | Cost (%CPU)| Time     |    TQ  |IN-OUT| PQ Distrib |
-------------------------------------------------------------------------------------------------------------------------------------------
|   0 | SELECT STATEMENT                               |             |   746 |   166K|   717   (1)| 00:00:09 |        |      |            |
|*  1 |  PX COORDINATOR                                |             |       |       |            |          |        |      |            |
|   2 |   PX SEND QC (RANDOM)                          | :TQ10005    |   746 |   166K|   717   (1)| 00:00:09 |  Q1,05 | P->S | QC (RAND)  |
|   3 |    HASH GROUP BY                               |             |   746 |   166K|   717   (1)| 00:00:09 |  Q1,05 | PCWP |            |
|   4 |     PX RECEIVE                                 |             |   746 |   166K|   716   (1)| 00:00:09 |  Q1,05 | PCWP |            |
|   5 |      PX SEND HASH                              | :TQ10004    |   746 |   166K|   716   (1)| 00:00:09 |  Q1,04 | P->P | HASH       |
|   6 |       BUFFER SORT                              |             |   746 |   166K|   717   (1)| 00:00:09 |  Q1,04 | PCWP |            |
|*  7 |        FILTER                                  |             |       |       |            |          |  Q1,04 | PCWC |            |
|   8 |         NESTED LOOPS                           |             |   746 |   166K|   716   (1)| 00:00:09 |  Q1,04 | PCWP |            |
|   9 |          NESTED LOOPS                          |             |   746 |   162K|   716   (1)| 00:00:09 |  Q1,04 | PCWP |            |
|  10 |           NESTED LOOPS                         |             |     1 |   211 |   716   (1)| 00:00:09 |  Q1,04 | PCWP |            |
|  11 |            NESTED LOOPS                        |             |     1 |   195 |   716   (1)| 00:00:09 |  Q1,04 | PCWP |            |
|  12 |             NESTED LOOPS                       |             |     8 |  1416 |   716   (1)| 00:00:09 |  Q1,04 | PCWP |            |
|  13 |              NESTED LOOPS                      |             |     8 |  1280 |   716   (1)| 00:00:09 |  Q1,04 | PCWP |            |
|  14 |               NESTED LOOPS                     |             |  8450 |  1163K|   422   (1)| 00:00:06 |  Q1,04 | PCWP |            |
|* 15 |                HASH JOIN                       |             |  8450 |  1105K|   422   (1)| 00:00:06 |  Q1,04 | PCWP |            |
|  16 |                 PX RECEIVE                     |             |  5111 |   114K|    34   (0)| 00:00:01 |  Q1,04 | PCWP |            |
|  17 |                  PX SEND HASH                  | :TQ10001    |  5111 |   114K|    34   (0)| 00:00:01 |  Q1,01 | P->P | HASH       |
|  18 |                   PX BLOCK ITERATOR            |             |  5111 |   114K|    34   (0)| 00:00:01 |  Q1,01 | PCWC |            |
|* 19 |                    TABLE ACCESS FULL           | SPXX_MC     |  5111 |   114K|    34   (0)| 00:00:01 |  Q1,01 | PCWP |            |
|* 20 |                 HASH JOIN                      |             |   149K|    15M|   388   (1)| 00:00:05 |  Q1,04 | PCWP |            |
|  21 |                  PX RECEIVE                    |             |   149K|  8012K|   326   (1)| 00:00:04 |  Q1,04 | PCWP |            |
|  22 |                   PX SEND HASH                 | :TQ10002    |   149K|  8012K|   326   (1)| 00:00:04 |  Q1,02 | P->P | HASH       |
|  23 |                    NESTED LOOPS                |             |   149K|  8012K|   326   (1)| 00:00:04 |  Q1,02 | PCWP |            |
|  24 |                     NESTED LOOPS               |             |   150K|  8012K|   326   (1)| 00:00:04 |  Q1,02 | PCWP |            |
|  25 |                      SORT UNIQUE               |             |     1 |    18 |     2   (0)| 00:00:01 |  Q1,02 | PCWP |            |
|  26 |                       PX RECEIVE               |             |     1 |    18 |     2   (0)| 00:00:01 |  Q1,02 | PCWP |            |
|  27 |                        PX SEND HASH            | :TQ10000    |     1 |    18 |     2   (0)| 00:00:01 |  Q1,00 | P->P | HASH       |
|  28 |                         PX BLOCK ITERATOR      |             |     1 |    18 |     2   (0)| 00:00:01 |  Q1,00 | PCWC |            |
|* 29 |                          TABLE ACCESS FULL     | BM          |     1 |    18 |     2   (0)| 00:00:01 |  Q1,00 | PCWP |            |
|* 30 |                      INDEX RANGE SCAN          | SKTXSJLC_BM |   150K|       |    25   (0)| 00:00:01 |  Q1,02 | PCWP |            |
|  31 |                     TABLE ACCESS BY INDEX ROWID| SKTXSJLC    |   149K|  5390K|   323   (0)| 00:00:04 |  Q1,02 | PCWP |            |
|  32 |                  PX RECEIVE                    |             |   345K|    18M|    62   (0)| 00:00:01 |  Q1,04 | PCWP |            |
|  33 |                   PX SEND HASH                 | :TQ10003    |   345K|    18M|    62   (0)| 00:00:01 |  Q1,03 | P->P | HASH       |
|  34 |                    PX BLOCK ITERATOR           |             |   345K|    18M|    62   (0)| 00:00:01 |  Q1,03 | PCWC |            |
|  35 |                     TABLE ACCESS FULL          | SPXX        |   345K|    18M|    62   (0)| 00:00:01 |  Q1,03 | PCWP |            |
|* 36 |                INDEX UNIQUE SCAN               | PK_ZS_WLDW  |     1 |     7 |     0   (0)| 00:00:01 |  Q1,04 | PCWP |            |
|* 37 |               TABLE ACCESS BY INDEX ROWID      | SKTXSJL     |     1 |    19 |     0   (0)| 00:00:01 |  Q1,04 | PCWP |            |
|* 38 |                INDEX UNIQUE SCAN               | PK_SKTXSJL  |     1 |       |     0   (0)| 00:00:01 |  Q1,04 | PCWP |            |
|  39 |              TABLE ACCESS BY INDEX ROWID       | SKTXSJLT    |     1 |    17 |     0   (0)| 00:00:01 |  Q1,04 | PCWP |            |
|* 40 |               INDEX RANGE SCAN                 | PK_SKTXSJLT |     1 |       |     0   (0)| 00:00:01 |  Q1,04 | PCWP |            |
|* 41 |             TABLE ACCESS BY INDEX ROWID        | BM          |     1 |    18 |     0   (0)| 00:00:01 |  Q1,04 | PCWP |            |
|* 42 |              INDEX UNIQUE SCAN                 | PK_BM       |     1 |       |     0   (0)| 00:00:01 |  Q1,04 | PCWP |            |
|  43 |            TABLE ACCESS BY INDEX ROWID         | BM          |     1 |    16 |     0   (0)| 00:00:01 |  Q1,04 | PCWP |            |
|* 44 |             INDEX UNIQUE SCAN                  | PK_BM       |     1 |       |     0   (0)| 00:00:01 |  Q1,04 | PCWP |            |
|  45 |           TABLE ACCESS BY INDEX ROWID          | RYXX        |  1219 | 14628 |     0   (0)| 00:00:01 |  Q1,04 | PCWP |            |
|* 46 |            INDEX UNIQUE SCAN                   | PK_RYXX     |     1 |       |     0   (0)| 00:00:01 |  Q1,04 | PCWP |            |
|* 47 |          INDEX UNIQUE SCAN                     | PK_RYXX_JXC |     1 |     5 |     0   (0)| 00:00:01 |  Q1,04 | PCWP |            |
-------------------------------------------------------------------------------------------------------------------------------------------
 
Predicate Information (identified by operation id):
---------------------------------------------------
 
   1 - filter(TO_DATE('2016/7/17','yy/mm/dd')>=TO_DATE('2016/7/17','yy/mm/dd'))
   7 - filter(TO_DATE('2016/7/17','yy/mm/dd')>=TO_DATE('2016/7/17','yy/mm/dd'))
  15 - access("X"."SP_ID"="M"."SP_ID")
  19 - filter("M"."MCID"=2 AND "M"."HSFS"<=1)
  20 - access("B"."SP_ID"="X"."SP_ID")
  29 - filter("BMDM" LIKE '010202010208%')
  30 - access("DEPTID"="B"."DEPTID")
  36 - access("M"."GHDW"="W"."CODE")
  37 - filter("A"."JZRQ"=TO_DATE('2016/7/17','yy/mm/dd'))
  38 - access("A"."SKTNO"="B"."SKTNO" AND "A"."JLBH"="B"."JLBH")
  40 - access("A"."SKTNO"="C"."SKTNO" AND "A"."JLBH"="C"."JLBH")
  41 - filter("BMDM" LIKE '0102020102%')
  42 - access("B"."DEPTID"="DEPTID")
  44 - access("B"."DEPTID"="M"."DEPTID")
  46 - access("C"."YYY"="A"."PERSON_ID")
  47 - access("A"."PERSON_ID"="J"."PERSON_ID")

-------------------------------------------------------------------------------
```

下图是在OEM中显示的优化对比分析，更为直观
![](http://oligvdnzp.bkt.clouddn.com/0630_sql_tune_04.png)

### 结合优化建议报告手动执行优化
``` perl
# 考虑运行可以改进物理方案设计的访问指导或者创建推荐的索引。
create index BFBHDD9.IDX$$_74A20001 on BFBHDD9.SKTXSJLT("JLBH","SKTNO") TABLESPACE "JXC_INDEX";
```
