---
title: ERP库SQL优化_gcgjg4mcynay2_20170629
date: 2017-06-29
categories:
- workbook
tags:
- sql优化
---

### SQL语句
``` perl
select X.SP_ID , X.SPCODE 商品代码 , X.NAME 商品名称 , sum(C.XSJE) 含券销售 , 0 去券销售 , count(distinct C.SKTNO||to_char(C.JLBH)) 票数 , 0 票单价 , sum(XSSL) 销售数量 , 0 件单价 , 0 含券票单价 , 0 含券件单价 ,
(select sum(((1-abs(sign(I.YWLX-10)))+(1-abs(sign(I.YWLX-13)))+(1-abs(sign(I.YWLX-14)))+(1-abs(sign(I.YWLX-15))))*(I.JE+I.SJ))
from SPJXCR R,SPJXCR_XM I
where R.ID=I.ID and X.SP_ID=R.SP_ID and R.RQ>=to_date('2017/6/1','yyyy-mm-dd') and R.RQ<=to_date('2017/6/29','yyyy-mm-dd') ) as 销售成本 , 0 含券毛利 , 0 去券毛利
from SKTXSJLC C , BM B , SKTXSJL L , SPSB A , SPXX X , SPXX_MC M , BM M1
where C.DEPTID=B.DEPTID and L.SKTNO=C.SKTNO and L.JLBH=C.JLBH and C.SP_ID=X.SP_ID and X.SB=A.SBID and X.SP_ID=M.SP_ID AND B.FDBH=M.MCID and substr(B.BMDM,1,8)=M1.BMDM and length(M1.BMDM)=8 and L.JZRQ >=to_date('2017/6/1','yyyy-mm-dd') and L.JZRQ <to_date('2017/6/30','yyyy-mm-dd') and B.BMDM like '010101040101%' and B.FDBH in (1) and (B.FDBH in (1)) and ((B.BMDM like '0101010401%') or (B.BMDM like '0101010402%') or (B.BMDM like '0101010403%') or (B.BMDM like '0101010404%') or (B.BMDM like '0101010405%')) group by X.SP_ID,X.NAME,X.SPCODE
```

<!-- more -->
### 找出相关表，并查看未统计前表记录数
``` perl
col OBJECT_NAME for a30
select OBJECT_NAME,OBJECT_TYPE from dba_objects where OBJECT_NAME in 
  ('SPJXCR','SPJXCR_XM','SKTXSJLC','BM','SKTXSJL','SPSB','SPXX','SPXX_MC') and OWNER='BFBHDD9';

OBJECT_NAME                    OBJECT_TYPE
------------------------------ -------------------
BM                             TABLE
SKTXSJL                        TABLE
SKTXSJLC                       TABLE
SPJXCR                         TABLE
SPJXCR_XM                      TABLE
SPSB                           TABLE
SPXX                           TABLE
SPXX_MC                        TABLE

select TABLE_NAME,NUM_ROWS from dba_tables 
where OWNER='BFBHDD9' and TABLE_NAME in 
     ('SPJXCR','SPJXCR_XM','SKTXSJLC','BM','SKTXSJL','SPSB','SPXX','SPXX_MC') order by 1;

TABLE_NAME                       NUM_ROWS
------------------------------ ----------
BM                                    596
SKTXSJL                          25944852
SKTXSJLC                         85428048
SPJXCR                           48035026
SPJXCR_XM                        81363988
SPSB                                14347
SPXX                               344485
SPXX_MC                            394337
```

### 重新收集表的统计信息
``` perl
exec dbms_stats.gather_table_stats('BFBHDD9','BM',cascade=>true,method_opt=>'for all columns size 1');
exec dbms_stats.gather_table_stats('BFBHDD9','SKTXSJL',cascade=>true,method_opt=>'for all columns size 1');
exec dbms_stats.gather_table_stats('BFBHDD9','SKTXSJLC',cascade=>true,method_opt=>'for all columns size 1');
exec dbms_stats.gather_table_stats('BFBHDD9','SPJXCR',cascade=>true,method_opt=>'for all columns size 1');
exec dbms_stats.gather_table_stats('BFBHDD9','SPJXCR_XM',cascade=>true,method_opt=>'for all columns size 1');
exec dbms_stats.gather_table_stats('BFBHDD9','SPSB',cascade=>true,method_opt=>'for all columns size 1');
exec dbms_stats.gather_table_stats('BFBHDD9','SPXX_MC',cascade=>true,method_opt=>'for all columns size 1');
```

### 根据SQL_ID进行优化
``` perl
set serveroutput on
declare
l_tuning_task varchar2(30);
begin
 l_tuning_task := dbms_sqltune.create_tuning_task(sql_id => '&SQL_ID');
 dbms_sqltune.execute_tuning_task(l_tuning_task);
 dbms_output.put_line(l_tuning_task);
end;
/

Enter value for sql_id: gcgjg4mcynay2
old   4:  l_tuning_task := dbms_sqltune.create_tuning_task(sql_id => '&SQL_ID');
new   4:  l_tuning_task := dbms_sqltune.create_tuning_task(sql_id => 'gcgjg4mcynay2');
TASK_29828

PL/SQL procedure successfully completed.
```

### 生成并查看优化建议报告
``` perl
set serveroutput on
declare
l_tuning_task varchar2(30);
begin
 l_tuning_task := dbms_sqltune.create_tuning_task(sql_id => '&SQL_ID');
 dbms_sqltune.execute_tuning_task(l_tuning_task);
 dbms_output.put_line(l_tuning_task);
end;
/

Enter value for sql_id: gcgjg4mcynay2
old   4:  l_tuning_task := dbms_sqltune.create_tuning_task(sql_id => '&SQL_ID');
new   4:  l_tuning_task := dbms_sqltune.create_tuning_task(sql_id => 'gcgjg4mcynay2');
TASK_29828

PL/SQL procedure successfully completed.

set long 10000
select dbms_sqltune.report_tuning_task('TASK_29828') as re from dual;
```

优化建议报告：
``` perl
GENERAL INFORMATION SECTION
-------------------------------------------------------------------------------
Tuning Task Name   : TASK_29828
Tuning Task Owner  : SYS
Workload Type      : Single SQL Statement
Scope              : COMPREHENSIVE
Time Limit(seconds): 1800
Completion Status  : COMPLETED
Started at         : 06/29/2017 10:09:49
Completed at       : 06/29/2017 10:10:52

-------------------------------------------------------------------------------
Schema Name: BFBHDD9
SQL ID     : gcgjg4mcynay2
SQL Text   : select X.SP_ID , X.SPCODE 商品代码 , X.NAME 商品名称 , sum(C.XSJE) 含券销售
             , 0 去券销售 , count(distinct C.SKTNO||to_char(C.JLBH)) 票数 , 0 票单价 ,
             sum(XSSL) 销售数量 , 0 件单价 , 0 含券票单价 , 0 含券件单价 , (select
             sum(((1-abs(sign(I.YWLX-10)))+(1-abs(sign(I.YWLX-13)))+(1-abs(sig
             n(I.YWLX-14)))+(1-abs(sign(I.YWLX-15))))*(I.JE+I.SJ)) from
             SPJXCR R,SPJXCR_XM I where R.ID=I.ID and X.SP_ID=R.SP_ID and
             R.RQ>=to_date('2017/6/1','yyyy-mm-dd') and
             R.RQ<=to_date('2017/6/29','yyyy-mm-dd') ) as 销售成本 , 0 含券毛利 , 0
             去券毛利  from SKTXSJLC C , BM B , SKTXSJL L , SPSB A , SPXX X ,
             SPXX_MC M , BM M1 where  C.DEPTID=B.DEPTID and L.SKTNO=C.SKTNO
             and L.JLBH=C.JLBH and C.SP_ID=X.SP_ID and X.SB=A.SBID and
             X.SP_ID=M.SP_ID AND B.FDBH=M.MCID  and
             substr(B.BMDM,1,8)=M1.BMDM and length(M1.BMDM)=8 and L.JZRQ
             >=to_date('2017/6/1','yyyy-mm-dd') and L.JZRQ
             <to_date('2017/6/30','yyyy-mm-dd') and B.BMDM like
             '010101040101%' and B.FDBH in (1) and (B.FDBH in  (1))  and
             ((B.BMDM like '0101010401%') or  (B.BMDM like '0101010402%') or 
             (B.BMDM like '0101010403%') or  (B.BMDM like '0101010404%') or 
             (B.BMDM like '0101010405%')) group by X.SP_ID,X.NAME,X.SPCODE 

-------------------------------------------------------------------------------
FINDINGS SECTION (2 findings)
-------------------------------------------------------------------------------

1- SQL Profile Finding (see explain plans section below)
--------------------------------------------------------
  为此语句找到了性能更好的执行计划。

  Recommendation (estimated benefit: 91.62%)
  ------------------------------------------
  - 考虑接受推荐的 SQL 概要文件。
    execute dbms_sqltune.accept_sql_profile(task_name => 'TASK_29828',
            task_owner => 'SYS', replace => TRUE);

2- Index Finding (see explain plans section below)
--------------------------------------------------
  通过创建一个或多个索引可以改进此语句的执行计划。

  Recommendation (estimated benefit: 96.19%)
  ------------------------------------------
  - 考虑运行访问指导以改进物理方案设计或者创建推荐的索引。如果选择创建推荐的索引, 请考虑删除索引 "BFBHDD9"."SPJXCR_SP_ID",
    因为它是推荐的索引的前缀。
    create index BFBHDD9.IDX$$_74840001 on BFBHDD9.SPJXCR("SP_ID","RQ","ID");

  - 考虑运行可以改进物理方案设计的访问指导或者创建推荐的索引。
    create index BFBHDD9.IDX$$_74840002 on BFBHDD9.SPJXCR_XM("ID");

  - 考虑运行可以改进物理方案设计的访问指导或者创建推荐的索引。
    create index BFBHDD9.IDX$$_74840003 on BFBHDD9.SKTXSJLC("SKTNO","JLBH");

  Rationale
  ---------
    创建推荐的索引可以显著地改进此语句的执行计划。但是, 使用典型的 SQL 工作量运行 "访问指导"
    可能比单个语句更可取。通过这种方法可以获得全面的索引建议案, 包括计算索引维护的开销和附加的空间消耗。

-------------------------------------------------------------------------------
EXPLAIN PLANS SECTION
-------------------------------------------------------------------------------

1- Original With Adjusted Cost
------------------------------
Plan hash value: 3746267536

---------------------------------------------------------------------------------------------------
| Id  | Operation                          | Name         | Rows  | Bytes | Cost (%CPU)| Time     |
---------------------------------------------------------------------------------------------------
|   0 | SELECT STATEMENT                   |              |  4291 |   569K|   430K  (1)| 01:26:09 |
|   1 |  SORT AGGREGATE                    |              |     1 |    39 |            |          |
|   2 |   NESTED LOOPS                     |              |     3 |   117 |   393K  (1)| 01:18:45 |
|   3 |    NESTED LOOPS                    |              |   919K|   117 |   393K  (1)| 01:18:45 |
|   4 |     TABLE ACCESS BY INDEX ROWID    | SPJXCR       |     1 |    21 |   244   (4)| 00:00:03 |
|*  5 |      INDEX SKIP SCAN               | SPJXCR_MAIN  |     4 |       |   242   (4)| 00:00:03 |
|*  6 |     INDEX RANGE SCAN               | PK_SPJXCR_XM |   919K|       |  3570   (1)| 00:00:43 |
|   7 |    TABLE ACCESS BY INDEX ROWID     | SPJXCR_XM    |     3 |    54 |   393K  (1)| 01:18:42 |
|   8 |  SORT GROUP BY                     |              |  4291 |   569K|   430K  (1)| 01:26:09 |
|   9 |   NESTED LOOPS                     |              |  4291 |   569K|   430K  (1)| 01:26:09 |
|  10 |    NESTED LOOPS                    |              |     1 |   131 |   430K  (1)| 01:26:09 |
|  11 |     NESTED LOOPS                   |              |  2973 |   325K|   424K  (1)| 01:24:58 |
|  12 |      NESTED LOOPS                  |              |  2377 |   188K| 35910   (1)| 00:07:11 |
|* 13 |       HASH JOIN                    |              | 35556 |  1458K|   338   (2)| 00:00:05 |
|* 14 |        HASH JOIN                   |              |     1 |    33 |     6   (0)| 00:00:01 |
|* 15 |         INDEX FAST FULL SCAN       | BM_BMDM      |    49 |   588 |     3   (0)| 00:00:01 |
|* 16 |         TABLE ACCESS BY INDEX ROWID| BM           |     1 |    21 |     3   (0)| 00:00:01 |
|* 17 |          INDEX RANGE SCAN          | BM_BMDM      |     1 |       |     2   (0)| 00:00:01 |
|* 18 |        INDEX FAST FULL SCAN        | SPXX_MCID    | 35556 |   312K|   332   (2)| 00:00:04 |
|  19 |       TABLE ACCESS BY INDEX ROWID  | SPXX         |     1 |    39 |     1   (0)| 00:00:01 |
|* 20 |        INDEX UNIQUE SCAN           | PK_SPXX      |     1 |       |     0   (0)| 00:00:01 |
|* 21 |      TABLE ACCESS BY INDEX ROWID   | SKTXSJLC     |     1 |    31 |   608   (0)| 00:00:08 |
|* 22 |       INDEX RANGE SCAN             | SKTXSJLC_SP  |   966 |       |     5   (0)| 00:00:01 |
|* 23 |     TABLE ACCESS BY INDEX ROWID    | SKTXSJL      |     1 |    19 |     2   (0)| 00:00:01 |
|* 24 |      INDEX UNIQUE SCAN             | PK_SKTXSJL   |     1 |       |     1   (0)| 00:00:01 |
|* 25 |    INDEX UNIQUE SCAN               | PK_ZS_SPSB   | 54959 |   268K|     0   (0)| 00:00:01 |
---------------------------------------------------------------------------------------------------
 
Predicate Information (identified by operation id):
---------------------------------------------------
 
   5 - access("R"."RQ">=TO_DATE(' 2017-06-01 00:00:00', 'syyyy-mm-dd hh24:mi:ss') AND 
              "R"."SP_ID"=:B1 AND "R"."RQ"<=TO_DATE(' 2017-06-29 00:00:00', 'syyyy-mm-dd hh24:mi:ss'))
       filter("R"."SP_ID"=:B1)
   6 - access("R"."ID"="I"."ID")
  13 - access("B"."FDBH"="M"."MCID")
  14 - access("M1"."BMDM"=SUBSTR("B"."BMDM",1,8))
  15 - filter(LENGTH("M1"."BMDM")=8)
  16 - filter("B"."FDBH"=1)
  17 - access("B"."BMDM" LIKE '010101040101%')
       filter("B"."BMDM" LIKE '010101040101%' AND ("B"."BMDM" LIKE '0101010401%' OR 
              "B"."BMDM" LIKE '0101010402%' OR "B"."BMDM" LIKE '0101010403%' OR "B"."BMDM" LIKE 
              '0101010404%' OR "B"."BMDM" LIKE '0101010405%'))
  18 - filter("M"."MCID"=1)
  20 - access("X"."SP_ID"="M"."SP_ID")
  21 - filter("C"."DEPTID"="B"."DEPTID")
  22 - access("C"."SP_ID"="X"."SP_ID")
  23 - filter("L"."JZRQ">=TO_DATE(' 2017-06-01 00:00:00', 'syyyy-mm-dd hh24:mi:ss') AND 
              "L"."JZRQ"<TO_DATE(' 2017-06-30 00:00:00', 'syyyy-mm-dd hh24:mi:ss'))
  24 - access("L"."SKTNO"="C"."SKTNO" AND "L"."JLBH"="C"."JLBH")
  25 - access("X"."SB"="A"."SBID")

2- Using SQL Profile
--------------------
Plan hash value: 641793051

----------------------------------------------------------------------------------------------------------------
| Id  | Operation                            | Name            | Rows  | Bytes |TempSpc| Cost (%CPU)| Time     |
----------------------------------------------------------------------------------------------------------------
|   0 | SELECT STATEMENT                     |                 | 16410 |  2179K|       | 36076   (1)| 00:07:13 |
|   1 |  SORT AGGREGATE                      |                 |     1 |    39 |       |            |          |
|*  2 |   HASH JOIN                          |                 |     3 |   117 |       | 80569   (2)| 00:16:07 |
|   3 |    TABLE ACCESS BY INDEX ROWID       | SPJXCR          |     1 |    21 |       |   244   (4)| 00:00:03 |
|*  4 |     INDEX SKIP SCAN                  | SPJXCR_MAIN     |     4 |       |       |   242   (4)| 00:00:03 |
|   5 |    TABLE ACCESS FULL                 | SPJXCR_XM       |    88M|  1523M|       | 79903   (2)| 00:15:59 |
|   6 |  SORT GROUP BY                       |                 | 16410 |  2179K|  2360K| 36076   (1)| 00:07:13 |
|   7 |   NESTED LOOPS                       |                 | 16410 |  2179K|       | 35577   (1)| 00:07:07 |
|   8 |    NESTED LOOPS                      |                 | 16410 |  1987K|       | 35575   (1)| 00:07:07 |
|*  9 |     HASH JOIN                        |                 |   133 | 15827 |       | 35575   (1)| 00:07:07 |
|* 10 |      INDEX FAST FULL SCAN            | SPXX_MCID       | 35556 |   312K|       |   332   (2)| 00:00:04 |
|  11 |      NESTED LOOPS                    |                 | 16410 |  1762K|       | 35243   (1)| 00:07:03 |
|  12 |       NESTED LOOPS                   |                 | 16410 |  1762K|       | 35243   (1)| 00:07:03 |
|* 13 |        HASH JOIN                     |                 |   133 |  9443 |       | 35110   (1)| 00:07:02 |
|* 14 |         TABLE ACCESS BY INDEX ROWID  | BM              |     1 |    21 |       |     3   (0)| 00:00:01 |
|* 15 |          INDEX RANGE SCAN            | BM_BMDM         |     1 |       |       |     2   (0)| 00:00:01 |
|  16 |         NESTED LOOPS                 |                 |   847K|    40M|       | 35103   (1)| 00:07:02 |
|  17 |          NESTED LOOPS                |                 |   847K|    40M|       | 35103   (1)| 00:07:02 |
|  18 |           TABLE ACCESS BY INDEX ROWID| SKTXSJL         |   694 | 13186 |       | 13560   (1)| 00:02:43 |
|* 19 |            INDEX RANGE SCAN          | SKTXSJL_JZRQ    |   750K|       |       |  3157   (1)| 00:00:38 |
|* 20 |           INDEX RANGE SCAN           | SKTXSJLC_INX_SP |  1221 |       |       |     8   (0)| 00:00:01 |
|  21 |          TABLE ACCESS BY INDEX ROWID | SKTXSJLC        |  1220 | 37820 |       |    31   (0)| 00:00:01 |
|* 22 |        INDEX UNIQUE SCAN             | PK_SPXX         |     1 |       |       |     0   (0)| 00:00:01 |
|  23 |       TABLE ACCESS BY INDEX ROWID    | SPXX            |   123 |  4797 |       |     1   (0)| 00:00:01 |
|* 24 |     INDEX UNIQUE SCAN                | PK_ZS_SPSB      |   123 |   615 |       |     0   (0)| 00:00:01 |
|* 25 |    INDEX UNIQUE SCAN                 | BM_BMDM         |     1 |    12 |       |     0   (0)| 00:00:01 |
----------------------------------------------------------------------------------------------------------------
 
Predicate Information (identified by operation id):
---------------------------------------------------
 
   2 - access("R"."ID"="I"."ID")
   4 - access("R"."RQ">=TO_DATE(' 2017-06-01 00:00:00', 'syyyy-mm-dd hh24:mi:ss') AND "R"."SP_ID"=:B1 
              AND "R"."RQ"<=TO_DATE(' 2017-06-29 00:00:00', 'syyyy-mm-dd hh24:mi:ss'))
       filter("R"."SP_ID"=:B1)
   9 - access("X"."SP_ID"="M"."SP_ID" AND "B"."FDBH"="M"."MCID")
  10 - filter("M"."MCID"=1)
  13 - access("C"."DEPTID"="B"."DEPTID")
  14 - filter("B"."FDBH"=1)
  15 - access("B"."BMDM" LIKE '010101040101%')
       filter("B"."BMDM" LIKE '010101040101%' AND ("B"."BMDM" LIKE '0101010401%' OR "B"."BMDM" LIKE 
              '0101010402%' OR "B"."BMDM" LIKE '0101010403%' OR "B"."BMDM" LIKE '0101010404%' OR "B"."BMDM" LIKE 
              '0101010405%'))
  19 - access("L"."JZRQ">=TO_DATE(' 2017-06-01 00:00:00', 'syyyy-mm-dd hh24:mi:ss') AND 
              "L"."JZRQ"<TO_DATE(' 2017-06-30 00:00:00', 'syyyy-mm-dd hh24:mi:ss'))
  20 - access("L"."SKTNO"="C"."SKTNO" AND "L"."JLBH"="C"."JLBH")
  22 - access("C"."SP_ID"="X"."SP_ID")
  24 - access("X"."SB"="A"."SBID")
  25 - access("M1"."BMDM"=SUBSTR("B"."BMDM",1,8))
       filter(LENGTH("M1"."BMDM")=8)

3- Using New Indices
--------------------
Plan hash value: 2891500234

-----------------------------------------------------------------------------------------------------------------------------------------------
| Id  | Operation                               | Name           | Rows  | Bytes |TempSpc| Cost (%CPU)| Time     |    TQ  |IN-OUT| PQ Distrib |
-----------------------------------------------------------------------------------------------------------------------------------------------
|   0 | SELECT STATEMENT                        |                |   234K|    30M|       |  1372   (1)| 00:00:17 |        |      |            |
|   1 |  SORT AGGREGATE                         |                |     1 |    39 |       |            |          |        |      |            |
|   2 |   NESTED LOOPS                          |                |     3 |   117 |       |     7   (0)| 00:00:01 |        |      |            |
|   3 |    NESTED LOOPS                         |                |     3 |   117 |       |     7   (0)| 00:00:01 |        |      |            |
|*  4 |     INDEX RANGE SCAN                    | IDX$$_74840001 |     1 |    21 |       |     4   (0)| 00:00:01 |        |      |            |
|*  5 |     INDEX RANGE SCAN                    | IDX$$_74840002 |     3 |       |       |     2   (0)| 00:00:01 |        |      |            |
|   6 |    TABLE ACCESS BY INDEX ROWID          | SPJXCR_XM      |     3 |    54 |       |     3   (0)| 00:00:01 |        |      |            |
|   7 |  PX COORDINATOR                         |                |       |       |       |            |          |        |      |            |
|   8 |   PX SEND QC (RANDOM)                   | :TQ10003       |   234K|    30M|       |  1372   (1)| 00:00:17 |  Q1,03 | P->S | QC (RAND)  |
|   9 |    SORT GROUP BY                        |                |   234K|    30M|    32M|  1372   (1)| 00:00:17 |  Q1,03 | PCWP |            |
|  10 |     NESTED LOOPS                        |                |   234K|    30M|       |  1370   (1)| 00:00:17 |  Q1,03 | PCWP |            |
|  11 |      NESTED LOOPS                       |                | 16410 |  1987K|       |  1370   (1)| 00:00:17 |  Q1,03 | PCWP |            |
|* 12 |       HASH JOIN                         |                |   133 | 15827 |       |  1370   (1)| 00:00:17 |  Q1,03 | PCWP |            |
|  13 |        PX RECEIVE                       |                | 35556 |   312K|       |     6   (0)| 00:00:01 |  Q1,03 | PCWP |            |
|  14 |         PX SEND HASH                    | :TQ10001       | 35556 |   312K|       |     6   (0)| 00:00:01 |  Q1,01 | P->P | HASH       |
|  15 |          PX BLOCK ITERATOR              |                | 35556 |   312K|       |     6   (0)| 00:00:01 |  Q1,01 | PCWC |            |
|* 16 |           INDEX FAST FULL SCAN          | SPXX_MCID      | 35556 |   312K|       |     6   (0)| 00:00:01 |  Q1,01 | PCWP |            |
|  17 |        PX RECEIVE                       |                | 16410 |  1762K|       |  1365   (1)| 00:00:17 |  Q1,03 | PCWP |            |
|  18 |         PX SEND HASH                    | :TQ10002       | 16410 |  1762K|       |  1365   (1)| 00:00:17 |  Q1,02 | P->P | HASH       |
|  19 |          NESTED LOOPS                   |                | 16410 |  1762K|       |  1365   (1)| 00:00:17 |  Q1,02 | PCWP |            |
|  20 |           NESTED LOOPS                  |                | 16410 |  1762K|       |  1365   (1)| 00:00:17 |  Q1,02 | PCWP |            |
|* 21 |            HASH JOIN                    |                |   133 |  9443 |       |  1362   (1)| 00:00:17 |  Q1,02 | PCWP |            |
|  22 |             PX RECEIVE                  |                |     1 |    21 |       |     2   (0)| 00:00:01 |  Q1,02 | PCWP |            |
|  23 |              PX SEND BROADCAST          | :TQ10000       |     1 |    21 |       |     2   (0)| 00:00:01 |  Q1,00 | P->P | BROADCAST  |
|  24 |               PX BLOCK ITERATOR         |                |     1 |    21 |       |     2   (0)| 00:00:01 |  Q1,00 | PCWC |            |
|* 25 |                TABLE ACCESS FULL        | BM             |     1 |    21 |       |     2   (0)| 00:00:01 |  Q1,00 | PCWP |            |
|  26 |             NESTED LOOPS                |                |   847K|    40M|       |  1360   (1)| 00:00:17 |  Q1,02 | PCWP |            |
|  27 |              NESTED LOOPS               |                |   847K|    40M|       |  1360   (1)| 00:00:17 |  Q1,02 | PCWP |            |
|  28 |               PX BLOCK ITERATOR         |                |       |       |       |            |          |  Q1,02 | PCWC |            |
|* 29 |                TABLE ACCESS FULL        | SKTXSJL        |   694 | 13186 |       |  1312   (1)| 00:00:16 |  Q1,02 | PCWP |            |
|* 30 |               INDEX RANGE SCAN          | IDX$$_74840003 |     1 |       |       |     3   (0)| 00:00:01 |  Q1,02 | PCWP |            |
|  31 |              TABLE ACCESS BY INDEX ROWID| SKTXSJLC       |  1220 | 37820 |       |     4   (0)| 00:00:01 |  Q1,02 | PCWP |            |
|* 32 |            INDEX UNIQUE SCAN            | PK_SPXX        |     1 |       |       |     0   (0)| 00:00:01 |  Q1,02 | PCWP |            |
|  33 |           TABLE ACCESS BY INDEX ROWID   | SPXX           |   123 |  4797 |       |     0   (0)| 00:00:01 |  Q1,02 | PCWP |            |
|* 34 |       INDEX UNIQUE SCAN                 | PK_ZS_SPSB     |   123 |   615 |       |     0   (0)| 00:00:01 |  Q1,03 | PCWP |            |
|* 35 |      INDEX UNIQUE SCAN                  | BM_BMDM        |    14 |   168 |       |     0   (0)| 00:00:01 |  Q1,03 | PCWP |            |
-----------------------------------------------------------------------------------------------------------------------------------------------
 
Predicate Information (identified by operation id):
---------------------------------------------------
 
   4 - access("R"."SP_ID"=:B1 AND "R"."RQ">=TO_DATE(' 2017-06-01 00:00:00', 'syyyy-mm-dd hh24:mi:ss') AND "R"."RQ"<=TO_DATE(' 
              2017-06-29 00:00:00', 'syyyy-mm-dd hh24:mi:ss'))
   5 - access("R"."ID"="I"."ID")
  12 - access("X"."SP_ID"="M"."SP_ID" AND "B"."FDBH"="M"."MCID")
  16 - filter("M"."MCID"=1)
  21 - access("C"."DEPTID"="B"."DEPTID")
  25 - filter("B"."FDBH"=1 AND "B"."BMDM" LIKE '010101040101%' AND ("B"."BMDM" LIKE '0101010401%' OR "B"."BMDM" LIKE '0101010402%' OR 
              "B"."BMDM" LIKE '0101010403%' OR "B"."BMDM" LIKE '0101010404%' OR "B"."BMDM" LIKE '0101010405%'))
  29 - filter("L"."JZRQ">=TO_DATE(' 2017-06-01 00:00:00', 'syyyy-mm-dd hh24:mi:ss') AND "L"."JZRQ"<TO_DATE(' 2017-06-30 00:00:00', 
              'syyyy-mm-dd hh24:mi:ss'))
  30 - access("L"."SKTNO"="C"."SKTNO" AND "L"."JLBH"="C"."JLBH")
  32 - access("C"."SP_ID"="X"."SP_ID")
  34 - access("X"."SB"="A"."SBID")
  35 - access("M1"."BMDM"=SUBSTR("B"."BMDM",1,8))
       filter(LENGTH("M1"."BMDM")=8)

-------------------------------------------------------------------------------
```

下图是在OEM中显示的优化对比分析，更为直观
![](http://oligvdnzp.bkt.clouddn.com/0627_sql_tune_01.png)

### 结合优化建议报告手动执行优化
``` perl
select dbms_metadata.get_ddl('INDEX','SPJXCR_SP_ID','BFBHDD9') from dual;
-------------------------------------------------------------------------------
  CREATE INDEX "BFBHDD9"."SPJXCR_SP_ID" ON "BFBHDD9"."SPJXCR" ("SP_ID") 
  PCTFREE 10 INITRANS 2 MAXTRANS 255 COMPUTE STATISTICS 
  STORAGE(INITIAL 65536 NEXT 1048576 MINEXTENTS 1 MAXEXTENTS 2147483645
  PCTINCREASE 0 FREELISTS 1 FREELIST GROUPS 1
  BUFFER_POOL DEFAULT FLASH_CACHE DEFAULT CELL_FLASH_CACHE DEFAULT)
  TABLESPACE "JXC" 
-------------------------------------------------------------------------------

drop index BFBHDD9.SPJXCR_SP_ID;

create index BFBHDD9.IDX$$_74840001 on BFBHDD9.SPJXCR("SP_ID","RQ","ID") TABLESPACE "JXC_INDEX";
create index BFBHDD9.IDX$$_74840002 on BFBHDD9.SPJXCR_XM("ID")  TABLESPACE "JXC_INDEX";
create index BFBHDD9.IDX$$_74840003 on BFBHDD9.SKTXSJLC("SKTNO","JLBH")  TABLESPACE "JXC_INDEX";
```
