---
title: ERP库SQL优化_9zgg2jrx41wxz_20170630
date: 2017-06-30
categories:
- workbook
tags:
- sql优化
---

### SQL语句
``` perl
select '' 支付方式ID , '' 支付方式 , F.ZFFSLX 支付代码 , DECODE(F.ZFFSLX,0,'现金',1,'卡券',2,'信用卡','其他')||'小计' 支付类型 , SUM(G.XSJE) 销售金额 , '' 占比
from GHDWSKFSXS G , SKFS F , BM B
where G.SKFS=F.CODE and G.DEPTID=B.DEPTID and B.BMDM like '01020201%' and B.FDBH in (2) and (G.FDBH in (1,2)) and ((B.BMDM like '0101%') or (B.BMDM like '010103%') or (B.BMDM like '0102%') or (B.BMDM like '010202010215%')) and G.RQ >=to_date('2017/6/1','yyyy-mm-dd') and G.RQ <=to_date('2017/6/29','yyyy-mm-dd') GROUP BY F.ZFFSLX order by F.ZFFSLX

select G.SKFS 支付方式ID , F.NAME 支付方式 , F.ZFFSLX 支付代码 , DECODE(F.ZFFSLX,0,'现金',1,'卡券',2,'信用卡','其他') 支付类型 , SUM(G.XSJE) 销售金额 , '' 占比
from GHDWSKFSXS G , SKFS F , BM B
where G.SKFS=F.CODE and G.DEPTID=B.DEPTID and B.BMDM like '010101%' and B.FDBH in (1) and (G.FDBH in (1,2)) and ((B.BMDM like '0101%') or (B.BMDM like '0102%') or (B.BMDM like '010205%')) and G.RQ >=to_date('2017-5-1','yyyy-mm-dd') and G.RQ <=to_date('2017-5-31','yyyy-mm-dd') GROUP BY G.SKFS,F.NAME,F.ZFFSLX order by F.ZFFSLX
```

<!-- more -->
### 找出相关表，并查看未统计前表记录数
``` perl
col OBJECT_NAME for a30
select OBJECT_NAME,OBJECT_TYPE from dba_objects where OBJECT_NAME in 
  ('GHDWSKFSXS','SKFS','BM') and OWNER='BFBHDD9' order by 1;

OBJECT_NAME                    OBJECT_TYPE
------------------------------ -------------------
BM                             TABLE
GHDWSKFSXS                     TABLE
SKFS                           TABLE

select TABLE_NAME,NUM_ROWS from dba_tables 
where OWNER='BFBHDD9' and TABLE_NAME in 
    ('GHDWSKFSXS','SKFS','BM') order by 1;

TABLE_NAME                       NUM_ROWS
------------------------------ ----------
BM                                    614
GHDWSKFSXS                        8698731
SKFS                                  506
```

### 重新收集表的统计信息
``` perl
exec dbms_stats.gather_table_stats('BFBHDD9','BM',cascade=>true,method_opt=>'for all columns size 1');
exec dbms_stats.gather_table_stats('BFBHDD9','GHDWSKFSXS',cascade=>true,method_opt=>'for all columns size 1');
exec dbms_stats.gather_table_stats('BFBHDD9','SKFS',cascade=>true,method_opt=>'for all columns size 1');

# 查看统计后表记录信息 - 差别不大
select TABLE_NAME,NUM_ROWS from dba_tables 
where OWNER='BFBHDD9' and TABLE_NAME in 
    ('GHDWSKFSXS','SKFS','BM') order by 1;
TABLE_NAME                       NUM_ROWS
------------------------------ ----------
BM                                    614
GHDWSKFSXS                        8873046
SKFS                                  506
```

### 根据SQL_ID生成优化建议报告
``` perl
set serveroutput on
declare
l_tuning_task varchar2(30);
begin
 l_tuning_task := dbms_sqltune.create_tuning_task(sql_id => '&SQL_ID');
 dbms_sqltune.execute_tuning_task(l_tuning_task);
 dbms_output.put_line(l_tuning_task);
end;
/

Enter value for sql_id: 9zgg2jrx41wxz
old   4:  l_tuning_task := dbms_sqltune.create_tuning_task(sql_id => '&SQL_ID');
new   4:  l_tuning_task := dbms_sqltune.create_tuning_task(sql_id => '9zgg2jrx41wxz');
TASK_29855

PL/SQL procedure successfully completed.
```

### 生成并查看优化建议报告
``` perl
set long 10000
select dbms_sqltune.report_tuning_task('TASK_29855') as re from dual;
```

优化建议报告：
``` perl
GENERAL INFORMATION SECTION
-------------------------------------------------------------------------------
Tuning Task Name   : TASK_29855
Tuning Task Owner  : SYS
Workload Type      : Single SQL Statement
Scope              : COMPREHENSIVE
Time Limit(seconds): 1800
Completion Status  : COMPLETED
Started at         : 06/30/2017 09:14:06
Completed at       : 06/30/2017 09:14:38

-------------------------------------------------------------------------------
Schema Name: BFBHDD9
SQL ID     : 9zgg2jrx41wxz
SQL Text   : select '' 支付方式ID , '' 支付方式 , F.ZFFSLX 支付代码 ,
             DECODE(F.ZFFSLX,0,'现金',1,'卡券',2,'信用卡','其他')||'小计' 支付类型 ,
             SUM(G.XSJE) 销售金额 , '' 占比  from GHDWSKFSXS G , SKFS F , BM B
             where  G.SKFS=F.CODE and G.DEPTID=B.DEPTID and B.BMDM like
             '01020201%' and B.FDBH in (2) and (G.FDBH in  (1,2))  and
             ((B.BMDM like '0101%') or  (B.BMDM like '010103%') or  (B.BMDM
             like '0102%') or  (B.BMDM like '010202010215%')) and G.RQ
             >=to_date('2017/6/1','yyyy-mm-dd') and G.RQ
             <=to_date('2017/6/29','yyyy-mm-dd') GROUP BY F.ZFFSLX   order by
             F.ZFFSLX 

-------------------------------------------------------------------------------
FINDINGS SECTION (2 findings)
-------------------------------------------------------------------------------

1- SQL Profile Finding (see explain plans section below)
--------------------------------------------------------
  为此语句找到了性能更好的执行计划 2。选择以下 SQL 概要文件之一进行实施。

  Recommendation (estimated benefit: 95.25%)
  ------------------------------------------
  - 考虑接受推荐的 SQL 概要文件。
    execute dbms_sqltune.accept_sql_profile(task_name => 'TASK_29855',
            task_owner => 'SYS', replace => TRUE);

  Validation results
  ------------------
  已对 SQL profile 进行测试, 方法为执行其计划和原始计划并测量与计划相对应的执行统计信息。如果其中一个计划运行在很短的时间内就完成,
  则另一计划可能只执行了一部分。

                           Original Plan  With SQL Profile  % Improved
                           -------------  ----------------  ----------
  Completion Status:             PARTIAL          COMPLETE
  Elapsed Time (s):           15.555013           .414523      97.33 %
  CPU Time (s):                15.52164           .413603      97.33 %
  User I/O Time (s):                  0                 0 
  Buffer Gets:                  1233707             58592      95.25 %
  Physical Read Requests:             0                 0 
  Physical Write Requests:            0                 0 
  Physical Read Bytes:                0                 0 
  Physical Write Bytes:               0                 0 
  Rows Processed:                     0                 3 
  Fetches:                            0                 3 
  Executions:                         0                 1 

  Notes
  -----
  1. the original plan 的统计信息是 0 执行的平均值。
  2. the SQL profile plan 的统计信息是 3 执行的平均值。

  Recommendation (estimated benefit: 99.99%)
  ------------------------------------------
  - 考虑接受建议的 SQL 概要文件, 以便对此语句使用并行执行。
    execute dbms_sqltune.accept_sql_profile(task_name => 'TASK_29855',
            task_owner => 'SYS', replace => TRUE, profile_type =>
            DBMS_SQLTUNE.PX_PROFILE);

  与 DOP 64 并行执行此查询会使 SQL 概要文件计划上的响应时间缩短 98.24%。但是, 启用并行执行时要付出一些代价。它将增加语句的资源消耗
  (预计为 12.92%), 这会导致系统吞吐量降低。此外, 由于在非常短的持续时间内消耗了这些资源, 因此如果没有足够可用的硬件容量,
  并发语句的响应时间将受到负面影响。

  The following data shows some sampled statistics for this SQL from the past
  week and projected weekly values when parallel execution is enabled.

                                 Past week sampled statistics for this SQL
                                 -----------------------------------------
  Number of executions                                                   0 
  Percent of total activity                                              0 
  Percent of samples with #Active Sessions > 2*CPU                       0 
  Weekly DB time (in sec)                                                0 

                              Projected statistics with Parallel Execution
                              --------------------------------------------
  Weekly DB time (in sec)                                                0 

2- Alternative Plan Finding
---------------------------
  通过搜索系统的实时和历史性能数据找到了此语句的某些替代执行计划。

  The following table lists these plans ranked by their average elapsed time.
  See section "ALTERNATIVE PLANS SECTION" for detailed information on each
  plan.

  id plan hash  last seen            elapsed (s)  origin          note            
  -- ---------- -------------------- ------------ --------------- ----------------
   1 1527876461  2017-06-30/09:08:42        0.448 Cursor Cache                    
   2 2968500907  2017-06-30/09:00:03      197.659 Cursor Cache    original plan   

  Recommendation
  --------------
  - 请考虑使用最佳平均用时为计划创建 SQL 计划基线。
    execute dbms_sqltune.create_sql_plan_baseline(task_name => 'TASK_29855',
            owner_name => 'SYS', plan_hash_value => 1527876461);

-------------------------------------------------------------------------------
EXPLAIN PLANS SECTION
-------------------------------------------------------------------------------

1- Original With Adjusted Cost
------------------------------
Plan hash value: 2968500907

-------------------------------------------------------------------------------------------------
| Id  | Operation                       | Name          | Rows  | Bytes | Cost (%CPU)| Time     |
-------------------------------------------------------------------------------------------------
|   0 | SELECT STATEMENT                |               |     3 |   162 |    22M  (1)| 74:37:37 |
|   1 |  SORT GROUP BY                  |               |     3 |   162 |    22M  (1)| 74:37:37 |
|   2 |   NESTED LOOPS                  |               |   137 |  7398 |    22M  (1)| 74:37:37 |
|   3 |    NESTED LOOPS                 |               | 44022 |  7398 |    22M  (1)| 74:37:37 |
|   4 |     MERGE JOIN CARTESIAN        |               | 14674 |   401K|   116   (1)| 00:00:02 |
|*  5 |      TABLE ACCESS BY INDEX ROWID| BM            |    29 |   609 |    11   (0)| 00:00:01 |
|*  6 |       INDEX RANGE SCAN          | BM_BMDM       |    29 |       |     2   (0)| 00:00:01 |
|   7 |      BUFFER SORT                |               |   506 |  3542 |   105   (1)| 00:00:02 |
|   8 |       TABLE ACCESS FULL         | SKFS          |   506 |  3542 |     4   (0)| 00:00:01 |
|*  9 |     INDEX RANGE SCAN            | PK_GHDWSKFSXS |     3 |       |  1525   (1)| 00:00:19 |
|* 10 |    TABLE ACCESS BY INDEX ROWID  | GHDWSKFSXS    |     1 |    26 |  1528   (1)| 00:00:19 |
-------------------------------------------------------------------------------------------------
 
Predicate Information (identified by operation id):
---------------------------------------------------
 
   5 - filter("B"."FDBH"=2)
   6 - access("B"."BMDM" LIKE '01020201%')
       filter("B"."BMDM" LIKE '01020201%' AND ("B"."BMDM" LIKE '0101%' OR "B"."BMDM" 
              LIKE '010103%' OR "B"."BMDM" LIKE '0102%' OR "B"."BMDM" LIKE '010202010215%'))
   9 - access("G"."RQ">=TO_DATE(' 2017-06-01 00:00:00', 'syyyy-mm-dd hh24:mi:ss') AND 
              "G"."SKFS"="F"."CODE" AND "G"."DEPTID"="B"."DEPTID" AND "G"."RQ"<=TO_DATE(' 2017-06-29 
              00:00:00', 'syyyy-mm-dd hh24:mi:ss'))
       filter("G"."SKFS"="F"."CODE" AND "G"."DEPTID"="B"."DEPTID")
  10 - filter("G"."FDBH"=1 OR "G"."FDBH"=2)

2- Using SQL Profile
--------------------
Plan hash value: 1440775116

-----------------------------------------------------------------------------------
| Id  | Operation            | Name       | Rows  | Bytes | Cost (%CPU)| Time     |
-----------------------------------------------------------------------------------
|   0 | SELECT STATEMENT     |            |     3 |   162 | 16025   (1)| 00:03:13 |
|   1 |  SORT GROUP BY       |            |     3 |   162 | 16025   (1)| 00:03:13 |
|*  2 |   HASH JOIN          |            |   137 |  7398 | 16024   (1)| 00:03:13 |
|*  3 |    HASH JOIN         |            |   137 |  6439 | 16019   (1)| 00:03:13 |
|*  4 |     TABLE ACCESS FULL| BM         |    29 |   609 |     5   (0)| 00:00:01 |
|*  5 |     TABLE ACCESS FULL| GHDWSKFSXS |   951 | 24726 | 16014   (1)| 00:03:13 |
|   6 |    TABLE ACCESS FULL | SKFS       |   506 |  3542 |     5   (0)| 00:00:01 |
-----------------------------------------------------------------------------------
 
Predicate Information (identified by operation id):
---------------------------------------------------
 
   2 - access("G"."SKFS"="F"."CODE")
   3 - access("G"."DEPTID"="B"."DEPTID")
   4 - filter("B"."FDBH"=2 AND "B"."BMDM" LIKE '01020201%' AND ("B"."BMDM" 
              LIKE '0101%' OR "B"."BMDM" LIKE '010103%' OR "B"."BMDM" LIKE '0102%' OR 
              "B"."BMDM" LIKE '010202010215%'))
   5 - filter("G"."RQ">=TO_DATE(' 2017-06-01 00:00:00', 'syyyy-mm-dd 
              hh24:mi:ss') AND ("G"."FDBH"=1 OR "G"."FDBH"=2) AND "G"."RQ"<=TO_DATE(' 
              2017-06-29 00:00:00', 'syyyy-mm-dd hh24:mi:ss'))

3- Using Parallel Execution
---------------------------
Plan hash value: 3040659690

----------------------------------------------------------------------------------------------------------------------------
| Id  | Operation                        | Name       | Rows  | Bytes | Cost (%CPU)| Time     |    TQ  |IN-OUT| PQ Distrib |
----------------------------------------------------------------------------------------------------------------------------
|   0 | SELECT STATEMENT                 |            |     3 |   162 |   283   (2)| 00:00:04 |        |      |            |
|   1 |  PX COORDINATOR                  |            |       |       |            |          |        |      |            |
|   2 |   PX SEND QC (ORDER)             | :TQ10005   |     3 |   162 |   283   (2)| 00:00:04 |  Q1,05 | P->S | QC (ORDER) |
|   3 |    SORT GROUP BY                 |            |     3 |   162 |   283   (2)| 00:00:04 |  Q1,05 | PCWP |            |
|   4 |     PX RECEIVE                   |            |     3 |   162 |   283   (2)| 00:00:04 |  Q1,05 | PCWP |            |
|   5 |      PX SEND RANGE               | :TQ10004   |     3 |   162 |   283   (2)| 00:00:04 |  Q1,04 | P->P | RANGE      |
|   6 |       HASH GROUP BY              |            |     3 |   162 |   283   (2)| 00:00:04 |  Q1,04 | PCWP |            |
|*  7 |        HASH JOIN                 |            |   137 |  7398 |   282   (2)| 00:00:04 |  Q1,04 | PCWP |            |
|   8 |         JOIN FILTER CREATE       | :BF0000    |   137 |  6439 |   280   (2)| 00:00:04 |  Q1,04 | PCWP |            |
|   9 |          PX RECEIVE              |            |   137 |  6439 |   280   (2)| 00:00:04 |  Q1,04 | PCWP |            |
|  10 |           PX SEND HASH           | :TQ10002   |   137 |  6439 |   280   (2)| 00:00:04 |  Q1,02 | P->P | HASH       |
|* 11 |            HASH JOIN BUFFERED    |            |   137 |  6439 |   280   (2)| 00:00:04 |  Q1,02 | PCWP |            |
|  12 |             JOIN FILTER CREATE   | :BF0001    |    29 |   609 |     2   (0)| 00:00:01 |  Q1,02 | PCWP |            |
|  13 |              PX RECEIVE          |            |    29 |   609 |     2   (0)| 00:00:01 |  Q1,02 | PCWP |            |
|  14 |               PX SEND HASH       | :TQ10000   |    29 |   609 |     2   (0)| 00:00:01 |  Q1,00 | P->P | HASH       |
|  15 |                PX BLOCK ITERATOR |            |    29 |   609 |     2   (0)| 00:00:01 |  Q1,00 | PCWC |            |
|* 16 |                 TABLE ACCESS FULL| BM         |    29 |   609 |     2   (0)| 00:00:01 |  Q1,00 | PCWP |            |
|  17 |             PX RECEIVE           |            |   951 | 24726 |   278   (2)| 00:00:04 |  Q1,02 | PCWP |            |
|  18 |              PX SEND HASH        | :TQ10001   |   951 | 24726 |   278   (2)| 00:00:04 |  Q1,01 | P->P | HASH       |
|  19 |               JOIN FILTER USE    | :BF0001    |   951 | 24726 |   278   (2)| 00:00:04 |  Q1,01 | PCWP |            |
|  20 |                PX BLOCK ITERATOR |            |   951 | 24726 |   278   (2)| 00:00:04 |  Q1,01 | PCWC |            |
|* 21 |                 TABLE ACCESS FULL| GHDWSKFSXS |   951 | 24726 |   278   (2)| 00:00:04 |  Q1,01 | PCWP |            |
|  22 |         PX RECEIVE               |            |   506 |  3542 |     2   (0)| 00:00:01 |  Q1,04 | PCWP |            |
|  23 |          PX SEND HASH            | :TQ10003   |   506 |  3542 |     2   (0)| 00:00:01 |  Q1,03 | P->P | HASH       |
|  24 |           JOIN FILTER USE        | :BF0000    |   506 |  3542 |     2   (0)| 00:00:01 |  Q1,03 | PCWP |            |
|  25 |            PX BLOCK ITERATOR     |            |   506 |  3542 |     2   (0)| 00:00:01 |  Q1,03 | PCWC |            |
|* 26 |             TABLE ACCESS FULL    | SKFS       |   506 |  3542 |     2   (0)| 00:00:01 |  Q1,03 | PCWP |            |
----------------------------------------------------------------------------------------------------------------------------
 
Predicate Information (identified by operation id):
---------------------------------------------------
 
   7 - access("G"."SKFS"="F"."CODE")
  11 - access("G"."DEPTID"="B"."DEPTID")
  16 - filter("B"."FDBH"=2 AND "B"."BMDM" LIKE '01020201%' AND ("B"."BMDM" LIKE '0101%' OR "B"."BMDM" LIKE 
              '010103%' OR "B"."BMDM" LIKE '0102%' OR "B"."BMDM" LIKE '010202010215%'))
  21 - filter("G"."RQ">=TO_DATE(' 2017-06-01 00:00:00', 'syyyy-mm-dd hh24:mi:ss') AND ("G"."FDBH"=1 OR 
              "G"."FDBH"=2) AND "G"."RQ"<=TO_DATE(' 2017-06-29 00:00:00', 'syyyy-mm-dd hh24:mi:ss') AND 
              SYS_OP_BLOOM_FILTER(:BF0001,"G"."DEPTID"))
  26 - filter(SYS_OP_BLOOM_FILTER(:BF0000,"F"."CODE"))

-------------------------------------------------------------------------------
ALTERNATIVE PLANS SECTION
-------------------------------------------------------------------------------

Plan 1
------
 
  Plan Origin                 :Cursor Cache                  
  Plan Hash Value             :1527876461                    
  Executions                  :1                             
  Elapsed Time                :0.448 sec                     
  CPU Time                    :0.447 sec                     
  Buffer Gets                 :78280                         
  Disk Reads                  :0                             
  Disk Writes                 :0                             
 
Notes: 
  1. Statistics shown are averaged over multiple executions.
 
------------------------------------------------------------------------------------------------
| Id  | Operation                      | Name          | Rows  | Bytes | Cost (%CPU)| Time     |
------------------------------------------------------------------------------------------------
|   0 | SELECT STATEMENT               |               |     2 |   108 |  2690   (1)| 00:00:33 |
|   1 |  SORT GROUP BY                 |               |     2 |   108 |  2690   (1)| 00:00:33 |
|*  2 |   HASH JOIN                    |               |     2 |   108 |  2689   (1)| 00:00:33 |
|   3 |    TABLE ACCESS FULL           | SKFS          |   506 |  3542 |     5   (0)| 00:00:01 |
|   4 |    NESTED LOOPS                |               |     2 |    94 |  2684   (1)| 00:00:33 |
|   5 |     NESTED LOOPS               |               |  1192 |    94 |  2684   (1)| 00:00:33 |
|*  6 |      TABLE ACCESS FULL         | BM            |     1 |    21 |     5   (0)| 00:00:01 |
|*  7 |      INDEX RANGE SCAN          | PK_GHDWSKFSXS |  1192 |       |  1525   (1)| 00:00:19 |
|*  8 |     TABLE ACCESS BY INDEX ROWID| GHDWSKFSXS    |  1192 | 30992 |  2679   (1)| 00:00:33 |
------------------------------------------------------------------------------------------------
 
Predicate Information (identified by operation id):
---------------------------------------------------
 
   2 - access("G"."SKFS"="F"."CODE")
   6 - filter("B"."FDBH"=2 AND "B"."BMDM" LIKE '01020201%' AND ("B"."BMDM" LIKE '0101%' 
              OR "B"."BMDM" LIKE '010103%' OR "B"."BMDM" LIKE '0102%' OR "B"."BMDM" LIKE 
              '010202010215%'))
   7 - access("G"."RQ">=TO_DATE(' 2017-06-01 00:00:00', 'syyyy-mm-dd hh24:mi:ss') AND 
              "G"."DEPTID"="B"."DEPTID" AND "G"."RQ"<=TO_DATE(' 2017-06-29 00:00:00', 'syyyy-mm-dd 
              hh24:mi:ss'))
       filter("G"."DEPTID"="B"."DEPTID")
   8 - filter("G"."FDBH"=1 OR "G"."FDBH"=2)

Plan 2
------
 
  Plan Origin                 :Cursor Cache                  
  Plan Hash Value             :2968500907                    
  Executions                  :2                             
  Elapsed Time                :197.659 sec                   
  CPU Time                    :197.230 sec                   
  Buffer Gets                 :15227177                      
  Disk Reads                  :0                             
  Disk Writes                 :0                             
 
Notes: 
  1. Statistics shown are averaged over multiple executions.
  2. The plan matches the original plan.
 
-------------------------------------------------------------------------------------------------
| Id  | Operation                       | Name          | Rows  | Bytes | Cost (%CPU)| Time     |
-------------------------------------------------------------------------------------------------
|   0 | SELECT STATEMENT                |               |     2 |   108 |  1537   (1)| 00:00:19 |
|   1 |  SORT GROUP BY                  |               |     2 |   108 |  1537   (1)| 00:00:19 |
|   2 |   NESTED LOOPS                  |               |     2 |   108 |  1536   (1)| 00:00:19 |
|   3 |    NESTED LOOPS                 |               |     3 |   108 |  1536   (1)| 00:00:19 |
|   4 |     MERGE JOIN CARTESIAN        |               |     1 |    28 |     8   (0)| 00:00:01 |
|*  5 |      TABLE ACCESS BY INDEX ROWID| BM            |     1 |    21 |     3   (0)| 00:00:01 |
|*  6 |       INDEX RANGE SCAN          | BM_BMDM       |     1 |       |     2   (0)| 00:00:01 |
|   7 |      BUFFER SORT                |               |   506 |  3542 |     5   (0)| 00:00:01 |
|   8 |       TABLE ACCESS FULL         | SKFS          |   506 |  3542 |     5   (0)| 00:00:01 |
|*  9 |     INDEX RANGE SCAN            | PK_GHDWSKFSXS |     3 |       |  1525   (1)| 00:00:19 |
|* 10 |    TABLE ACCESS BY INDEX ROWID  | GHDWSKFSXS    |     2 |    52 |  1528   (1)| 00:00:19 |
-------------------------------------------------------------------------------------------------
 
Predicate Information (identified by operation id):
---------------------------------------------------
 
   5 - filter("B"."FDBH"=2)
   6 - access("B"."BMDM" LIKE '01020201%')
       filter("B"."BMDM" LIKE '01020201%' AND ("B"."BMDM" LIKE '0101%' OR "B"."BMDM" 
              LIKE '010103%' OR "B"."BMDM" LIKE '0102%' OR "B"."BMDM" LIKE '010202010215%'))
   9 - access("G"."RQ">=TO_DATE(' 2017-06-01 00:00:00', 'syyyy-mm-dd hh24:mi:ss') AND 
              "G"."SKFS"="F"."CODE" AND "G"."DEPTID"="B"."DEPTID" AND "G"."RQ"<=TO_DATE(' 2017-06-29 
              00:00:00', 'syyyy-mm-dd hh24:mi:ss'))
       filter("G"."SKFS"="F"."CODE" AND "G"."DEPTID"="B"."DEPTID")
  10 - filter("G"."FDBH"=1 OR "G"."FDBH"=2)

-------------------------------------------------------------------------------
```

下图是在OEM中显示的优化对比分析，更为直观
![](http://oligvdnzp.bkt.clouddn.com/0630_sql_tune_02.png)

### 结合优化建议报告手动执行优化
``` perl
##接受推荐的 SQL 概要文件。
execute dbms_sqltune.accept_sql_profile(task_name => 'TASK_29855', task_owner => 'SYS', replace => TRUE);
```
